2019-10-23 20:17:54,189 INFO org.springframework.boot.StartupInfoLogger [main] Starting LogisticsApplication on MKIT_LENOVO41 with PID 21608 (C:\Users\ndimsic\Desktop\promist-logistics\server\target\classes started by ndimsic in C:\Users\ndimsic\Desktop\promist-logistics\server)
2019-10-23 20:17:54,197 DEBUG org.springframework.boot.StartupInfoLogger [main] Running with Spring Boot v2.1.7.RELEASE, Spring v5.1.9.RELEASE
2019-10-23 20:17:54,197 INFO org.springframework.boot.SpringApplication [main] No active profile set, falling back to default profiles: default
2019-10-23 20:17:56,589 INFO org.springframework.data.repository.config.RepositoryConfigurationDelegate [main] Bootstrapping Spring Data repositories in DEFAULT mode.
2019-10-23 20:17:56,907 INFO org.springframework.data.repository.config.RepositoryConfigurationDelegate [main] Finished Spring Data repository scanning in 295ms. Found 11 repository interfaces.
2019-10-23 20:17:57,795 INFO org.springframework.context.support.PostProcessorRegistrationDelegate$BeanPostProcessorChecker [main] Bean 'org.springframework.transaction.annotation.ProxyTransactionManagementConfiguration' of type [org.springframework.transaction.annotation.ProxyTransactionManagementConfiguration$$EnhancerBySpringCGLIB$$70cc5e82] is not eligible for getting processed by all BeanPostProcessors (for example: not eligible for auto-proxying)
2019-10-23 20:17:57,889 INFO org.springframework.context.support.PostProcessorRegistrationDelegate$BeanPostProcessorChecker [main] Bean 'org.springframework.security.config.annotation.configuration.ObjectPostProcessorConfiguration' of type [org.springframework.security.config.annotation.configuration.ObjectPostProcessorConfiguration$$EnhancerBySpringCGLIB$$97a26bc] is not eligible for getting processed by all BeanPostProcessors (for example: not eligible for auto-proxying)
2019-10-23 20:17:57,898 INFO org.springframework.context.support.PostProcessorRegistrationDelegate$BeanPostProcessorChecker [main] Bean 'objectPostProcessor' of type [org.springframework.security.config.annotation.configuration.AutowireBeanFactoryObjectPostProcessor] is not eligible for getting processed by all BeanPostProcessors (for example: not eligible for auto-proxying)
2019-10-23 20:17:57,905 INFO org.springframework.context.support.PostProcessorRegistrationDelegate$BeanPostProcessorChecker [main] Bean 'org.springframework.security.access.expression.method.DefaultMethodSecurityExpressionHandler@1e63d216' of type [org.springframework.security.access.expression.method.DefaultMethodSecurityExpressionHandler] is not eligible for getting processed by all BeanPostProcessors (for example: not eligible for auto-proxying)
2019-10-23 20:17:57,913 INFO org.springframework.context.support.PostProcessorRegistrationDelegate$BeanPostProcessorChecker [main] Bean 'org.springframework.security.config.annotation.method.configuration.GlobalMethodSecurityConfiguration' of type [org.springframework.security.config.annotation.method.configuration.GlobalMethodSecurityConfiguration$$EnhancerBySpringCGLIB$$2e4ec96e] is not eligible for getting processed by all BeanPostProcessors (for example: not eligible for auto-proxying)
2019-10-23 20:17:57,921 INFO org.springframework.context.support.PostProcessorRegistrationDelegate$BeanPostProcessorChecker [main] Bean 'methodSecurityMetadataSource' of type [org.springframework.security.access.method.DelegatingMethodSecurityMetadataSource] is not eligible for getting processed by all BeanPostProcessors (for example: not eligible for auto-proxying)
2019-10-23 20:17:59,024 INFO org.springframework.boot.web.embedded.tomcat.TomcatWebServer [main] Tomcat initialized with port(s): 8080 (http)
2019-10-23 20:17:59,066 INFO org.apache.juli.logging.DirectJDKLog [main] Initializing ProtocolHandler ["http-nio-8080"]
2019-10-23 20:17:59,092 INFO org.apache.juli.logging.DirectJDKLog [main] Starting service [Tomcat]
2019-10-23 20:17:59,093 INFO org.apache.juli.logging.DirectJDKLog [main] Starting Servlet engine: [Apache Tomcat/9.0.22]
2019-10-23 20:17:59,437 INFO org.apache.juli.logging.DirectJDKLog [main] Initializing Spring embedded WebApplicationContext
2019-10-23 20:17:59,438 INFO org.springframework.boot.web.servlet.context.ServletWebServerApplicationContext [main] Root WebApplicationContext: initialization completed in 5167 ms
2019-10-23 20:18:00,234 INFO com.zaxxer.hikari.HikariDataSource [main] HikariPool-1 - Starting...
2019-10-23 20:18:00,624 INFO com.zaxxer.hikari.HikariDataSource [main] HikariPool-1 - Start completed.
2019-10-23 20:18:00,836 INFO org.hibernate.jpa.internal.util.LogHelper [main] HHH000204: Processing PersistenceUnitInfo [
	name: default
	...]
2019-10-23 20:18:01,043 INFO org.hibernate.Version [main] HHH000412: Hibernate Core {5.3.10.Final}
2019-10-23 20:18:01,049 INFO org.hibernate.cfg.Environment [main] HHH000206: hibernate.properties not found
2019-10-23 20:18:01,417 INFO org.hibernate.annotations.common.reflection.java.JavaReflectionManager [main] HCANN000001: Hibernate Commons Annotations {5.0.4.Final}
2019-10-23 20:18:01,802 INFO org.hibernate.dialect.Dialect [main] HHH000400: Using dialect: org.hibernate.dialect.MySQL5Dialect
2019-10-23 20:18:10,720 INFO org.hibernate.tool.schema.internal.SchemaCreatorImpl [main] HHH000476: Executing import script 'org.hibernate.tool.schema.internal.exec.ScriptSourceInputNonExistentImpl@23bd047f'
2019-10-23 20:18:10,735 INFO org.springframework.orm.jpa.AbstractEntityManagerFactoryBean [main] Initialized JPA EntityManagerFactory for persistence unit 'default'
2019-10-23 20:18:13,929 DEBUG org.springframework.web.filter.GenericFilterBean [main] Filter 'authenticationJwtTokenFilter' configured for use
2019-10-23 20:18:17,539 WARN org.springframework.boot.autoconfigure.orm.jpa.JpaBaseConfiguration$JpaWebConfiguration$JpaWebMvcConfiguration [main] spring.jpa.open-in-view is enabled by default. Therefore, database queries may be performed during view rendering. Explicitly configure spring.jpa.open-in-view to disable this warning
2019-10-23 20:18:17,949 INFO org.springframework.boot.autoconfigure.web.servlet.WelcomePageHandlerMapping [main] Adding welcome page: class path resource [static/index.html]
2019-10-23 20:18:18,121 INFO org.springframework.security.web.DefaultSecurityFilterChain [main] Creating filter chain: any request, [org.springframework.security.web.context.request.async.WebAsyncManagerIntegrationFilter@1d7f7962, org.springframework.security.web.context.SecurityContextPersistenceFilter@71ee2fff, org.springframework.security.web.header.HeaderWriterFilter@48d31d25, org.springframework.web.filter.CorsFilter@32d1d6c5, org.springframework.security.web.authentication.logout.LogoutFilter@b76b7d8, com.promist.logistics.security.JwtAuthTokenFilter@2fd4312a, org.springframework.security.web.savedrequest.RequestCacheAwareFilter@37fca349, org.springframework.security.web.servletapi.SecurityContextHolderAwareRequestFilter@14d81f2c, org.springframework.security.web.authentication.AnonymousAuthenticationFilter@4a5b38e6, org.springframework.security.web.session.SessionManagementFilter@d978ab9, org.springframework.security.web.access.ExceptionTranslationFilter@5b59c3d, org.springframework.security.web.access.intercept.FilterSecurityInterceptor@3275a47f]
2019-10-23 20:18:18,804 INFO org.springframework.scheduling.concurrent.ExecutorConfigurationSupport [main] Initializing ExecutorService 'applicationTaskExecutor'
2019-10-23 20:18:20,214 INFO org.apache.juli.logging.DirectJDKLog [main] Starting ProtocolHandler ["http-nio-8080"]
2019-10-23 20:18:20,480 INFO org.springframework.boot.web.embedded.tomcat.TomcatWebServer [main] Tomcat started on port(s): 8080 (http) with context path ''
2019-10-23 20:18:20,832 INFO org.springframework.boot.StartupInfoLogger [main] Started LogisticsApplication in 27.694 seconds (JVM running for 29.679)
2019-10-23 20:18:45,503 INFO org.apache.juli.logging.DirectJDKLog [http-nio-8080-exec-10] Initializing Spring DispatcherServlet 'dispatcherServlet'
2019-10-23 20:18:45,507 INFO org.springframework.web.servlet.FrameworkServlet [http-nio-8080-exec-10] Initializing Servlet 'dispatcherServlet'
2019-10-23 20:18:45,528 INFO org.springframework.web.servlet.FrameworkServlet [http-nio-8080-exec-10] Completed initialization in 19 ms
2019-10-23 20:18:46,215 INFO org.hibernate.hql.internal.QueryTranslatorFactoryInitiator [http-nio-8080-exec-9] HHH000397: Using ASTQueryTranslatorFactory
2019-10-23 20:18:46,889 ERROR com.promist.logistics.security.JwtAuthEntryPoint [http-nio-8080-exec-9] Unauthorized error. Message - Bad credentials
2019-10-23 20:19:30,572 INFO com.promist.logistics.service.MarlepServiceImpl [http-nio-8080-exec-7] USPESNO->Datum:2019-10-23 Smer:ulaz  Kolicina1212.0 Novo stanje:1212.0 Magacin:Novi Sad, Privrednikova 6 Pakovanje:25/1 Roba:NPK 16:16:16 Lot:10-2019 Korisnik:1
2019-10-23 20:19:30,602 INFO com.promist.logistics.controller.MarlepController [http-nio-8080-exec-7] USPESNO->Datum:2019-10-17Smer:ulaz  Kolicina1212.0 Novo stanje:1212.0 Magacin:Novi Sad, Privrednikova 6 Pakovanje:25/1 Roba:NPK 16:16:16 Lot:10-2019 Korisnik:1
2019-10-23 20:20:24,758 INFO com.promist.logistics.service.MarlepServiceImpl [http-nio-8080-exec-6] USPESNO->Datum:2019-10-23 Smer:ulaz dobavljac Kolicina1212.0 Novo stanje:1212.0 Magacin:Novi Sad, Ribarska 3 Pakovanje:50/1 Roba:NPK 15:15:15 Lot:16-2019 Korisnik:1
2019-10-23 20:20:24,769 INFO com.promist.logistics.controller.MarlepController [http-nio-8080-exec-6] USPESNO->Datum:2019-10-18Smer:ulaz dobavljac Kolicina1212.0 Novo stanje:1212.0 Magacin:Novi Sad, Ribarska 3 Pakovanje:50/1 Roba:NPK 15:15:15 Lot:16-2019 Korisnik:1
