2020-03-08 18:27:48,027 INFO org.springframework.boot.StartupInfoLogger [main] Starting LogisticsApplication v0.0.1-SNAPSHOT on MKIT_LENOVO41 with PID 22568 (C:\Users\ndimsic\Desktop\promist?latest\promist-logistics\target\logistics-0.0.1-SNAPSHOT.jar started by Administrator in C:\Users\ndimsic\Desktop\promist?latest\promist-logistics)
2020-03-08 18:27:48,032 DEBUG org.springframework.boot.StartupInfoLogger [main] Running with Spring Boot v2.1.7.RELEASE, Spring v5.1.9.RELEASE
2020-03-08 18:27:48,033 INFO org.springframework.boot.SpringApplication [main] No active profile set, falling back to default profiles: default
2020-03-08 18:27:49,232 INFO org.springframework.data.repository.config.RepositoryConfigurationDelegate [main] Bootstrapping Spring Data repositories in DEFAULT mode.
2020-03-08 18:27:49,371 INFO org.springframework.data.repository.config.RepositoryConfigurationDelegate [main] Finished Spring Data repository scanning in 125ms. Found 11 repository interfaces.
2020-03-08 18:27:49,817 INFO org.springframework.context.support.PostProcessorRegistrationDelegate$BeanPostProcessorChecker [main] Bean 'org.springframework.transaction.annotation.ProxyTransactionManagementConfiguration' of type [org.springframework.transaction.annotation.ProxyTransactionManagementConfiguration$$EnhancerBySpringCGLIB$$df0c0a7] is not eligible for getting processed by all BeanPostProcessors (for example: not eligible for auto-proxying)
2020-03-08 18:27:49,860 INFO org.springframework.context.support.PostProcessorRegistrationDelegate$BeanPostProcessorChecker [main] Bean 'org.springframework.security.config.annotation.configuration.ObjectPostProcessorConfiguration' of type [org.springframework.security.config.annotation.configuration.ObjectPostProcessorConfiguration$$EnhancerBySpringCGLIB$$a69e88e1] is not eligible for getting processed by all BeanPostProcessors (for example: not eligible for auto-proxying)
2020-03-08 18:27:49,865 INFO org.springframework.context.support.PostProcessorRegistrationDelegate$BeanPostProcessorChecker [main] Bean 'objectPostProcessor' of type [org.springframework.security.config.annotation.configuration.AutowireBeanFactoryObjectPostProcessor] is not eligible for getting processed by all BeanPostProcessors (for example: not eligible for auto-proxying)
2020-03-08 18:27:49,869 INFO org.springframework.context.support.PostProcessorRegistrationDelegate$BeanPostProcessorChecker [main] Bean 'org.springframework.security.access.expression.method.DefaultMethodSecurityExpressionHandler@3857f613' of type [org.springframework.security.access.expression.method.DefaultMethodSecurityExpressionHandler] is not eligible for getting processed by all BeanPostProcessors (for example: not eligible for auto-proxying)
2020-03-08 18:27:49,874 INFO org.springframework.context.support.PostProcessorRegistrationDelegate$BeanPostProcessorChecker [main] Bean 'org.springframework.security.config.annotation.method.configuration.GlobalMethodSecurityConfiguration' of type [org.springframework.security.config.annotation.method.configuration.GlobalMethodSecurityConfiguration$$EnhancerBySpringCGLIB$$cb732b93] is not eligible for getting processed by all BeanPostProcessors (for example: not eligible for auto-proxying)
2020-03-08 18:27:49,893 INFO org.springframework.context.support.PostProcessorRegistrationDelegate$BeanPostProcessorChecker [main] Bean 'methodSecurityMetadataSource' of type [org.springframework.security.access.method.DelegatingMethodSecurityMetadataSource] is not eligible for getting processed by all BeanPostProcessors (for example: not eligible for auto-proxying)
2020-03-08 18:27:50,983 INFO org.springframework.boot.web.embedded.tomcat.TomcatWebServer [main] Tomcat initialized with port(s): 8080 (http)
2020-03-08 18:27:51,134 INFO org.apache.juli.logging.DirectJDKLog [main] Initializing ProtocolHandler ["http-nio-8080"]
2020-03-08 18:27:51,148 INFO org.apache.juli.logging.DirectJDKLog [main] Starting service [Tomcat]
2020-03-08 18:27:51,149 INFO org.apache.juli.logging.DirectJDKLog [main] Starting Servlet engine: [Apache Tomcat/9.0.22]
2020-03-08 18:27:51,316 INFO org.apache.juli.logging.DirectJDKLog [main] Initializing Spring embedded WebApplicationContext
2020-03-08 18:27:51,316 INFO org.springframework.boot.web.servlet.context.ServletWebServerApplicationContext [main] Root WebApplicationContext: initialization completed in 3220 ms
2020-03-08 18:27:51,719 INFO com.zaxxer.hikari.HikariDataSource [main] HikariPool-1 - Starting...
2020-03-08 18:27:51,993 INFO com.zaxxer.hikari.HikariDataSource [main] HikariPool-1 - Start completed.
2020-03-08 18:27:52,070 INFO org.hibernate.jpa.internal.util.LogHelper [main] HHH000204: Processing PersistenceUnitInfo [
	name: default
	...]
2020-03-08 18:27:52,207 INFO org.hibernate.Version [main] HHH000412: Hibernate Core {5.3.10.Final}
2020-03-08 18:27:52,211 INFO org.hibernate.cfg.Environment [main] HHH000206: hibernate.properties not found
2020-03-08 18:27:52,371 INFO org.hibernate.annotations.common.reflection.java.JavaReflectionManager [main] HCANN000001: Hibernate Commons Annotations {5.0.4.Final}
2020-03-08 18:27:53,087 INFO org.hibernate.dialect.Dialect [main] HHH000400: Using dialect: org.hibernate.dialect.MySQL5Dialect
2020-03-08 18:28:00,938 INFO org.springframework.orm.jpa.AbstractEntityManagerFactoryBean [main] Initialized JPA EntityManagerFactory for persistence unit 'default'
2020-03-08 18:28:02,006 DEBUG org.springframework.web.filter.GenericFilterBean [main] Filter 'authenticationJwtTokenFilter' configured for use
2020-03-08 18:28:02,857 WARN org.springframework.boot.autoconfigure.orm.jpa.JpaBaseConfiguration$JpaWebConfiguration$JpaWebMvcConfiguration [main] spring.jpa.open-in-view is enabled by default. Therefore, database queries may be performed during view rendering. Explicitly configure spring.jpa.open-in-view to disable this warning
2020-03-08 18:28:02,961 INFO org.springframework.boot.autoconfigure.web.servlet.WelcomePageHandlerMapping [main] Adding welcome page: class path resource [static/index.html]
2020-03-08 18:28:03,025 INFO org.springframework.security.web.DefaultSecurityFilterChain [main] Creating filter chain: any request, [org.springframework.security.web.context.request.async.WebAsyncManagerIntegrationFilter@4f449e8f, org.springframework.security.web.context.SecurityContextPersistenceFilter@1286528d, org.springframework.security.web.header.HeaderWriterFilter@1144a55a, org.springframework.web.filter.CorsFilter@411291e5, org.springframework.security.web.authentication.logout.LogoutFilter@2228db21, com.promist.logistics.security.JwtAuthTokenFilter@1ad777f, org.springframework.security.web.savedrequest.RequestCacheAwareFilter@33a630fa, org.springframework.security.web.servletapi.SecurityContextHolderAwareRequestFilter@7b22ec89, org.springframework.security.web.authentication.AnonymousAuthenticationFilter@6e28bb87, org.springframework.security.web.session.SessionManagementFilter@26a529dc, org.springframework.security.web.access.ExceptionTranslationFilter@779dfe55, org.springframework.security.web.access.intercept.FilterSecurityInterceptor@5b6e8f77]
2020-03-08 18:28:03,276 INFO org.springframework.scheduling.concurrent.ExecutorConfigurationSupport [main] Initializing ExecutorService 'applicationTaskExecutor'
2020-03-08 18:28:03,561 INFO org.apache.juli.logging.DirectJDKLog [main] Starting ProtocolHandler ["http-nio-8080"]
2020-03-08 18:28:03,598 INFO org.springframework.boot.web.embedded.tomcat.TomcatWebServer [main] Tomcat started on port(s): 8080 (http) with context path ''
2020-03-08 18:28:03,601 INFO org.springframework.boot.StartupInfoLogger [main] Started LogisticsApplication in 16.293 seconds (JVM running for 17.501)
2020-03-08 18:30:02,744 INFO org.apache.juli.logging.DirectJDKLog [http-nio-8080-exec-1] Initializing Spring DispatcherServlet 'dispatcherServlet'
2020-03-08 18:30:02,745 INFO org.springframework.web.servlet.FrameworkServlet [http-nio-8080-exec-1] Initializing Servlet 'dispatcherServlet'
2020-03-08 18:30:02,761 INFO org.springframework.web.servlet.FrameworkServlet [http-nio-8080-exec-1] Completed initialization in 16 ms
2020-03-08 18:30:03,293 INFO org.hibernate.hql.internal.QueryTranslatorFactoryInitiator [http-nio-8080-exec-2] HHH000397: Using ASTQueryTranslatorFactory
2020-03-08 18:30:03,684 ERROR com.promist.logistics.security.JwtAuthEntryPoint [http-nio-8080-exec-2] Unauthorized error. Message - Bad credentials
2020-03-08 23:01:10,010 INFO org.springframework.scheduling.concurrent.ExecutorConfigurationSupport [Thread-3] Shutting down ExecutorService 'applicationTaskExecutor'
2020-03-08 23:01:10,044 INFO org.springframework.orm.jpa.AbstractEntityManagerFactoryBean [Thread-3] Closing JPA EntityManagerFactory for persistence unit 'default'
2020-03-08 23:01:10,086 INFO com.zaxxer.hikari.HikariDataSource [Thread-3] HikariPool-1 - Shutdown initiated...
2020-03-08 23:01:10,099 INFO com.zaxxer.hikari.HikariDataSource [Thread-3] HikariPool-1 - Shutdown completed.
