2019-09-22 07:31:01,695 INFO org.springframework.boot.StartupInfoLogger [main] Starting LogisticsApplication on MKIT_LENOVO41 with PID 2508 (C:\Users\ndimsic\Desktop\promist-logistics\server\target\classes started by ndimsic in C:\Users\ndimsic\Desktop\promist-logistics\server)
2019-09-22 07:31:01,699 DEBUG org.springframework.boot.StartupInfoLogger [main] Running with Spring Boot v2.1.7.RELEASE, Spring v5.1.9.RELEASE
2019-09-22 07:31:01,703 INFO org.springframework.boot.SpringApplication [main] No active profile set, falling back to default profiles: default
2019-09-22 07:31:03,656 INFO org.springframework.data.repository.config.RepositoryConfigurationDelegate [main] Bootstrapping Spring Data repositories in DEFAULT mode.
2019-09-22 07:31:03,981 INFO org.springframework.data.repository.config.RepositoryConfigurationDelegate [main] Finished Spring Data repository scanning in 298ms. Found 11 repository interfaces.
2019-09-22 07:31:04,834 INFO org.springframework.context.support.PostProcessorRegistrationDelegate$BeanPostProcessorChecker [main] Bean 'org.springframework.transaction.annotation.ProxyTransactionManagementConfiguration' of type [org.springframework.transaction.annotation.ProxyTransactionManagementConfiguration$$EnhancerBySpringCGLIB$$d7d82d60] is not eligible for getting processed by all BeanPostProcessors (for example: not eligible for auto-proxying)
2019-09-22 07:31:04,938 INFO org.springframework.context.support.PostProcessorRegistrationDelegate$BeanPostProcessorChecker [main] Bean 'org.springframework.security.config.annotation.configuration.ObjectPostProcessorConfiguration' of type [org.springframework.security.config.annotation.configuration.ObjectPostProcessorConfiguration$$EnhancerBySpringCGLIB$$7085f59a] is not eligible for getting processed by all BeanPostProcessors (for example: not eligible for auto-proxying)
2019-09-22 07:31:04,954 INFO org.springframework.context.support.PostProcessorRegistrationDelegate$BeanPostProcessorChecker [main] Bean 'objectPostProcessor' of type [org.springframework.security.config.annotation.configuration.AutowireBeanFactoryObjectPostProcessor] is not eligible for getting processed by all BeanPostProcessors (for example: not eligible for auto-proxying)
2019-09-22 07:31:04,957 INFO org.springframework.context.support.PostProcessorRegistrationDelegate$BeanPostProcessorChecker [main] Bean 'org.springframework.security.access.expression.method.DefaultMethodSecurityExpressionHandler@4d33940d' of type [org.springframework.security.access.expression.method.DefaultMethodSecurityExpressionHandler] is not eligible for getting processed by all BeanPostProcessors (for example: not eligible for auto-proxying)
2019-09-22 07:31:04,963 INFO org.springframework.context.support.PostProcessorRegistrationDelegate$BeanPostProcessorChecker [main] Bean 'org.springframework.security.config.annotation.method.configuration.GlobalMethodSecurityConfiguration' of type [org.springframework.security.config.annotation.method.configuration.GlobalMethodSecurityConfiguration$$EnhancerBySpringCGLIB$$955a984c] is not eligible for getting processed by all BeanPostProcessors (for example: not eligible for auto-proxying)
2019-09-22 07:31:04,970 INFO org.springframework.context.support.PostProcessorRegistrationDelegate$BeanPostProcessorChecker [main] Bean 'methodSecurityMetadataSource' of type [org.springframework.security.access.method.DelegatingMethodSecurityMetadataSource] is not eligible for getting processed by all BeanPostProcessors (for example: not eligible for auto-proxying)
2019-09-22 07:31:06,034 INFO org.springframework.boot.web.embedded.tomcat.TomcatWebServer [main] Tomcat initialized with port(s): 8080 (http)
2019-09-22 07:31:06,128 INFO org.apache.juli.logging.DirectJDKLog [main] Initializing ProtocolHandler ["http-nio-8080"]
2019-09-22 07:31:06,195 INFO org.apache.juli.logging.DirectJDKLog [main] Starting service [Tomcat]
2019-09-22 07:31:06,195 INFO org.apache.juli.logging.DirectJDKLog [main] Starting Servlet engine: [Apache Tomcat/9.0.22]
2019-09-22 07:31:08,409 INFO org.apache.juli.logging.DirectJDKLog [main] Initializing Spring embedded WebApplicationContext
2019-09-22 07:31:08,409 INFO org.springframework.boot.web.servlet.context.ServletWebServerApplicationContext [main] Root WebApplicationContext: initialization completed in 6658 ms
2019-09-22 07:31:09,027 INFO com.zaxxer.hikari.HikariDataSource [main] HikariPool-1 - Starting...
2019-09-22 07:31:09,434 INFO com.zaxxer.hikari.HikariDataSource [main] HikariPool-1 - Start completed.
2019-09-22 07:31:09,604 INFO org.hibernate.jpa.internal.util.LogHelper [main] HHH000204: Processing PersistenceUnitInfo [
	name: default
	...]
2019-09-22 07:31:09,816 INFO org.hibernate.Version [main] HHH000412: Hibernate Core {5.3.10.Final}
2019-09-22 07:31:09,822 INFO org.hibernate.cfg.Environment [main] HHH000206: hibernate.properties not found
2019-09-22 07:31:10,250 INFO org.hibernate.annotations.common.reflection.java.JavaReflectionManager [main] HCANN000001: Hibernate Commons Annotations {5.0.4.Final}
2019-09-22 07:31:10,726 INFO org.hibernate.dialect.Dialect [main] HHH000400: Using dialect: org.hibernate.dialect.MySQL5Dialect
2019-09-22 07:31:21,966 INFO org.hibernate.tool.schema.internal.SchemaCreatorImpl [main] HHH000476: Executing import script 'org.hibernate.tool.schema.internal.exec.ScriptSourceInputNonExistentImpl@4eb63dc8'
2019-09-22 07:31:21,983 INFO org.springframework.orm.jpa.AbstractEntityManagerFactoryBean [main] Initialized JPA EntityManagerFactory for persistence unit 'default'
2019-09-22 07:31:22,896 DEBUG org.springframework.web.filter.GenericFilterBean [main] Filter 'authenticationJwtTokenFilter' configured for use
2019-09-22 07:31:24,637 WARN org.springframework.boot.autoconfigure.orm.jpa.JpaBaseConfiguration$JpaWebConfiguration$JpaWebMvcConfiguration [main] spring.jpa.open-in-view is enabled by default. Therefore, database queries may be performed during view rendering. Explicitly configure spring.jpa.open-in-view to disable this warning
2019-09-22 07:31:24,793 INFO org.springframework.boot.autoconfigure.web.servlet.WelcomePageHandlerMapping [main] Adding welcome page: class path resource [static/index.html]
2019-09-22 07:31:24,845 INFO org.springframework.security.web.DefaultSecurityFilterChain [main] Creating filter chain: any request, [org.springframework.security.web.context.request.async.WebAsyncManagerIntegrationFilter@1214c98b, org.springframework.security.web.context.SecurityContextPersistenceFilter@60bc308b, org.springframework.security.web.header.HeaderWriterFilter@43778371, org.springframework.web.filter.CorsFilter@6ab50d1c, org.springframework.security.web.authentication.logout.LogoutFilter@1c788d08, com.promist.logistics.security.JwtAuthTokenFilter@62de73eb, org.springframework.security.web.savedrequest.RequestCacheAwareFilter@43f99817, org.springframework.security.web.servletapi.SecurityContextHolderAwareRequestFilter@4946485c, org.springframework.security.web.authentication.AnonymousAuthenticationFilter@6e0d058a, org.springframework.security.web.session.SessionManagementFilter@3e2c8ef, org.springframework.security.web.access.ExceptionTranslationFilter@d6d683e, org.springframework.security.web.access.intercept.FilterSecurityInterceptor@75959b0c]
2019-09-22 07:31:25,169 INFO org.springframework.scheduling.concurrent.ExecutorConfigurationSupport [main] Initializing ExecutorService 'applicationTaskExecutor'
2019-09-22 07:31:25,662 INFO org.apache.juli.logging.DirectJDKLog [main] Starting ProtocolHandler ["http-nio-8080"]
2019-09-22 07:31:25,720 INFO org.springframework.boot.web.embedded.tomcat.TomcatWebServer [main] Tomcat started on port(s): 8080 (http) with context path ''
2019-09-22 07:31:25,723 INFO org.springframework.boot.StartupInfoLogger [main] Started LogisticsApplication in 24.742 seconds (JVM running for 32.747)
2019-09-22 07:31:48,046 INFO org.apache.juli.logging.DirectJDKLog [http-nio-8080-exec-1] Initializing Spring DispatcherServlet 'dispatcherServlet'
2019-09-22 07:31:48,050 INFO org.springframework.web.servlet.FrameworkServlet [http-nio-8080-exec-1] Initializing Servlet 'dispatcherServlet'
2019-09-22 07:31:48,071 INFO org.springframework.web.servlet.FrameworkServlet [http-nio-8080-exec-1] Completed initialization in 21 ms
2019-09-22 07:31:49,043 INFO org.hibernate.hql.internal.QueryTranslatorFactoryInitiator [http-nio-8080-exec-2] HHH000397: Using ASTQueryTranslatorFactory
2019-09-22 07:33:09,297 INFO com.promist.logistics.service.MarlepServiceImpl [http-nio-8080-exec-9] USPESNO->Datum:22-09-2019 Smer:ulaz kupac Kolicina1000.0 Novo stanje:1000.0 Magacin:Novi Sad, Privrednikova 6 Pakovanje:rinfuz Roba:NPK 16:16:16 Lot:1-2019 Korisnik:1
2019-09-22 07:33:09,324 INFO com.promist.logistics.controller.MarlepController [http-nio-8080-exec-9] USPESNO->Datum:22-09-2019Smer:ulaz kupac Kolicina1000.0 Novo stanje:1000.0 Magacin:Novi Sad, Privrednikova 6 Pakovanje:rinfuz Roba:NPK 16:16:16 Lot:1-2019 Korisnik:1
2019-09-22 07:45:28,286 INFO com.promist.logistics.service.MarlepServiceImpl [http-nio-8080-exec-5] NEUSPESNO->Datum:22-09-2019Smer: pakovanje Potrebna Kolicina2.5 Stanje:0.0 Magacin:Novi Sad, Privrednikova 6 Pakovanje:1000/1 neegal Roba:NPK 16:16:16 Lot:1-2019 Korisnik:1
2019-09-22 07:50:25,890 INFO com.promist.logistics.service.MarlepServiceImpl [http-nio-8080-exec-2] USPESNO->Datum:22-09-2019 Smer:ulaz kupac Kolicina1000.0 Novo stanje:1000.0 Magacin:Novi Sad, Privrednikova 6 Pakovanje:25/1 Roba:NPK 16:16:16 Lot:1-2019 Korisnik:1
2019-09-22 07:50:25,899 INFO com.promist.logistics.controller.MarlepController [http-nio-8080-exec-2] USPESNO->Datum:22-09-2019Smer:ulaz kupac Kolicina1000.0 Novo stanje:1000.0 Magacin:Novi Sad, Privrednikova 6 Pakovanje:25/1 Roba:NPK 16:16:16 Lot:1-2019 Korisnik:1
2019-09-22 08:06:48,600 INFO org.springframework.boot.StartupInfoLogger [main] Starting LogisticsApplication on MKIT_LENOVO41 with PID 2420 (C:\Users\ndimsic\Desktop\promist-logistics\server\target\classes started by ndimsic in C:\Users\ndimsic\Desktop\promist-logistics\server)
2019-09-22 08:06:48,604 DEBUG org.springframework.boot.StartupInfoLogger [main] Running with Spring Boot v2.1.7.RELEASE, Spring v5.1.9.RELEASE
2019-09-22 08:06:48,605 INFO org.springframework.boot.SpringApplication [main] No active profile set, falling back to default profiles: default
2019-09-22 08:06:51,963 INFO org.springframework.data.repository.config.RepositoryConfigurationDelegate [main] Bootstrapping Spring Data repositories in DEFAULT mode.
2019-09-22 08:06:52,413 INFO org.springframework.data.repository.config.RepositoryConfigurationDelegate [main] Finished Spring Data repository scanning in 415ms. Found 11 repository interfaces.
2019-09-22 08:06:53,241 INFO org.springframework.context.support.PostProcessorRegistrationDelegate$BeanPostProcessorChecker [main] Bean 'org.springframework.transaction.annotation.ProxyTransactionManagementConfiguration' of type [org.springframework.transaction.annotation.ProxyTransactionManagementConfiguration$$EnhancerBySpringCGLIB$$54842cf] is not eligible for getting processed by all BeanPostProcessors (for example: not eligible for auto-proxying)
2019-09-22 08:06:53,316 INFO org.springframework.context.support.PostProcessorRegistrationDelegate$BeanPostProcessorChecker [main] Bean 'org.springframework.security.config.annotation.configuration.ObjectPostProcessorConfiguration' of type [org.springframework.security.config.annotation.configuration.ObjectPostProcessorConfiguration$$EnhancerBySpringCGLIB$$9df60b09] is not eligible for getting processed by all BeanPostProcessors (for example: not eligible for auto-proxying)
2019-09-22 08:06:53,329 INFO org.springframework.context.support.PostProcessorRegistrationDelegate$BeanPostProcessorChecker [main] Bean 'objectPostProcessor' of type [org.springframework.security.config.annotation.configuration.AutowireBeanFactoryObjectPostProcessor] is not eligible for getting processed by all BeanPostProcessors (for example: not eligible for auto-proxying)
2019-09-22 08:06:53,335 INFO org.springframework.context.support.PostProcessorRegistrationDelegate$BeanPostProcessorChecker [main] Bean 'org.springframework.security.access.expression.method.DefaultMethodSecurityExpressionHandler@1ded7b14' of type [org.springframework.security.access.expression.method.DefaultMethodSecurityExpressionHandler] is not eligible for getting processed by all BeanPostProcessors (for example: not eligible for auto-proxying)
2019-09-22 08:06:53,339 INFO org.springframework.context.support.PostProcessorRegistrationDelegate$BeanPostProcessorChecker [main] Bean 'org.springframework.security.config.annotation.method.configuration.GlobalMethodSecurityConfiguration' of type [org.springframework.security.config.annotation.method.configuration.GlobalMethodSecurityConfiguration$$EnhancerBySpringCGLIB$$c2caadbb] is not eligible for getting processed by all BeanPostProcessors (for example: not eligible for auto-proxying)
2019-09-22 08:06:53,347 INFO org.springframework.context.support.PostProcessorRegistrationDelegate$BeanPostProcessorChecker [main] Bean 'methodSecurityMetadataSource' of type [org.springframework.security.access.method.DelegatingMethodSecurityMetadataSource] is not eligible for getting processed by all BeanPostProcessors (for example: not eligible for auto-proxying)
2019-09-22 08:06:55,210 INFO org.springframework.boot.web.embedded.tomcat.TomcatWebServer [main] Tomcat initialized with port(s): 8080 (http)
2019-09-22 08:06:55,248 INFO org.apache.juli.logging.DirectJDKLog [main] Initializing ProtocolHandler ["http-nio-8080"]
2019-09-22 08:06:55,272 INFO org.apache.juli.logging.DirectJDKLog [main] Starting service [Tomcat]
2019-09-22 08:06:55,273 INFO org.apache.juli.logging.DirectJDKLog [main] Starting Servlet engine: [Apache Tomcat/9.0.22]
2019-09-22 08:06:58,462 INFO org.apache.juli.logging.DirectJDKLog [main] Initializing Spring embedded WebApplicationContext
2019-09-22 08:06:58,465 INFO org.springframework.boot.web.servlet.context.ServletWebServerApplicationContext [main] Root WebApplicationContext: initialization completed in 9772 ms
2019-09-22 08:06:59,050 INFO com.zaxxer.hikari.HikariDataSource [main] HikariPool-1 - Starting...
2019-09-22 08:07:01,330 INFO com.zaxxer.hikari.HikariDataSource [main] HikariPool-1 - Start completed.
2019-09-22 08:07:01,473 INFO org.hibernate.jpa.internal.util.LogHelper [main] HHH000204: Processing PersistenceUnitInfo [
	name: default
	...]
2019-09-22 08:07:01,691 INFO org.hibernate.Version [main] HHH000412: Hibernate Core {5.3.10.Final}
2019-09-22 08:07:01,697 INFO org.hibernate.cfg.Environment [main] HHH000206: hibernate.properties not found
2019-09-22 08:07:02,047 INFO org.hibernate.annotations.common.reflection.java.JavaReflectionManager [main] HCANN000001: Hibernate Commons Annotations {5.0.4.Final}
2019-09-22 08:07:02,508 INFO org.hibernate.dialect.Dialect [main] HHH000400: Using dialect: org.hibernate.dialect.MySQL5Dialect
2019-09-22 08:07:10,521 INFO org.hibernate.tool.schema.internal.SchemaCreatorImpl [main] HHH000476: Executing import script 'org.hibernate.tool.schema.internal.exec.ScriptSourceInputNonExistentImpl@5086623f'
2019-09-22 08:07:10,528 INFO org.springframework.orm.jpa.AbstractEntityManagerFactoryBean [main] Initialized JPA EntityManagerFactory for persistence unit 'default'
2019-09-22 08:07:11,133 DEBUG org.springframework.web.filter.GenericFilterBean [main] Filter 'authenticationJwtTokenFilter' configured for use
2019-09-22 08:07:12,118 WARN org.springframework.boot.autoconfigure.orm.jpa.JpaBaseConfiguration$JpaWebConfiguration$JpaWebMvcConfiguration [main] spring.jpa.open-in-view is enabled by default. Therefore, database queries may be performed during view rendering. Explicitly configure spring.jpa.open-in-view to disable this warning
2019-09-22 08:07:12,187 INFO org.springframework.boot.autoconfigure.web.servlet.WelcomePageHandlerMapping [main] Adding welcome page: class path resource [static/index.html]
2019-09-22 08:07:12,208 INFO org.springframework.security.web.DefaultSecurityFilterChain [main] Creating filter chain: any request, [org.springframework.security.web.context.request.async.WebAsyncManagerIntegrationFilter@484302ee, org.springframework.security.web.context.SecurityContextPersistenceFilter@3e2c8ef, org.springframework.security.web.header.HeaderWriterFilter@d6d683e, org.springframework.web.filter.CorsFilter@4e647f39, org.springframework.security.web.authentication.logout.LogoutFilter@126254ec, com.promist.logistics.security.JwtAuthTokenFilter@30704f85, org.springframework.security.web.savedrequest.RequestCacheAwareFilter@60bc308b, org.springframework.security.web.servletapi.SecurityContextHolderAwareRequestFilter@2833c093, org.springframework.security.web.authentication.AnonymousAuthenticationFilter@778197c0, org.springframework.security.web.session.SessionManagementFilter@6785df10, org.springframework.security.web.access.ExceptionTranslationFilter@1c53bd49, org.springframework.security.web.access.intercept.FilterSecurityInterceptor@eebc0db]
2019-09-22 08:07:12,378 INFO org.springframework.scheduling.concurrent.ExecutorConfigurationSupport [main] Initializing ExecutorService 'applicationTaskExecutor'
2019-09-22 08:07:12,619 INFO org.apache.juli.logging.DirectJDKLog [main] Starting ProtocolHandler ["http-nio-8080"]
2019-09-22 08:07:12,649 INFO org.springframework.boot.web.embedded.tomcat.TomcatWebServer [main] Tomcat started on port(s): 8080 (http) with context path ''
2019-09-22 08:07:12,651 INFO org.springframework.boot.StartupInfoLogger [main] Started LogisticsApplication in 25.208 seconds (JVM running for 44.191)
2019-09-22 08:07:40,816 INFO org.apache.juli.logging.DirectJDKLog [http-nio-8080-exec-1] Initializing Spring DispatcherServlet 'dispatcherServlet'
2019-09-22 08:07:40,820 INFO org.springframework.web.servlet.FrameworkServlet [http-nio-8080-exec-1] Initializing Servlet 'dispatcherServlet'
2019-09-22 08:07:40,843 INFO org.springframework.web.servlet.FrameworkServlet [http-nio-8080-exec-1] Completed initialization in 22 ms
2019-09-22 08:07:41,541 INFO org.hibernate.hql.internal.QueryTranslatorFactoryInitiator [http-nio-8080-exec-2] HHH000397: Using ASTQueryTranslatorFactory
2019-09-22 08:08:15,411 INFO com.promist.logistics.service.MarlepServiceImpl [http-nio-8080-exec-10] USPESNO->Datum:22-09-2019 Smer:ulaz kupac Kolicina1000.0 Novo stanje:1000.0 Magacin:Novi Sad, Privrednikova 6 Pakovanje:rinfuz Roba:NPK 16:16:16 Lot:1-2019 Korisnik:1
2019-09-22 08:08:15,437 INFO com.promist.logistics.controller.MarlepController [http-nio-8080-exec-10] USPESNO->Datum:22-09-2019Smer:ulaz kupac Kolicina1000.0 Novo stanje:1000.0 Magacin:Novi Sad, Privrednikova 6 Pakovanje:rinfuz Roba:NPK 16:16:16 Lot:1-2019 Korisnik:1
2019-09-22 13:36:43,701 INFO org.springframework.boot.StartupInfoLogger [main] Starting LogisticsApplication on DESKTOP-PIA7CP3 with PID 7500 (C:\Users\Topolic\Desktop\logistics\server\target\classes started by Topolic in C:\Users\Topolic\Desktop\logistics\server)
2019-09-22 13:36:43,711 DEBUG org.springframework.boot.StartupInfoLogger [main] Running with Spring Boot v2.1.7.RELEASE, Spring v5.1.9.RELEASE
2019-09-22 13:36:43,711 INFO org.springframework.boot.SpringApplication [main] No active profile set, falling back to default profiles: default
2019-09-22 13:36:44,584 INFO org.springframework.data.repository.config.RepositoryConfigurationDelegate [main] Bootstrapping Spring Data repositories in DEFAULT mode.
2019-09-22 13:36:44,721 INFO org.springframework.data.repository.config.RepositoryConfigurationDelegate [main] Finished Spring Data repository scanning in 121ms. Found 11 repository interfaces.
2019-09-22 13:36:45,162 INFO org.springframework.context.support.PostProcessorRegistrationDelegate$BeanPostProcessorChecker [main] Bean 'org.springframework.transaction.annotation.ProxyTransactionManagementConfiguration' of type [org.springframework.transaction.annotation.ProxyTransactionManagementConfiguration$$EnhancerBySpringCGLIB$$1b6e273b] is not eligible for getting processed by all BeanPostProcessors (for example: not eligible for auto-proxying)
2019-09-22 13:36:45,206 INFO org.springframework.context.support.PostProcessorRegistrationDelegate$BeanPostProcessorChecker [main] Bean 'org.springframework.security.config.annotation.configuration.ObjectPostProcessorConfiguration' of type [org.springframework.security.config.annotation.configuration.ObjectPostProcessorConfiguration$$EnhancerBySpringCGLIB$$b41bef75] is not eligible for getting processed by all BeanPostProcessors (for example: not eligible for auto-proxying)
2019-09-22 13:36:45,211 INFO org.springframework.context.support.PostProcessorRegistrationDelegate$BeanPostProcessorChecker [main] Bean 'objectPostProcessor' of type [org.springframework.security.config.annotation.configuration.AutowireBeanFactoryObjectPostProcessor] is not eligible for getting processed by all BeanPostProcessors (for example: not eligible for auto-proxying)
2019-09-22 13:36:45,211 INFO org.springframework.context.support.PostProcessorRegistrationDelegate$BeanPostProcessorChecker [main] Bean 'org.springframework.security.access.expression.method.DefaultMethodSecurityExpressionHandler@512d4583' of type [org.springframework.security.access.expression.method.DefaultMethodSecurityExpressionHandler] is not eligible for getting processed by all BeanPostProcessors (for example: not eligible for auto-proxying)
2019-09-22 13:36:45,221 INFO org.springframework.context.support.PostProcessorRegistrationDelegate$BeanPostProcessorChecker [main] Bean 'org.springframework.security.config.annotation.method.configuration.GlobalMethodSecurityConfiguration' of type [org.springframework.security.config.annotation.method.configuration.GlobalMethodSecurityConfiguration$$EnhancerBySpringCGLIB$$d8f09227] is not eligible for getting processed by all BeanPostProcessors (for example: not eligible for auto-proxying)
2019-09-22 13:36:45,221 INFO org.springframework.context.support.PostProcessorRegistrationDelegate$BeanPostProcessorChecker [main] Bean 'methodSecurityMetadataSource' of type [org.springframework.security.access.method.DelegatingMethodSecurityMetadataSource] is not eligible for getting processed by all BeanPostProcessors (for example: not eligible for auto-proxying)
2019-09-22 13:36:45,616 INFO org.springframework.boot.web.embedded.tomcat.TomcatWebServer [main] Tomcat initialized with port(s): 8080 (http)
2019-09-22 13:36:45,638 INFO org.apache.juli.logging.DirectJDKLog [main] Initializing ProtocolHandler ["http-nio-8080"]
2019-09-22 13:36:45,648 INFO org.apache.juli.logging.DirectJDKLog [main] Starting service [Tomcat]
2019-09-22 13:36:45,648 INFO org.apache.juli.logging.DirectJDKLog [main] Starting Servlet engine: [Apache Tomcat/9.0.22]
2019-09-22 13:36:45,851 INFO org.apache.juli.logging.DirectJDKLog [main] Initializing Spring embedded WebApplicationContext
2019-09-22 13:36:45,851 INFO org.springframework.boot.web.servlet.context.ServletWebServerApplicationContext [main] Root WebApplicationContext: initialization completed in 2095 ms
2019-09-22 13:36:46,221 INFO com.zaxxer.hikari.HikariDataSource [main] HikariPool-1 - Starting...
2019-09-22 13:36:46,402 INFO com.zaxxer.hikari.HikariDataSource [main] HikariPool-1 - Start completed.
2019-09-22 13:36:46,473 INFO org.hibernate.jpa.internal.util.LogHelper [main] HHH000204: Processing PersistenceUnitInfo [
	name: default
	...]
2019-09-22 13:36:46,561 INFO org.hibernate.Version [main] HHH000412: Hibernate Core {5.3.10.Final}
2019-09-22 13:36:46,561 INFO org.hibernate.cfg.Environment [main] HHH000206: hibernate.properties not found
2019-09-22 13:36:46,701 INFO org.hibernate.annotations.common.reflection.java.JavaReflectionManager [main] HCANN000001: Hibernate Commons Annotations {5.0.4.Final}
2019-09-22 13:36:46,871 INFO org.hibernate.dialect.Dialect [main] HHH000400: Using dialect: org.hibernate.dialect.MySQL5Dialect
2019-09-22 13:37:33,861 INFO org.hibernate.tool.schema.internal.SchemaCreatorImpl [main] HHH000476: Executing import script 'org.hibernate.tool.schema.internal.exec.ScriptSourceInputNonExistentImpl@5834198f'
2019-09-22 13:37:33,871 INFO org.springframework.orm.jpa.AbstractEntityManagerFactoryBean [main] Initialized JPA EntityManagerFactory for persistence unit 'default'
2019-09-22 13:37:34,486 DEBUG org.springframework.web.filter.GenericFilterBean [main] Filter 'authenticationJwtTokenFilter' configured for use
2019-09-22 13:37:37,476 WARN org.springframework.boot.autoconfigure.orm.jpa.JpaBaseConfiguration$JpaWebConfiguration$JpaWebMvcConfiguration [main] spring.jpa.open-in-view is enabled by default. Therefore, database queries may be performed during view rendering. Explicitly configure spring.jpa.open-in-view to disable this warning
2019-09-22 13:37:37,531 INFO org.springframework.boot.autoconfigure.web.servlet.WelcomePageHandlerMapping [main] Adding welcome page: class path resource [static/index.html]
2019-09-22 13:37:37,566 INFO org.springframework.security.web.DefaultSecurityFilterChain [main] Creating filter chain: any request, [org.springframework.security.web.context.request.async.WebAsyncManagerIntegrationFilter@75959b0c, org.springframework.security.web.context.SecurityContextPersistenceFilter@54286339, org.springframework.security.web.header.HeaderWriterFilter@4b8a0d03, org.springframework.web.filter.CorsFilter@355493bf, org.springframework.security.web.authentication.logout.LogoutFilter@98722ef, com.promist.logistics.security.JwtAuthTokenFilter@717a8a76, org.springframework.security.web.savedrequest.RequestCacheAwareFilter@6785df10, org.springframework.security.web.servletapi.SecurityContextHolderAwareRequestFilter@2a2798a2, org.springframework.security.web.authentication.AnonymousAuthenticationFilter@7ebc5be6, org.springframework.security.web.session.SessionManagementFilter@17f41739, org.springframework.security.web.access.ExceptionTranslationFilter@26cdd4af, org.springframework.security.web.access.intercept.FilterSecurityInterceptor@b76b7d8]
2019-09-22 13:37:37,721 INFO org.springframework.scheduling.concurrent.ExecutorConfigurationSupport [main] Initializing ExecutorService 'applicationTaskExecutor'
2019-09-22 13:37:37,925 INFO org.apache.juli.logging.DirectJDKLog [main] Starting ProtocolHandler ["http-nio-8080"]
2019-09-22 13:37:37,953 INFO org.springframework.boot.web.embedded.tomcat.TomcatWebServer [main] Tomcat started on port(s): 8080 (http) with context path ''
2019-09-22 13:37:37,955 INFO org.springframework.boot.StartupInfoLogger [main] Started LogisticsApplication in 54.714 seconds (JVM running for 55.123)
2019-09-22 13:38:51,807 INFO org.apache.juli.logging.DirectJDKLog [http-nio-8080-exec-1] Initializing Spring DispatcherServlet 'dispatcherServlet'
2019-09-22 13:38:51,807 INFO org.springframework.web.servlet.FrameworkServlet [http-nio-8080-exec-1] Initializing Servlet 'dispatcherServlet'
2019-09-22 13:38:51,811 INFO org.springframework.web.servlet.FrameworkServlet [http-nio-8080-exec-1] Completed initialization in 4 ms
2019-09-22 13:38:52,197 INFO org.hibernate.hql.internal.QueryTranslatorFactoryInitiator [http-nio-8080-exec-3] HHH000397: Using ASTQueryTranslatorFactory
2019-09-22 13:39:06,201 INFO com.promist.logistics.service.MarlepServiceImpl [http-nio-8080-exec-6] USPESNO->Datum:22-09-2019 Smer:ulaz kupac Kolicina1000.0 Novo stanje:1000.0 Magacin:Novi Sad, Privrednikova 6 Pakovanje:rinfuz Roba:NPK 16:16:16 Lot:1-2019 Korisnik:1
2019-09-22 13:39:06,253 INFO com.promist.logistics.controller.MarlepController [http-nio-8080-exec-6] USPESNO->Datum:22-09-2019Smer:ulaz kupac Kolicina1000.0 Novo stanje:1000.0 Magacin:Novi Sad, Privrednikova 6 Pakovanje:rinfuz Roba:NPK 16:16:16 Lot:1-2019 Korisnik:1
2019-09-22 13:39:28,803 INFO com.promist.logistics.service.MarlepServiceImpl [http-nio-8080-exec-5] NEUSPESNO->Datum:22-09-2019Smer: pakovanje Potrebna Kolicina10.5 Stanje:0.0 Magacin:Novi Sad, Privrednikova 6 Pakovanje:1000/1 neegal Roba:NPK 16:16:16 Lot:1-2019 Korisnik:1
2019-09-22 13:39:34,409 INFO com.promist.logistics.service.MarlepServiceImpl [http-nio-8080-exec-6] USPESNO->Datum:22-09-2019Smer:pakovanje izlaz Kolicina10.5 Novo stanje:989.5 Magacin:Novi Sad, Privrednikova 6 Pakovanje:rinfuz Roba:NPK 16:16:16 Lot:1-2019 Korisnik:1
2019-09-22 13:39:34,496 INFO com.promist.logistics.service.MarlepServiceImpl [http-nio-8080-exec-6] USPESNO->Datum:22-09-2019 Smer:pakovanje ulaz Kolicina10.5 Novo stanje:10.5 Magacin:Novi Sad, Privrednikova 6 Pakovanje:25/1 Roba:NPK 16:16:16 Lot:1-2019 Korisnik:1
