2020-03-09 21:48:11,322 INFO org.springframework.boot.StartupInfoLogger [main] Starting LogisticsApplicationTests on MKIT_LENOVO41 with PID 23152 (started by Administrator in C:\Users\ndimsic\Desktop\promist?latest\promist-logistics)
2020-03-09 21:48:11,326 DEBUG org.springframework.boot.StartupInfoLogger [main] Running with Spring Boot v2.1.7.RELEASE, Spring v5.1.9.RELEASE
2020-03-09 21:48:11,327 INFO org.springframework.boot.SpringApplication [main] No active profile set, falling back to default profiles: default
2020-03-09 21:48:13,332 INFO org.springframework.data.repository.config.RepositoryConfigurationDelegate [main] Bootstrapping Spring Data repositories in DEFAULT mode.
2020-03-09 21:48:13,540 INFO org.springframework.data.repository.config.RepositoryConfigurationDelegate [main] Finished Spring Data repository scanning in 188ms. Found 11 repository interfaces.
2020-03-09 21:48:14,074 INFO org.springframework.context.support.PostProcessorRegistrationDelegate$BeanPostProcessorChecker [main] Bean 'org.springframework.transaction.annotation.ProxyTransactionManagementConfiguration' of type [org.springframework.transaction.annotation.ProxyTransactionManagementConfiguration$$EnhancerBySpringCGLIB$$5e8583d9] is not eligible for getting processed by all BeanPostProcessors (for example: not eligible for auto-proxying)
2020-03-09 21:48:14,184 INFO org.springframework.context.support.PostProcessorRegistrationDelegate$BeanPostProcessorChecker [main] Bean 'org.springframework.security.config.annotation.configuration.ObjectPostProcessorConfiguration' of type [org.springframework.security.config.annotation.configuration.ObjectPostProcessorConfiguration$$EnhancerBySpringCGLIB$$f7334c13] is not eligible for getting processed by all BeanPostProcessors (for example: not eligible for auto-proxying)
2020-03-09 21:48:14,199 INFO org.springframework.context.support.PostProcessorRegistrationDelegate$BeanPostProcessorChecker [main] Bean 'objectPostProcessor' of type [org.springframework.security.config.annotation.configuration.AutowireBeanFactoryObjectPostProcessor] is not eligible for getting processed by all BeanPostProcessors (for example: not eligible for auto-proxying)
2020-03-09 21:48:14,201 INFO org.springframework.context.support.PostProcessorRegistrationDelegate$BeanPostProcessorChecker [main] Bean 'org.springframework.security.access.expression.method.DefaultMethodSecurityExpressionHandler@f1a45f8' of type [org.springframework.security.access.expression.method.DefaultMethodSecurityExpressionHandler] is not eligible for getting processed by all BeanPostProcessors (for example: not eligible for auto-proxying)
2020-03-09 21:48:14,229 INFO org.springframework.context.support.PostProcessorRegistrationDelegate$BeanPostProcessorChecker [main] Bean 'org.springframework.security.config.annotation.method.configuration.GlobalMethodSecurityConfiguration' of type [org.springframework.security.config.annotation.method.configuration.GlobalMethodSecurityConfiguration$$EnhancerBySpringCGLIB$$1c07eec5] is not eligible for getting processed by all BeanPostProcessors (for example: not eligible for auto-proxying)
2020-03-09 21:48:14,257 INFO org.springframework.context.support.PostProcessorRegistrationDelegate$BeanPostProcessorChecker [main] Bean 'methodSecurityMetadataSource' of type [org.springframework.security.access.method.DelegatingMethodSecurityMetadataSource] is not eligible for getting processed by all BeanPostProcessors (for example: not eligible for auto-proxying)
2020-03-09 21:48:14,685 INFO com.zaxxer.hikari.HikariDataSource [main] HikariPool-1 - Starting...
2020-03-09 21:48:15,171 INFO com.zaxxer.hikari.HikariDataSource [main] HikariPool-1 - Start completed.
2020-03-09 21:48:15,334 INFO org.hibernate.jpa.internal.util.LogHelper [main] HHH000204: Processing PersistenceUnitInfo [
	name: default
	...]
2020-03-09 21:48:15,539 INFO org.hibernate.Version [main] HHH000412: Hibernate Core {5.3.10.Final}
2020-03-09 21:48:15,542 INFO org.hibernate.cfg.Environment [main] HHH000206: hibernate.properties not found
2020-03-09 21:48:15,934 INFO org.hibernate.annotations.common.reflection.java.JavaReflectionManager [main] HCANN000001: Hibernate Commons Annotations {5.0.4.Final}
2020-03-09 21:48:16,631 INFO org.hibernate.dialect.Dialect [main] HHH000400: Using dialect: org.hibernate.dialect.MySQL5Dialect
2020-03-09 21:48:26,056 INFO org.springframework.orm.jpa.AbstractEntityManagerFactoryBean [main] Initialized JPA EntityManagerFactory for persistence unit 'default'
2020-03-09 21:48:28,288 WARN org.springframework.boot.autoconfigure.orm.jpa.JpaBaseConfiguration$JpaWebConfiguration$JpaWebMvcConfiguration [main] spring.jpa.open-in-view is enabled by default. Therefore, database queries may be performed during view rendering. Explicitly configure spring.jpa.open-in-view to disable this warning
2020-03-09 21:48:28,459 INFO org.springframework.boot.autoconfigure.web.servlet.WelcomePageHandlerMapping [main] Adding welcome page: class path resource [static/index.html]
2020-03-09 21:48:28,587 INFO org.springframework.security.web.DefaultSecurityFilterChain [main] Creating filter chain: any request, [org.springframework.security.web.context.request.async.WebAsyncManagerIntegrationFilter@4a5066f5, org.springframework.security.web.context.SecurityContextPersistenceFilter@6a552721, org.springframework.security.web.header.HeaderWriterFilter@a0e33db, org.springframework.web.filter.CorsFilter@578d472a, org.springframework.security.web.authentication.logout.LogoutFilter@7507d96c, com.promist.logistics.security.JwtAuthTokenFilter@5cd701e4, org.springframework.security.web.savedrequest.RequestCacheAwareFilter@722b3ba2, org.springframework.security.web.servletapi.SecurityContextHolderAwareRequestFilter@4c8abec7, org.springframework.security.web.authentication.AnonymousAuthenticationFilter@1191029d, org.springframework.security.web.session.SessionManagementFilter@2fafa7b5, org.springframework.security.web.access.ExceptionTranslationFilter@2a984952, org.springframework.security.web.access.intercept.FilterSecurityInterceptor@773c7147]
2020-03-09 21:48:29,521 INFO org.springframework.scheduling.concurrent.ExecutorConfigurationSupport [main] Initializing ExecutorService 'applicationTaskExecutor'
2020-03-09 21:48:30,326 INFO org.springframework.boot.StartupInfoLogger [main] Started LogisticsApplicationTests in 19.988 seconds (JVM running for 21.434)
2020-03-09 21:48:30,555 INFO org.springframework.scheduling.concurrent.ExecutorConfigurationSupport [Thread-2] Shutting down ExecutorService 'applicationTaskExecutor'
2020-03-09 21:48:30,562 INFO org.springframework.orm.jpa.AbstractEntityManagerFactoryBean [Thread-2] Closing JPA EntityManagerFactory for persistence unit 'default'
2020-03-09 21:48:30,570 INFO com.zaxxer.hikari.HikariDataSource [Thread-2] HikariPool-1 - Shutdown initiated...
2020-03-09 21:48:30,616 INFO com.zaxxer.hikari.HikariDataSource [Thread-2] HikariPool-1 - Shutdown completed.
2020-03-09 22:11:43,665 INFO org.springframework.boot.StartupInfoLogger [main] Starting LogisticsApplicationTests on MKIT_LENOVO41 with PID 26620 (started by Administrator in C:\Users\ndimsic\Desktop\promist?latest\promist-logistics)
2020-03-09 22:11:43,667 DEBUG org.springframework.boot.StartupInfoLogger [main] Running with Spring Boot v2.1.7.RELEASE, Spring v5.1.9.RELEASE
2020-03-09 22:11:43,669 INFO org.springframework.boot.SpringApplication [main] No active profile set, falling back to default profiles: default
2020-03-09 22:11:46,066 INFO org.springframework.data.repository.config.RepositoryConfigurationDelegate [main] Bootstrapping Spring Data repositories in DEFAULT mode.
2020-03-09 22:11:46,364 INFO org.springframework.data.repository.config.RepositoryConfigurationDelegate [main] Finished Spring Data repository scanning in 279ms. Found 11 repository interfaces.
2020-03-09 22:11:47,181 INFO org.springframework.context.support.PostProcessorRegistrationDelegate$BeanPostProcessorChecker [main] Bean 'org.springframework.transaction.annotation.ProxyTransactionManagementConfiguration' of type [org.springframework.transaction.annotation.ProxyTransactionManagementConfiguration$$EnhancerBySpringCGLIB$$175873bc] is not eligible for getting processed by all BeanPostProcessors (for example: not eligible for auto-proxying)
2020-03-09 22:11:47,338 INFO org.springframework.context.support.PostProcessorRegistrationDelegate$BeanPostProcessorChecker [main] Bean 'org.springframework.security.config.annotation.configuration.ObjectPostProcessorConfiguration' of type [org.springframework.security.config.annotation.configuration.ObjectPostProcessorConfiguration$$EnhancerBySpringCGLIB$$b0063bf6] is not eligible for getting processed by all BeanPostProcessors (for example: not eligible for auto-proxying)
2020-03-09 22:11:47,353 INFO org.springframework.context.support.PostProcessorRegistrationDelegate$BeanPostProcessorChecker [main] Bean 'objectPostProcessor' of type [org.springframework.security.config.annotation.configuration.AutowireBeanFactoryObjectPostProcessor] is not eligible for getting processed by all BeanPostProcessors (for example: not eligible for auto-proxying)
2020-03-09 22:11:47,357 INFO org.springframework.context.support.PostProcessorRegistrationDelegate$BeanPostProcessorChecker [main] Bean 'org.springframework.security.access.expression.method.DefaultMethodSecurityExpressionHandler@26a262d6' of type [org.springframework.security.access.expression.method.DefaultMethodSecurityExpressionHandler] is not eligible for getting processed by all BeanPostProcessors (for example: not eligible for auto-proxying)
2020-03-09 22:11:47,380 INFO org.springframework.context.support.PostProcessorRegistrationDelegate$BeanPostProcessorChecker [main] Bean 'org.springframework.security.config.annotation.method.configuration.GlobalMethodSecurityConfiguration' of type [org.springframework.security.config.annotation.method.configuration.GlobalMethodSecurityConfiguration$$EnhancerBySpringCGLIB$$d4dadea8] is not eligible for getting processed by all BeanPostProcessors (for example: not eligible for auto-proxying)
2020-03-09 22:11:47,409 INFO org.springframework.context.support.PostProcessorRegistrationDelegate$BeanPostProcessorChecker [main] Bean 'methodSecurityMetadataSource' of type [org.springframework.security.access.method.DelegatingMethodSecurityMetadataSource] is not eligible for getting processed by all BeanPostProcessors (for example: not eligible for auto-proxying)
2020-03-09 22:11:48,043 INFO com.zaxxer.hikari.HikariDataSource [main] HikariPool-1 - Starting...
2020-03-09 22:11:48,340 INFO com.zaxxer.hikari.HikariDataSource [main] HikariPool-1 - Start completed.
2020-03-09 22:11:48,479 INFO org.hibernate.jpa.internal.util.LogHelper [main] HHH000204: Processing PersistenceUnitInfo [
	name: default
	...]
2020-03-09 22:11:48,671 INFO org.hibernate.Version [main] HHH000412: Hibernate Core {5.3.10.Final}
2020-03-09 22:11:48,675 INFO org.hibernate.cfg.Environment [main] HHH000206: hibernate.properties not found
2020-03-09 22:11:48,991 INFO org.hibernate.annotations.common.reflection.java.JavaReflectionManager [main] HCANN000001: Hibernate Commons Annotations {5.0.4.Final}
2020-03-09 22:11:49,725 INFO org.hibernate.dialect.Dialect [main] HHH000400: Using dialect: org.hibernate.dialect.MySQL5Dialect
2020-03-09 22:11:55,638 INFO org.springframework.orm.jpa.AbstractEntityManagerFactoryBean [main] Initialized JPA EntityManagerFactory for persistence unit 'default'
2020-03-09 22:11:58,444 WARN org.springframework.boot.autoconfigure.orm.jpa.JpaBaseConfiguration$JpaWebConfiguration$JpaWebMvcConfiguration [main] spring.jpa.open-in-view is enabled by default. Therefore, database queries may be performed during view rendering. Explicitly configure spring.jpa.open-in-view to disable this warning
2020-03-09 22:11:58,642 INFO org.springframework.boot.autoconfigure.web.servlet.WelcomePageHandlerMapping [main] Adding welcome page: class path resource [static/index.html]
2020-03-09 22:11:58,794 INFO org.springframework.security.web.DefaultSecurityFilterChain [main] Creating filter chain: any request, [org.springframework.security.web.context.request.async.WebAsyncManagerIntegrationFilter@7f1ad846, org.springframework.security.web.context.SecurityContextPersistenceFilter@62b42406, org.springframework.security.web.header.HeaderWriterFilter@2bd2430f, org.springframework.web.filter.CorsFilter@5d5ae6aa, org.springframework.security.web.authentication.logout.LogoutFilter@722b3ba2, com.promist.logistics.security.JwtAuthTokenFilter@598e5cb8, org.springframework.security.web.savedrequest.RequestCacheAwareFilter@3ef46749, org.springframework.security.web.servletapi.SecurityContextHolderAwareRequestFilter@2fafa7b5, org.springframework.security.web.authentication.AnonymousAuthenticationFilter@2bc2e022, org.springframework.security.web.session.SessionManagementFilter@2a984952, org.springframework.security.web.access.ExceptionTranslationFilter@2e44cb34, org.springframework.security.web.access.intercept.FilterSecurityInterceptor@16e5344c]
2020-03-09 22:11:59,746 INFO org.springframework.scheduling.concurrent.ExecutorConfigurationSupport [main] Initializing ExecutorService 'applicationTaskExecutor'
2020-03-09 22:12:00,274 INFO org.springframework.boot.StartupInfoLogger [main] Started LogisticsApplicationTests in 18.312 seconds (JVM running for 20.0)
2020-03-09 22:12:00,541 INFO org.springframework.scheduling.concurrent.ExecutorConfigurationSupport [Thread-2] Shutting down ExecutorService 'applicationTaskExecutor'
2020-03-09 22:12:00,548 INFO org.springframework.orm.jpa.AbstractEntityManagerFactoryBean [Thread-2] Closing JPA EntityManagerFactory for persistence unit 'default'
2020-03-09 22:12:00,555 INFO com.zaxxer.hikari.HikariDataSource [Thread-2] HikariPool-1 - Shutdown initiated...
2020-03-09 22:12:00,625 INFO com.zaxxer.hikari.HikariDataSource [Thread-2] HikariPool-1 - Shutdown completed.
2020-03-09 22:45:00,076 INFO org.springframework.boot.StartupInfoLogger [main] Starting LogisticsApplicationTests on MKIT_LENOVO41 with PID 25108 (started by Administrator in C:\Users\ndimsic\Desktop\promist?latest\promist-logistics)
2020-03-09 22:45:00,079 DEBUG org.springframework.boot.StartupInfoLogger [main] Running with Spring Boot v2.1.7.RELEASE, Spring v5.1.9.RELEASE
2020-03-09 22:45:00,082 INFO org.springframework.boot.SpringApplication [main] No active profile set, falling back to default profiles: default
2020-03-09 22:45:02,631 INFO org.springframework.data.repository.config.RepositoryConfigurationDelegate [main] Bootstrapping Spring Data repositories in DEFAULT mode.
2020-03-09 22:45:02,931 INFO org.springframework.data.repository.config.RepositoryConfigurationDelegate [main] Finished Spring Data repository scanning in 273ms. Found 11 repository interfaces.
2020-03-09 22:45:03,975 INFO org.springframework.context.support.PostProcessorRegistrationDelegate$BeanPostProcessorChecker [main] Bean 'org.springframework.transaction.annotation.ProxyTransactionManagementConfiguration' of type [org.springframework.transaction.annotation.ProxyTransactionManagementConfiguration$$EnhancerBySpringCGLIB$$144bb50b] is not eligible for getting processed by all BeanPostProcessors (for example: not eligible for auto-proxying)
2020-03-09 22:45:04,136 INFO org.springframework.context.support.PostProcessorRegistrationDelegate$BeanPostProcessorChecker [main] Bean 'org.springframework.security.config.annotation.configuration.ObjectPostProcessorConfiguration' of type [org.springframework.security.config.annotation.configuration.ObjectPostProcessorConfiguration$$EnhancerBySpringCGLIB$$acf97d45] is not eligible for getting processed by all BeanPostProcessors (for example: not eligible for auto-proxying)
2020-03-09 22:45:04,169 INFO org.springframework.context.support.PostProcessorRegistrationDelegate$BeanPostProcessorChecker [main] Bean 'objectPostProcessor' of type [org.springframework.security.config.annotation.configuration.AutowireBeanFactoryObjectPostProcessor] is not eligible for getting processed by all BeanPostProcessors (for example: not eligible for auto-proxying)
2020-03-09 22:45:04,175 INFO org.springframework.context.support.PostProcessorRegistrationDelegate$BeanPostProcessorChecker [main] Bean 'org.springframework.security.access.expression.method.DefaultMethodSecurityExpressionHandler@4d7aaca2' of type [org.springframework.security.access.expression.method.DefaultMethodSecurityExpressionHandler] is not eligible for getting processed by all BeanPostProcessors (for example: not eligible for auto-proxying)
2020-03-09 22:45:04,235 INFO org.springframework.context.support.PostProcessorRegistrationDelegate$BeanPostProcessorChecker [main] Bean 'org.springframework.security.config.annotation.method.configuration.GlobalMethodSecurityConfiguration' of type [org.springframework.security.config.annotation.method.configuration.GlobalMethodSecurityConfiguration$$EnhancerBySpringCGLIB$$d1ce1ff7] is not eligible for getting processed by all BeanPostProcessors (for example: not eligible for auto-proxying)
2020-03-09 22:45:04,263 INFO org.springframework.context.support.PostProcessorRegistrationDelegate$BeanPostProcessorChecker [main] Bean 'methodSecurityMetadataSource' of type [org.springframework.security.access.method.DelegatingMethodSecurityMetadataSource] is not eligible for getting processed by all BeanPostProcessors (for example: not eligible for auto-proxying)
2020-03-09 22:45:04,895 INFO com.zaxxer.hikari.HikariDataSource [main] HikariPool-1 - Starting...
2020-03-09 22:45:05,339 INFO com.zaxxer.hikari.HikariDataSource [main] HikariPool-1 - Start completed.
2020-03-09 22:45:05,540 INFO org.hibernate.jpa.internal.util.LogHelper [main] HHH000204: Processing PersistenceUnitInfo [
	name: default
	...]
2020-03-09 22:45:05,726 INFO org.hibernate.Version [main] HHH000412: Hibernate Core {5.3.10.Final}
2020-03-09 22:45:05,729 INFO org.hibernate.cfg.Environment [main] HHH000206: hibernate.properties not found
2020-03-09 22:45:06,161 INFO org.hibernate.annotations.common.reflection.java.JavaReflectionManager [main] HCANN000001: Hibernate Commons Annotations {5.0.4.Final}
2020-03-09 22:45:07,195 INFO org.hibernate.dialect.Dialect [main] HHH000400: Using dialect: org.hibernate.dialect.MySQL5Dialect
2020-03-09 22:45:16,102 INFO org.springframework.orm.jpa.AbstractEntityManagerFactoryBean [main] Initialized JPA EntityManagerFactory for persistence unit 'default'
2020-03-09 22:45:19,604 WARN org.springframework.boot.autoconfigure.orm.jpa.JpaBaseConfiguration$JpaWebConfiguration$JpaWebMvcConfiguration [main] spring.jpa.open-in-view is enabled by default. Therefore, database queries may be performed during view rendering. Explicitly configure spring.jpa.open-in-view to disable this warning
2020-03-09 22:45:19,823 INFO org.springframework.boot.autoconfigure.web.servlet.WelcomePageHandlerMapping [main] Adding welcome page: class path resource [static/index.html]
2020-03-09 22:45:19,972 INFO org.springframework.security.web.DefaultSecurityFilterChain [main] Creating filter chain: any request, [org.springframework.security.web.context.request.async.WebAsyncManagerIntegrationFilter@47fca3cc, org.springframework.security.web.context.SecurityContextPersistenceFilter@2a984952, org.springframework.security.web.header.HeaderWriterFilter@731e0bff, org.springframework.web.filter.CorsFilter@55746340, org.springframework.security.web.authentication.logout.LogoutFilter@783dc0e7, com.promist.logistics.security.JwtAuthTokenFilter@396f2724, org.springframework.security.web.savedrequest.RequestCacheAwareFilter@1dbc607d, org.springframework.security.web.servletapi.SecurityContextHolderAwareRequestFilter@65da4a5d, org.springframework.security.web.authentication.AnonymousAuthenticationFilter@6a0c7af6, org.springframework.security.web.session.SessionManagementFilter@628bd77e, org.springframework.security.web.access.ExceptionTranslationFilter@77d54a41, org.springframework.security.web.access.intercept.FilterSecurityInterceptor@11978f52]
2020-03-09 22:45:21,161 INFO org.springframework.scheduling.concurrent.ExecutorConfigurationSupport [main] Initializing ExecutorService 'applicationTaskExecutor'
2020-03-09 22:45:22,119 INFO org.springframework.boot.StartupInfoLogger [main] Started LogisticsApplicationTests in 23.174 seconds (JVM running for 25.063)
2020-03-09 22:45:22,421 INFO org.springframework.scheduling.concurrent.ExecutorConfigurationSupport [Thread-2] Shutting down ExecutorService 'applicationTaskExecutor'
2020-03-09 22:45:22,432 INFO org.springframework.orm.jpa.AbstractEntityManagerFactoryBean [Thread-2] Closing JPA EntityManagerFactory for persistence unit 'default'
2020-03-09 22:45:22,439 INFO com.zaxxer.hikari.HikariDataSource [Thread-2] HikariPool-1 - Shutdown initiated...
2020-03-09 22:45:22,474 INFO com.zaxxer.hikari.HikariDataSource [Thread-2] HikariPool-1 - Shutdown completed.
