2019-11-27 19:37:44,595 INFO org.springframework.boot.StartupInfoLogger [main] Starting LogisticsApplication on MKIT_LENOVO41 with PID 5276 (C:\Users\ndimsic\Desktop\promist-logistics\server\target\classes started by ndimsic in C:\Users\ndimsic\Desktop\promist-logistics\server)
2019-11-27 19:37:44,605 DEBUG org.springframework.boot.StartupInfoLogger [main] Running with Spring Boot v2.1.7.RELEASE, Spring v5.1.9.RELEASE
2019-11-27 19:37:44,606 INFO org.springframework.boot.SpringApplication [main] No active profile set, falling back to default profiles: default
2019-11-27 19:37:47,273 INFO org.springframework.data.repository.config.RepositoryConfigurationDelegate [main] Bootstrapping Spring Data repositories in DEFAULT mode.
2019-11-27 19:37:47,610 INFO org.springframework.data.repository.config.RepositoryConfigurationDelegate [main] Finished Spring Data repository scanning in 308ms. Found 11 repository interfaces.
2019-11-27 19:37:48,352 INFO org.springframework.context.support.PostProcessorRegistrationDelegate$BeanPostProcessorChecker [main] Bean 'org.springframework.transaction.annotation.ProxyTransactionManagementConfiguration' of type [org.springframework.transaction.annotation.ProxyTransactionManagementConfiguration$$EnhancerBySpringCGLIB$$a11b3df] is not eligible for getting processed by all BeanPostProcessors (for example: not eligible for auto-proxying)
2019-11-27 19:37:48,433 INFO org.springframework.context.support.PostProcessorRegistrationDelegate$BeanPostProcessorChecker [main] Bean 'org.springframework.security.config.annotation.configuration.ObjectPostProcessorConfiguration' of type [org.springframework.security.config.annotation.configuration.ObjectPostProcessorConfiguration$$EnhancerBySpringCGLIB$$a2bf7c19] is not eligible for getting processed by all BeanPostProcessors (for example: not eligible for auto-proxying)
2019-11-27 19:37:48,445 INFO org.springframework.context.support.PostProcessorRegistrationDelegate$BeanPostProcessorChecker [main] Bean 'objectPostProcessor' of type [org.springframework.security.config.annotation.configuration.AutowireBeanFactoryObjectPostProcessor] is not eligible for getting processed by all BeanPostProcessors (for example: not eligible for auto-proxying)
2019-11-27 19:37:48,451 INFO org.springframework.context.support.PostProcessorRegistrationDelegate$BeanPostProcessorChecker [main] Bean 'org.springframework.security.access.expression.method.DefaultMethodSecurityExpressionHandler@21fff664' of type [org.springframework.security.access.expression.method.DefaultMethodSecurityExpressionHandler] is not eligible for getting processed by all BeanPostProcessors (for example: not eligible for auto-proxying)
2019-11-27 19:37:48,455 INFO org.springframework.context.support.PostProcessorRegistrationDelegate$BeanPostProcessorChecker [main] Bean 'org.springframework.security.config.annotation.method.configuration.GlobalMethodSecurityConfiguration' of type [org.springframework.security.config.annotation.method.configuration.GlobalMethodSecurityConfiguration$$EnhancerBySpringCGLIB$$c7941ecb] is not eligible for getting processed by all BeanPostProcessors (for example: not eligible for auto-proxying)
2019-11-27 19:37:48,464 INFO org.springframework.context.support.PostProcessorRegistrationDelegate$BeanPostProcessorChecker [main] Bean 'methodSecurityMetadataSource' of type [org.springframework.security.access.method.DelegatingMethodSecurityMetadataSource] is not eligible for getting processed by all BeanPostProcessors (for example: not eligible for auto-proxying)
2019-11-27 19:37:49,800 INFO org.springframework.boot.web.embedded.tomcat.TomcatWebServer [main] Tomcat initialized with port(s): 8080 (http)
2019-11-27 19:37:49,840 INFO org.apache.juli.logging.DirectJDKLog [main] Initializing ProtocolHandler ["http-nio-8080"]
2019-11-27 19:37:49,867 INFO org.apache.juli.logging.DirectJDKLog [main] Starting service [Tomcat]
2019-11-27 19:37:49,868 INFO org.apache.juli.logging.DirectJDKLog [main] Starting Servlet engine: [Apache Tomcat/9.0.22]
2019-11-27 19:37:50,235 INFO org.apache.juli.logging.DirectJDKLog [main] Initializing Spring embedded WebApplicationContext
2019-11-27 19:37:50,237 INFO org.springframework.boot.web.servlet.context.ServletWebServerApplicationContext [main] Root WebApplicationContext: initialization completed in 5488 ms
2019-11-27 19:37:50,751 INFO com.zaxxer.hikari.HikariDataSource [main] HikariPool-1 - Starting...
2019-11-27 19:37:51,213 INFO com.zaxxer.hikari.HikariDataSource [main] HikariPool-1 - Start completed.
2019-11-27 19:37:51,444 INFO org.hibernate.jpa.internal.util.LogHelper [main] HHH000204: Processing PersistenceUnitInfo [
	name: default
	...]
2019-11-27 19:37:51,665 INFO org.hibernate.Version [main] HHH000412: Hibernate Core {5.3.10.Final}
2019-11-27 19:37:51,669 INFO org.hibernate.cfg.Environment [main] HHH000206: hibernate.properties not found
2019-11-27 19:37:52,098 INFO org.hibernate.annotations.common.reflection.java.JavaReflectionManager [main] HCANN000001: Hibernate Commons Annotations {5.0.4.Final}
2019-11-27 19:37:52,676 INFO org.hibernate.dialect.Dialect [main] HHH000400: Using dialect: org.hibernate.dialect.MySQL5Dialect
2019-11-27 19:38:01,563 INFO org.hibernate.tool.schema.internal.SchemaCreatorImpl [main] HHH000476: Executing import script 'org.hibernate.tool.schema.internal.exec.ScriptSourceInputNonExistentImpl@21280cbb'
2019-11-27 19:38:01,571 INFO org.springframework.orm.jpa.AbstractEntityManagerFactoryBean [main] Initialized JPA EntityManagerFactory for persistence unit 'default'
2019-11-27 19:38:02,582 DEBUG org.springframework.web.filter.GenericFilterBean [main] Filter 'authenticationJwtTokenFilter' configured for use
2019-11-27 19:38:03,887 WARN org.springframework.boot.autoconfigure.orm.jpa.JpaBaseConfiguration$JpaWebConfiguration$JpaWebMvcConfiguration [main] spring.jpa.open-in-view is enabled by default. Therefore, database queries may be performed during view rendering. Explicitly configure spring.jpa.open-in-view to disable this warning
2019-11-27 19:38:04,028 INFO org.springframework.boot.autoconfigure.web.servlet.WelcomePageHandlerMapping [main] Adding welcome page: class path resource [static/index.html]
2019-11-27 19:38:04,087 INFO org.springframework.security.web.DefaultSecurityFilterChain [main] Creating filter chain: any request, [org.springframework.security.web.context.request.async.WebAsyncManagerIntegrationFilter@4cd8db31, org.springframework.security.web.context.SecurityContextPersistenceFilter@294ebe11, org.springframework.security.web.header.HeaderWriterFilter@5fb514c2, org.springframework.web.filter.CorsFilter@201a8ea7, org.springframework.security.web.authentication.logout.LogoutFilter@178dc733, com.promist.logistics.security.JwtAuthTokenFilter@48d5ca17, org.springframework.security.web.savedrequest.RequestCacheAwareFilter@2862271a, org.springframework.security.web.servletapi.SecurityContextHolderAwareRequestFilter@45849604, org.springframework.security.web.authentication.AnonymousAuthenticationFilter@ecf028c, org.springframework.security.web.session.SessionManagementFilter@76220ef1, org.springframework.security.web.access.ExceptionTranslationFilter@2474df51, org.springframework.security.web.access.intercept.FilterSecurityInterceptor@41ec4271]
2019-11-27 19:38:04,486 INFO org.springframework.scheduling.concurrent.ExecutorConfigurationSupport [main] Initializing ExecutorService 'applicationTaskExecutor'
2019-11-27 19:38:04,932 INFO org.apache.juli.logging.DirectJDKLog [main] Starting ProtocolHandler ["http-nio-8080"]
2019-11-27 19:38:05,012 INFO org.springframework.boot.web.embedded.tomcat.TomcatWebServer [main] Tomcat started on port(s): 8080 (http) with context path ''
2019-11-27 19:38:05,017 INFO org.springframework.boot.StartupInfoLogger [main] Started LogisticsApplication in 21.49 seconds (JVM running for 22.163)
2019-11-27 19:45:58,925 INFO org.apache.juli.logging.DirectJDKLog [http-nio-8080-exec-2] Initializing Spring DispatcherServlet 'dispatcherServlet'
2019-11-27 19:45:58,926 INFO org.springframework.web.servlet.FrameworkServlet [http-nio-8080-exec-2] Initializing Servlet 'dispatcherServlet'
2019-11-27 19:45:58,946 INFO org.springframework.web.servlet.FrameworkServlet [http-nio-8080-exec-2] Completed initialization in 19 ms
2019-11-27 19:46:21,891 ERROR com.promist.logistics.security.JwtAuthEntryPoint [http-nio-8080-exec-5] Unauthorized error. Message - Full authentication is required to access this resource
2019-11-27 19:46:21,892 ERROR com.promist.logistics.security.JwtAuthEntryPoint [http-nio-8080-exec-3] Unauthorized error. Message - Full authentication is required to access this resource
2019-11-27 19:46:21,892 ERROR com.promist.logistics.security.JwtAuthEntryPoint [http-nio-8080-exec-10] Unauthorized error. Message - Full authentication is required to access this resource
2019-11-27 19:46:21,891 ERROR com.promist.logistics.security.JwtAuthEntryPoint [http-nio-8080-exec-8] Unauthorized error. Message - Full authentication is required to access this resource
2019-11-27 19:46:21,891 ERROR com.promist.logistics.security.JwtAuthEntryPoint [http-nio-8080-exec-9] Unauthorized error. Message - Full authentication is required to access this resource
2019-11-27 19:47:35,164 ERROR com.promist.logistics.security.JwtAuthEntryPoint [http-nio-8080-exec-9] Unauthorized error. Message - Full authentication is required to access this resource
2019-11-27 19:47:35,168 ERROR com.promist.logistics.security.JwtAuthEntryPoint [http-nio-8080-exec-8] Unauthorized error. Message - Full authentication is required to access this resource
2019-11-27 19:47:35,173 ERROR com.promist.logistics.security.JwtAuthEntryPoint [http-nio-8080-exec-5] Unauthorized error. Message - Full authentication is required to access this resource
2019-11-27 19:47:35,182 ERROR com.promist.logistics.security.JwtAuthEntryPoint [http-nio-8080-exec-10] Unauthorized error. Message - Full authentication is required to access this resource
2019-11-27 19:47:35,182 ERROR com.promist.logistics.security.JwtAuthEntryPoint [http-nio-8080-exec-3] Unauthorized error. Message - Full authentication is required to access this resource
2019-11-27 19:48:28,839 ERROR com.promist.logistics.security.JwtAuthEntryPoint [http-nio-8080-exec-8] Unauthorized error. Message - Full authentication is required to access this resource
2019-11-27 19:48:28,949 INFO org.hibernate.hql.internal.QueryTranslatorFactoryInitiator [http-nio-8080-exec-9] HHH000397: Using ASTQueryTranslatorFactory
2019-11-27 19:52:31,949 INFO com.promist.logistics.service.MarlepServiceImpl [http-nio-8080-exec-4] USPESNO->Datum:2019-11-27 Smer:ulaz  Kolicina1.0 Novo stanje:1.0 Magacin:Novi Sad, Privrednikova 6 Pakovanje:1000/1 neegal Roba:NPK 16:16:16 Lot:15-2019 Korisnik:1
2019-11-27 19:52:31,988 INFO com.promist.logistics.controller.MarlepController [http-nio-8080-exec-4] USPESNO->Datum:2019-11-02Smer:ulaz  Kolicina1.0 Novo stanje:1.0 Magacin:Novi Sad, Privrednikova 6 Pakovanje:1000/1 neegal Roba:NPK 16:16:16 Lot:15-2019 Korisnik:1
2019-11-27 20:46:08,206 INFO org.springframework.boot.StartupInfoLogger [main] Starting LogisticsApplication on MKIT_LENOVO41 with PID 3140 (C:\Users\ndimsic\Desktop\promist-logistics\server\target\classes started by ndimsic in C:\Users\ndimsic\Desktop\promist-logistics\server)
2019-11-27 20:46:08,210 DEBUG org.springframework.boot.StartupInfoLogger [main] Running with Spring Boot v2.1.7.RELEASE, Spring v5.1.9.RELEASE
2019-11-27 20:46:08,210 INFO org.springframework.boot.SpringApplication [main] No active profile set, falling back to default profiles: default
2019-11-27 20:46:09,827 INFO org.springframework.data.repository.config.RepositoryConfigurationDelegate [main] Bootstrapping Spring Data repositories in DEFAULT mode.
2019-11-27 20:46:10,078 INFO org.springframework.data.repository.config.RepositoryConfigurationDelegate [main] Finished Spring Data repository scanning in 232ms. Found 11 repository interfaces.
2019-11-27 20:46:10,891 INFO org.springframework.context.support.PostProcessorRegistrationDelegate$BeanPostProcessorChecker [main] Bean 'org.springframework.transaction.annotation.ProxyTransactionManagementConfiguration' of type [org.springframework.transaction.annotation.ProxyTransactionManagementConfiguration$$EnhancerBySpringCGLIB$$eb628307] is not eligible for getting processed by all BeanPostProcessors (for example: not eligible for auto-proxying)
2019-11-27 20:46:10,956 INFO org.springframework.context.support.PostProcessorRegistrationDelegate$BeanPostProcessorChecker [main] Bean 'org.springframework.security.config.annotation.configuration.ObjectPostProcessorConfiguration' of type [org.springframework.security.config.annotation.configuration.ObjectPostProcessorConfiguration$$EnhancerBySpringCGLIB$$84104b41] is not eligible for getting processed by all BeanPostProcessors (for example: not eligible for auto-proxying)
2019-11-27 20:46:10,965 INFO org.springframework.context.support.PostProcessorRegistrationDelegate$BeanPostProcessorChecker [main] Bean 'objectPostProcessor' of type [org.springframework.security.config.annotation.configuration.AutowireBeanFactoryObjectPostProcessor] is not eligible for getting processed by all BeanPostProcessors (for example: not eligible for auto-proxying)
2019-11-27 20:46:10,969 INFO org.springframework.context.support.PostProcessorRegistrationDelegate$BeanPostProcessorChecker [main] Bean 'org.springframework.security.access.expression.method.DefaultMethodSecurityExpressionHandler@2b97cc1f' of type [org.springframework.security.access.expression.method.DefaultMethodSecurityExpressionHandler] is not eligible for getting processed by all BeanPostProcessors (for example: not eligible for auto-proxying)
2019-11-27 20:46:10,974 INFO org.springframework.context.support.PostProcessorRegistrationDelegate$BeanPostProcessorChecker [main] Bean 'org.springframework.security.config.annotation.method.configuration.GlobalMethodSecurityConfiguration' of type [org.springframework.security.config.annotation.method.configuration.GlobalMethodSecurityConfiguration$$EnhancerBySpringCGLIB$$a8e4edf3] is not eligible for getting processed by all BeanPostProcessors (for example: not eligible for auto-proxying)
2019-11-27 20:46:10,981 INFO org.springframework.context.support.PostProcessorRegistrationDelegate$BeanPostProcessorChecker [main] Bean 'methodSecurityMetadataSource' of type [org.springframework.security.access.method.DelegatingMethodSecurityMetadataSource] is not eligible for getting processed by all BeanPostProcessors (for example: not eligible for auto-proxying)
2019-11-27 20:46:12,280 INFO org.springframework.boot.web.embedded.tomcat.TomcatWebServer [main] Tomcat initialized with port(s): 8080 (http)
2019-11-27 20:46:12,330 INFO org.apache.juli.logging.DirectJDKLog [main] Initializing ProtocolHandler ["http-nio-8080"]
2019-11-27 20:46:12,380 INFO org.apache.juli.logging.DirectJDKLog [main] Starting service [Tomcat]
2019-11-27 20:46:12,381 INFO org.apache.juli.logging.DirectJDKLog [main] Starting Servlet engine: [Apache Tomcat/9.0.22]
2019-11-27 20:46:12,822 INFO org.apache.juli.logging.DirectJDKLog [main] Initializing Spring embedded WebApplicationContext
2019-11-27 20:46:12,825 INFO org.springframework.boot.web.servlet.context.ServletWebServerApplicationContext [main] Root WebApplicationContext: initialization completed in 4561 ms
2019-11-27 20:46:13,399 INFO com.zaxxer.hikari.HikariDataSource [main] HikariPool-1 - Starting...
2019-11-27 20:46:13,728 INFO com.zaxxer.hikari.HikariDataSource [main] HikariPool-1 - Start completed.
2019-11-27 20:46:13,891 INFO org.hibernate.jpa.internal.util.LogHelper [main] HHH000204: Processing PersistenceUnitInfo [
	name: default
	...]
2019-11-27 20:46:14,074 INFO org.hibernate.Version [main] HHH000412: Hibernate Core {5.3.10.Final}
2019-11-27 20:46:14,078 INFO org.hibernate.cfg.Environment [main] HHH000206: hibernate.properties not found
2019-11-27 20:46:14,475 INFO org.hibernate.annotations.common.reflection.java.JavaReflectionManager [main] HCANN000001: Hibernate Commons Annotations {5.0.4.Final}
2019-11-27 20:46:14,923 INFO org.hibernate.dialect.Dialect [main] HHH000400: Using dialect: org.hibernate.dialect.MySQL5Dialect
2019-11-27 20:46:23,042 INFO org.hibernate.tool.schema.internal.SchemaCreatorImpl [main] HHH000476: Executing import script 'org.hibernate.tool.schema.internal.exec.ScriptSourceInputNonExistentImpl@27502e5c'
2019-11-27 20:46:23,049 INFO org.springframework.orm.jpa.AbstractEntityManagerFactoryBean [main] Initialized JPA EntityManagerFactory for persistence unit 'default'
2019-11-27 20:46:24,116 DEBUG org.springframework.web.filter.GenericFilterBean [main] Filter 'authenticationJwtTokenFilter' configured for use
2019-11-27 20:46:25,727 WARN org.springframework.boot.autoconfigure.orm.jpa.JpaBaseConfiguration$JpaWebConfiguration$JpaWebMvcConfiguration [main] spring.jpa.open-in-view is enabled by default. Therefore, database queries may be performed during view rendering. Explicitly configure spring.jpa.open-in-view to disable this warning
2019-11-27 20:46:25,893 INFO org.springframework.boot.autoconfigure.web.servlet.WelcomePageHandlerMapping [main] Adding welcome page: class path resource [static/index.html]
2019-11-27 20:46:25,959 INFO org.springframework.security.web.DefaultSecurityFilterChain [main] Creating filter chain: any request, [org.springframework.security.web.context.request.async.WebAsyncManagerIntegrationFilter@5358c8fa, org.springframework.security.web.context.SecurityContextPersistenceFilter@ca10069, org.springframework.security.web.header.HeaderWriterFilter@31fe0ce5, org.springframework.web.filter.CorsFilter@1a02ebe0, org.springframework.security.web.authentication.logout.LogoutFilter@5b59c3d, com.promist.logistics.security.JwtAuthTokenFilter@60194904, org.springframework.security.web.savedrequest.RequestCacheAwareFilter@3c89b864, org.springframework.security.web.servletapi.SecurityContextHolderAwareRequestFilter@5cb8580, org.springframework.security.web.authentication.AnonymousAuthenticationFilter@58b3eb1, org.springframework.security.web.session.SessionManagementFilter@1e7cfd49, org.springframework.security.web.access.ExceptionTranslationFilter@18692e80, org.springframework.security.web.access.intercept.FilterSecurityInterceptor@1a4cbcc6]
2019-11-27 20:46:26,314 INFO org.springframework.scheduling.concurrent.ExecutorConfigurationSupport [main] Initializing ExecutorService 'applicationTaskExecutor'
2019-11-27 20:46:26,747 INFO org.apache.juli.logging.DirectJDKLog [main] Starting ProtocolHandler ["http-nio-8080"]
2019-11-27 20:46:26,806 INFO org.springframework.boot.web.embedded.tomcat.TomcatWebServer [main] Tomcat started on port(s): 8080 (http) with context path ''
2019-11-27 20:46:26,810 INFO org.springframework.boot.StartupInfoLogger [main] Started LogisticsApplication in 19.259 seconds (JVM running for 20.131)
2019-11-27 20:47:15,941 INFO org.apache.juli.logging.DirectJDKLog [http-nio-8080-exec-3] Initializing Spring DispatcherServlet 'dispatcherServlet'
2019-11-27 20:47:15,944 INFO org.springframework.web.servlet.FrameworkServlet [http-nio-8080-exec-3] Initializing Servlet 'dispatcherServlet'
2019-11-27 20:47:15,972 INFO org.springframework.web.servlet.FrameworkServlet [http-nio-8080-exec-3] Completed initialization in 26 ms
2019-11-27 20:47:17,067 INFO org.hibernate.hql.internal.QueryTranslatorFactoryInitiator [http-nio-8080-exec-3] HHH000397: Using ASTQueryTranslatorFactory
2019-11-27 21:43:51,713 INFO org.springframework.boot.StartupInfoLogger [main] Starting LogisticsApplication on MKIT_LENOVO41 with PID 5188 (C:\Users\ndimsic\Desktop\promist-logistics\server\target\classes started by ndimsic in C:\Users\ndimsic\Desktop\promist-logistics\server)
2019-11-27 21:43:51,719 DEBUG org.springframework.boot.StartupInfoLogger [main] Running with Spring Boot v2.1.7.RELEASE, Spring v5.1.9.RELEASE
2019-11-27 21:43:51,719 INFO org.springframework.boot.SpringApplication [main] No active profile set, falling back to default profiles: default
2019-11-27 21:43:53,833 INFO org.springframework.data.repository.config.RepositoryConfigurationDelegate [main] Bootstrapping Spring Data repositories in DEFAULT mode.
2019-11-27 21:43:54,305 INFO org.springframework.data.repository.config.RepositoryConfigurationDelegate [main] Finished Spring Data repository scanning in 440ms. Found 11 repository interfaces.
2019-11-27 21:43:55,550 INFO org.springframework.context.support.PostProcessorRegistrationDelegate$BeanPostProcessorChecker [main] Bean 'org.springframework.transaction.annotation.ProxyTransactionManagementConfiguration' of type [org.springframework.transaction.annotation.ProxyTransactionManagementConfiguration$$EnhancerBySpringCGLIB$$35f28e22] is not eligible for getting processed by all BeanPostProcessors (for example: not eligible for auto-proxying)
2019-11-27 21:43:55,680 INFO org.springframework.context.support.PostProcessorRegistrationDelegate$BeanPostProcessorChecker [main] Bean 'org.springframework.security.config.annotation.configuration.ObjectPostProcessorConfiguration' of type [org.springframework.security.config.annotation.configuration.ObjectPostProcessorConfiguration$$EnhancerBySpringCGLIB$$cea0565c] is not eligible for getting processed by all BeanPostProcessors (for example: not eligible for auto-proxying)
2019-11-27 21:43:55,700 INFO org.springframework.context.support.PostProcessorRegistrationDelegate$BeanPostProcessorChecker [main] Bean 'objectPostProcessor' of type [org.springframework.security.config.annotation.configuration.AutowireBeanFactoryObjectPostProcessor] is not eligible for getting processed by all BeanPostProcessors (for example: not eligible for auto-proxying)
2019-11-27 21:43:55,708 INFO org.springframework.context.support.PostProcessorRegistrationDelegate$BeanPostProcessorChecker [main] Bean 'org.springframework.security.access.expression.method.DefaultMethodSecurityExpressionHandler@27aae97b' of type [org.springframework.security.access.expression.method.DefaultMethodSecurityExpressionHandler] is not eligible for getting processed by all BeanPostProcessors (for example: not eligible for auto-proxying)
2019-11-27 21:43:55,717 INFO org.springframework.context.support.PostProcessorRegistrationDelegate$BeanPostProcessorChecker [main] Bean 'org.springframework.security.config.annotation.method.configuration.GlobalMethodSecurityConfiguration' of type [org.springframework.security.config.annotation.method.configuration.GlobalMethodSecurityConfiguration$$EnhancerBySpringCGLIB$$f374f90e] is not eligible for getting processed by all BeanPostProcessors (for example: not eligible for auto-proxying)
2019-11-27 21:43:55,732 INFO org.springframework.context.support.PostProcessorRegistrationDelegate$BeanPostProcessorChecker [main] Bean 'methodSecurityMetadataSource' of type [org.springframework.security.access.method.DelegatingMethodSecurityMetadataSource] is not eligible for getting processed by all BeanPostProcessors (for example: not eligible for auto-proxying)
2019-11-27 21:43:56,995 INFO org.springframework.boot.web.embedded.tomcat.TomcatWebServer [main] Tomcat initialized with port(s): 8080 (http)
2019-11-27 21:43:57,032 INFO org.apache.juli.logging.DirectJDKLog [main] Initializing ProtocolHandler ["http-nio-8080"]
2019-11-27 21:43:57,056 INFO org.apache.juli.logging.DirectJDKLog [main] Starting service [Tomcat]
2019-11-27 21:43:57,057 INFO org.apache.juli.logging.DirectJDKLog [main] Starting Servlet engine: [Apache Tomcat/9.0.22]
2019-11-27 21:43:57,821 INFO org.apache.juli.logging.DirectJDKLog [main] Initializing Spring embedded WebApplicationContext
2019-11-27 21:43:57,823 INFO org.springframework.boot.web.servlet.context.ServletWebServerApplicationContext [main] Root WebApplicationContext: initialization completed in 6033 ms
2019-11-27 21:43:58,736 INFO com.zaxxer.hikari.HikariDataSource [main] HikariPool-1 - Starting...
2019-11-27 21:43:59,436 INFO com.zaxxer.hikari.HikariDataSource [main] HikariPool-1 - Start completed.
2019-11-27 21:43:59,650 INFO org.hibernate.jpa.internal.util.LogHelper [main] HHH000204: Processing PersistenceUnitInfo [
	name: default
	...]
2019-11-27 21:43:59,825 INFO org.hibernate.Version [main] HHH000412: Hibernate Core {5.3.10.Final}
2019-11-27 21:43:59,829 INFO org.hibernate.cfg.Environment [main] HHH000206: hibernate.properties not found
2019-11-27 21:44:00,209 INFO org.hibernate.annotations.common.reflection.java.JavaReflectionManager [main] HCANN000001: Hibernate Commons Annotations {5.0.4.Final}
2019-11-27 21:44:00,634 INFO org.hibernate.dialect.Dialect [main] HHH000400: Using dialect: org.hibernate.dialect.MySQL5Dialect
2019-11-27 21:44:10,165 INFO org.hibernate.tool.schema.internal.SchemaCreatorImpl [main] HHH000476: Executing import script 'org.hibernate.tool.schema.internal.exec.ScriptSourceInputNonExistentImpl@1716c037'
2019-11-27 21:44:10,171 INFO org.springframework.orm.jpa.AbstractEntityManagerFactoryBean [main] Initialized JPA EntityManagerFactory for persistence unit 'default'
2019-11-27 21:44:11,186 DEBUG org.springframework.web.filter.GenericFilterBean [main] Filter 'authenticationJwtTokenFilter' configured for use
2019-11-27 21:44:12,454 WARN org.springframework.boot.autoconfigure.orm.jpa.JpaBaseConfiguration$JpaWebConfiguration$JpaWebMvcConfiguration [main] spring.jpa.open-in-view is enabled by default. Therefore, database queries may be performed during view rendering. Explicitly configure spring.jpa.open-in-view to disable this warning
2019-11-27 21:44:12,574 INFO org.springframework.boot.autoconfigure.web.servlet.WelcomePageHandlerMapping [main] Adding welcome page: class path resource [static/index.html]
2019-11-27 21:44:12,629 INFO org.springframework.security.web.DefaultSecurityFilterChain [main] Creating filter chain: any request, [org.springframework.security.web.context.request.async.WebAsyncManagerIntegrationFilter@7c048b30, org.springframework.security.web.context.SecurityContextPersistenceFilter@4f2fdf3d, org.springframework.security.web.header.HeaderWriterFilter@56b751b1, org.springframework.web.filter.CorsFilter@309cf657, org.springframework.security.web.authentication.logout.LogoutFilter@bb5f9d, com.promist.logistics.security.JwtAuthTokenFilter@6814262d, org.springframework.security.web.savedrequest.RequestCacheAwareFilter@4af7ac25, org.springframework.security.web.servletapi.SecurityContextHolderAwareRequestFilter@87220f1, org.springframework.security.web.authentication.AnonymousAuthenticationFilter@4d4c4b14, org.springframework.security.web.session.SessionManagementFilter@1d0b447b, org.springframework.security.web.access.ExceptionTranslationFilter@405603b6, org.springframework.security.web.access.intercept.FilterSecurityInterceptor@a7ae340]
2019-11-27 21:44:12,986 INFO org.springframework.scheduling.concurrent.ExecutorConfigurationSupport [main] Initializing ExecutorService 'applicationTaskExecutor'
2019-11-27 21:44:13,390 INFO org.apache.juli.logging.DirectJDKLog [main] Starting ProtocolHandler ["http-nio-8080"]
2019-11-27 21:44:13,442 INFO org.springframework.boot.web.embedded.tomcat.TomcatWebServer [main] Tomcat started on port(s): 8080 (http) with context path ''
2019-11-27 21:44:13,445 INFO org.springframework.boot.StartupInfoLogger [main] Started LogisticsApplication in 22.83 seconds (JVM running for 23.758)
2019-11-27 21:44:40,762 INFO org.apache.juli.logging.DirectJDKLog [http-nio-8080-exec-2] Initializing Spring DispatcherServlet 'dispatcherServlet'
2019-11-27 21:44:40,765 INFO org.springframework.web.servlet.FrameworkServlet [http-nio-8080-exec-2] Initializing Servlet 'dispatcherServlet'
2019-11-27 21:44:40,786 INFO org.springframework.web.servlet.FrameworkServlet [http-nio-8080-exec-2] Completed initialization in 21 ms
2019-11-27 21:44:42,006 INFO org.hibernate.hql.internal.QueryTranslatorFactoryInitiator [http-nio-8080-exec-2] HHH000397: Using ASTQueryTranslatorFactory
