2020-06-01 22:11:32,036 INFO org.springframework.boot.StartupInfoLogger [main] Starting LogisticsApplication v0.0.1-SNAPSHOT on DESKTOP-JHDVC0S with PID 8160 (A:\promist?latest\promist-logistics\target\logistics-0.0.1-SNAPSHOT.jar started by nemanja in A:\promist?latest\promist-logistics)
2020-06-01 22:11:32,045 DEBUG org.springframework.boot.StartupInfoLogger [main] Running with Spring Boot v2.1.7.RELEASE, Spring v5.1.9.RELEASE
2020-06-01 22:11:32,046 INFO org.springframework.boot.SpringApplication [main] No active profile set, falling back to default profiles: default
2020-06-01 22:11:33,484 INFO org.springframework.data.repository.config.RepositoryConfigurationDelegate [main] Bootstrapping Spring Data repositories in DEFAULT mode.
2020-06-01 22:11:33,738 INFO org.springframework.data.repository.config.RepositoryConfigurationDelegate [main] Finished Spring Data repository scanning in 226ms. Found 12 repository interfaces.
2020-06-01 22:11:34,367 INFO org.springframework.context.support.PostProcessorRegistrationDelegate$BeanPostProcessorChecker [main] Bean 'org.springframework.transaction.annotation.ProxyTransactionManagementConfiguration' of type [org.springframework.transaction.annotation.ProxyTransactionManagementConfiguration$$EnhancerBySpringCGLIB$$de6f8998] is not eligible for getting processed by all BeanPostProcessors (for example: not eligible for auto-proxying)
2020-06-01 22:11:34,427 INFO org.springframework.context.support.PostProcessorRegistrationDelegate$BeanPostProcessorChecker [main] Bean 'org.springframework.security.config.annotation.configuration.ObjectPostProcessorConfiguration' of type [org.springframework.security.config.annotation.configuration.ObjectPostProcessorConfiguration$$EnhancerBySpringCGLIB$$771d51d2] is not eligible for getting processed by all BeanPostProcessors (for example: not eligible for auto-proxying)
2020-06-01 22:11:34,435 INFO org.springframework.context.support.PostProcessorRegistrationDelegate$BeanPostProcessorChecker [main] Bean 'objectPostProcessor' of type [org.springframework.security.config.annotation.configuration.AutowireBeanFactoryObjectPostProcessor] is not eligible for getting processed by all BeanPostProcessors (for example: not eligible for auto-proxying)
2020-06-01 22:11:34,438 INFO org.springframework.context.support.PostProcessorRegistrationDelegate$BeanPostProcessorChecker [main] Bean 'org.springframework.security.access.expression.method.DefaultMethodSecurityExpressionHandler@24269709' of type [org.springframework.security.access.expression.method.DefaultMethodSecurityExpressionHandler] is not eligible for getting processed by all BeanPostProcessors (for example: not eligible for auto-proxying)
2020-06-01 22:11:34,439 INFO org.springframework.context.support.PostProcessorRegistrationDelegate$BeanPostProcessorChecker [main] Bean 'org.springframework.security.config.annotation.method.configuration.GlobalMethodSecurityConfiguration' of type [org.springframework.security.config.annotation.method.configuration.GlobalMethodSecurityConfiguration$$EnhancerBySpringCGLIB$$9bf1f484] is not eligible for getting processed by all BeanPostProcessors (for example: not eligible for auto-proxying)
2020-06-01 22:11:34,445 INFO org.springframework.context.support.PostProcessorRegistrationDelegate$BeanPostProcessorChecker [main] Bean 'methodSecurityMetadataSource' of type [org.springframework.security.access.method.DelegatingMethodSecurityMetadataSource] is not eligible for getting processed by all BeanPostProcessors (for example: not eligible for auto-proxying)
2020-06-01 22:11:35,093 INFO org.springframework.boot.web.embedded.tomcat.TomcatWebServer [main] Tomcat initialized with port(s): 8080 (http)
2020-06-01 22:11:35,124 INFO org.apache.juli.logging.DirectJDKLog [main] Initializing ProtocolHandler ["http-nio-8080"]
2020-06-01 22:11:35,146 INFO org.apache.juli.logging.DirectJDKLog [main] Starting service [Tomcat]
2020-06-01 22:11:35,147 INFO org.apache.juli.logging.DirectJDKLog [main] Starting Servlet engine: [Apache Tomcat/9.0.22]
2020-06-01 22:11:35,858 INFO org.apache.juli.logging.DirectJDKLog [main] Initializing Spring embedded WebApplicationContext
2020-06-01 22:11:35,859 INFO org.springframework.boot.web.servlet.context.ServletWebServerApplicationContext [main] Root WebApplicationContext: initialization completed in 3682 ms
2020-06-01 22:11:36,361 INFO com.zaxxer.hikari.HikariDataSource [main] HikariPool-1 - Starting...
2020-06-01 22:11:36,625 INFO com.zaxxer.hikari.HikariDataSource [main] HikariPool-1 - Start completed.
2020-06-01 22:11:36,698 INFO org.hibernate.jpa.internal.util.LogHelper [main] HHH000204: Processing PersistenceUnitInfo [
	name: default
	...]
2020-06-01 22:11:36,812 INFO org.hibernate.Version [main] HHH000412: Hibernate Core {5.3.10.Final}
2020-06-01 22:11:36,815 INFO org.hibernate.cfg.Environment [main] HHH000206: hibernate.properties not found
2020-06-01 22:11:36,988 INFO org.hibernate.annotations.common.reflection.java.JavaReflectionManager [main] HCANN000001: Hibernate Commons Annotations {5.0.4.Final}
2020-06-01 22:11:37,696 INFO org.hibernate.dialect.Dialect [main] HHH000400: Using dialect: org.hibernate.dialect.MySQL5Dialect
2020-06-01 22:11:43,210 INFO org.springframework.orm.jpa.AbstractEntityManagerFactoryBean [main] Initialized JPA EntityManagerFactory for persistence unit 'default'
2020-06-01 22:11:44,128 DEBUG org.springframework.web.filter.GenericFilterBean [main] Filter 'authenticationJwtTokenFilter' configured for use
2020-06-01 22:11:44,873 WARN org.springframework.boot.autoconfigure.orm.jpa.JpaBaseConfiguration$JpaWebConfiguration$JpaWebMvcConfiguration [main] spring.jpa.open-in-view is enabled by default. Therefore, database queries may be performed during view rendering. Explicitly configure spring.jpa.open-in-view to disable this warning
2020-06-01 22:11:44,975 INFO org.springframework.boot.autoconfigure.web.servlet.WelcomePageHandlerMapping [main] Adding welcome page: class path resource [static/index.html]
2020-06-01 22:11:45,030 INFO org.springframework.security.web.DefaultSecurityFilterChain [main] Creating filter chain: any request, [org.springframework.security.web.context.request.async.WebAsyncManagerIntegrationFilter@c3fa05a, org.springframework.security.web.context.SecurityContextPersistenceFilter@57bd2029, org.springframework.security.web.header.HeaderWriterFilter@3a60c416, org.springframework.web.filter.CorsFilter@7b44b63d, org.springframework.security.web.authentication.logout.LogoutFilter@26a94fa5, com.promist.logistics.security.JwtAuthTokenFilter@4010d494, org.springframework.security.web.savedrequest.RequestCacheAwareFilter@e8fadb0, org.springframework.security.web.servletapi.SecurityContextHolderAwareRequestFilter@1d3e6d34, org.springframework.security.web.authentication.AnonymousAuthenticationFilter@4a699efa, org.springframework.security.web.session.SessionManagementFilter@469d003c, org.springframework.security.web.access.ExceptionTranslationFilter@2160e52a, org.springframework.security.web.access.intercept.FilterSecurityInterceptor@35c09b94]
2020-06-01 22:11:45,241 INFO org.springframework.scheduling.concurrent.ExecutorConfigurationSupport [main] Initializing ExecutorService 'applicationTaskExecutor'
2020-06-01 22:11:45,547 INFO org.apache.juli.logging.DirectJDKLog [main] Starting ProtocolHandler ["http-nio-8080"]
2020-06-01 22:11:45,589 INFO org.springframework.boot.web.embedded.tomcat.TomcatWebServer [main] Tomcat started on port(s): 8080 (http) with context path ''
2020-06-01 22:11:45,592 INFO org.springframework.boot.StartupInfoLogger [main] Started LogisticsApplication in 14.814 seconds (JVM running for 15.783)
2020-06-01 22:12:43,509 INFO org.apache.juli.logging.DirectJDKLog [http-nio-8080-exec-1] Initializing Spring DispatcherServlet 'dispatcherServlet'
2020-06-01 22:12:43,509 INFO org.springframework.web.servlet.FrameworkServlet [http-nio-8080-exec-1] Initializing Servlet 'dispatcherServlet'
2020-06-01 22:12:43,519 INFO org.springframework.web.servlet.FrameworkServlet [http-nio-8080-exec-1] Completed initialization in 9 ms
2020-06-01 22:12:43,929 INFO org.hibernate.hql.internal.QueryTranslatorFactoryInitiator [http-nio-8080-exec-1] HHH000397: Using ASTQueryTranslatorFactory
