2020-01-11 15:37:10,185 INFO org.springframework.boot.StartupInfoLogger [main] Starting LogisticsApplication on MKIT_LENOVO41 with PID 18404 (C:\Users\ndimsic\Desktop\promist-logistics\server\target\classes started by ndimsic in C:\Users\ndimsic\Desktop\promist-logistics\server)
2020-01-11 15:37:10,195 DEBUG org.springframework.boot.StartupInfoLogger [main] Running with Spring Boot v2.1.7.RELEASE, Spring v5.1.9.RELEASE
2020-01-11 15:37:10,196 INFO org.springframework.boot.SpringApplication [main] No active profile set, falling back to default profiles: default
2020-01-11 15:37:12,342 INFO org.springframework.data.repository.config.RepositoryConfigurationDelegate [main] Bootstrapping Spring Data repositories in DEFAULT mode.
2020-01-11 15:37:12,571 INFO org.springframework.data.repository.config.RepositoryConfigurationDelegate [main] Finished Spring Data repository scanning in 209ms. Found 11 repository interfaces.
2020-01-11 15:37:13,249 INFO org.springframework.context.support.PostProcessorRegistrationDelegate$BeanPostProcessorChecker [main] Bean 'org.springframework.transaction.annotation.ProxyTransactionManagementConfiguration' of type [org.springframework.transaction.annotation.ProxyTransactionManagementConfiguration$$EnhancerBySpringCGLIB$$e9e33166] is not eligible for getting processed by all BeanPostProcessors (for example: not eligible for auto-proxying)
2020-01-11 15:37:13,330 INFO org.springframework.context.support.PostProcessorRegistrationDelegate$BeanPostProcessorChecker [main] Bean 'org.springframework.security.config.annotation.configuration.ObjectPostProcessorConfiguration' of type [org.springframework.security.config.annotation.configuration.ObjectPostProcessorConfiguration$$EnhancerBySpringCGLIB$$8290f9a0] is not eligible for getting processed by all BeanPostProcessors (for example: not eligible for auto-proxying)
2020-01-11 15:37:13,342 INFO org.springframework.context.support.PostProcessorRegistrationDelegate$BeanPostProcessorChecker [main] Bean 'objectPostProcessor' of type [org.springframework.security.config.annotation.configuration.AutowireBeanFactoryObjectPostProcessor] is not eligible for getting processed by all BeanPostProcessors (for example: not eligible for auto-proxying)
2020-01-11 15:37:13,345 INFO org.springframework.context.support.PostProcessorRegistrationDelegate$BeanPostProcessorChecker [main] Bean 'org.springframework.security.access.expression.method.DefaultMethodSecurityExpressionHandler@7051777c' of type [org.springframework.security.access.expression.method.DefaultMethodSecurityExpressionHandler] is not eligible for getting processed by all BeanPostProcessors (for example: not eligible for auto-proxying)
2020-01-11 15:37:13,348 INFO org.springframework.context.support.PostProcessorRegistrationDelegate$BeanPostProcessorChecker [main] Bean 'org.springframework.security.config.annotation.method.configuration.GlobalMethodSecurityConfiguration' of type [org.springframework.security.config.annotation.method.configuration.GlobalMethodSecurityConfiguration$$EnhancerBySpringCGLIB$$a7659c52] is not eligible for getting processed by all BeanPostProcessors (for example: not eligible for auto-proxying)
2020-01-11 15:37:13,357 INFO org.springframework.context.support.PostProcessorRegistrationDelegate$BeanPostProcessorChecker [main] Bean 'methodSecurityMetadataSource' of type [org.springframework.security.access.method.DelegatingMethodSecurityMetadataSource] is not eligible for getting processed by all BeanPostProcessors (for example: not eligible for auto-proxying)
2020-01-11 15:37:14,236 INFO org.springframework.boot.web.embedded.tomcat.TomcatWebServer [main] Tomcat initialized with port(s): 8080 (http)
2020-01-11 15:37:14,273 INFO org.apache.juli.logging.DirectJDKLog [main] Initializing ProtocolHandler ["http-nio-8080"]
2020-01-11 15:37:14,298 INFO org.apache.juli.logging.DirectJDKLog [main] Starting service [Tomcat]
2020-01-11 15:37:14,299 INFO org.apache.juli.logging.DirectJDKLog [main] Starting Servlet engine: [Apache Tomcat/9.0.22]
2020-01-11 15:37:14,581 INFO org.apache.juli.logging.DirectJDKLog [main] Initializing Spring embedded WebApplicationContext
2020-01-11 15:37:14,582 INFO org.springframework.boot.web.servlet.context.ServletWebServerApplicationContext [main] Root WebApplicationContext: initialization completed in 4313 ms
2020-01-11 15:37:15,153 INFO com.zaxxer.hikari.HikariDataSource [main] HikariPool-1 - Starting...
2020-01-11 15:37:15,595 INFO com.zaxxer.hikari.HikariDataSource [main] HikariPool-1 - Start completed.
2020-01-11 15:37:15,713 INFO org.hibernate.jpa.internal.util.LogHelper [main] HHH000204: Processing PersistenceUnitInfo [
	name: default
	...]
2020-01-11 15:37:15,881 INFO org.hibernate.Version [main] HHH000412: Hibernate Core {5.3.10.Final}
2020-01-11 15:37:15,884 INFO org.hibernate.cfg.Environment [main] HHH000206: hibernate.properties not found
2020-01-11 15:37:16,114 INFO org.hibernate.annotations.common.reflection.java.JavaReflectionManager [main] HCANN000001: Hibernate Commons Annotations {5.0.4.Final}
2020-01-11 15:37:16,501 INFO org.hibernate.dialect.Dialect [main] HHH000400: Using dialect: org.hibernate.dialect.MySQL5Dialect
2020-01-11 15:37:25,866 INFO org.hibernate.tool.schema.internal.SchemaCreatorImpl [main] HHH000476: Executing import script 'org.hibernate.tool.schema.internal.exec.ScriptSourceInputNonExistentImpl@3f0c6b3c'
2020-01-11 15:37:25,875 INFO org.springframework.orm.jpa.AbstractEntityManagerFactoryBean [main] Initialized JPA EntityManagerFactory for persistence unit 'default'
2020-01-11 15:37:26,536 DEBUG org.springframework.web.filter.GenericFilterBean [main] Filter 'authenticationJwtTokenFilter' configured for use
2020-01-11 15:37:27,385 WARN org.springframework.boot.autoconfigure.orm.jpa.JpaBaseConfiguration$JpaWebConfiguration$JpaWebMvcConfiguration [main] spring.jpa.open-in-view is enabled by default. Therefore, database queries may be performed during view rendering. Explicitly configure spring.jpa.open-in-view to disable this warning
2020-01-11 15:37:27,496 INFO org.springframework.boot.autoconfigure.web.servlet.WelcomePageHandlerMapping [main] Adding welcome page: class path resource [static/index.html]
2020-01-11 15:37:27,524 INFO org.springframework.security.web.DefaultSecurityFilterChain [main] Creating filter chain: any request, [org.springframework.security.web.context.request.async.WebAsyncManagerIntegrationFilter@3275a47f, org.springframework.security.web.context.SecurityContextPersistenceFilter@3cf06a01, org.springframework.security.web.header.HeaderWriterFilter@69e36fe3, org.springframework.web.filter.CorsFilter@1b5af65b, org.springframework.security.web.authentication.logout.LogoutFilter@5dce5c03, com.promist.logistics.security.JwtAuthTokenFilter@c0013b8, org.springframework.security.web.savedrequest.RequestCacheAwareFilter@68f2363, org.springframework.security.web.servletapi.SecurityContextHolderAwareRequestFilter@2f8f40cc, org.springframework.security.web.authentication.AnonymousAuthenticationFilter@2e0163cb, org.springframework.security.web.session.SessionManagementFilter@4af7ac25, org.springframework.security.web.access.ExceptionTranslationFilter@5f5a33ed, org.springframework.security.web.access.intercept.FilterSecurityInterceptor@309cf657]
2020-01-11 15:37:27,790 INFO org.springframework.scheduling.concurrent.ExecutorConfigurationSupport [main] Initializing ExecutorService 'applicationTaskExecutor'
2020-01-11 15:37:28,124 INFO org.apache.juli.logging.DirectJDKLog [main] Starting ProtocolHandler ["http-nio-8080"]
2020-01-11 15:37:28,161 INFO org.springframework.boot.web.embedded.tomcat.TomcatWebServer [main] Tomcat started on port(s): 8080 (http) with context path ''
2020-01-11 15:37:28,164 INFO org.springframework.boot.StartupInfoLogger [main] Started LogisticsApplication in 18.776 seconds (JVM running for 19.589)
2020-01-11 15:46:56,248 INFO org.apache.juli.logging.DirectJDKLog [http-nio-8080-exec-1] Initializing Spring DispatcherServlet 'dispatcherServlet'
2020-01-11 15:46:56,250 INFO org.springframework.web.servlet.FrameworkServlet [http-nio-8080-exec-1] Initializing Servlet 'dispatcherServlet'
2020-01-11 15:46:56,274 INFO org.springframework.web.servlet.FrameworkServlet [http-nio-8080-exec-1] Completed initialization in 23 ms
2020-01-11 15:46:57,010 INFO org.hibernate.hql.internal.QueryTranslatorFactoryInitiator [http-nio-8080-exec-2] HHH000397: Using ASTQueryTranslatorFactory
2020-01-11 17:11:58,683 INFO org.springframework.boot.StartupInfoLogger [main] Starting LogisticsApplication on MKIT_LENOVO41 with PID 19176 (C:\Users\ndimsic\Desktop\promist-logistics\server\target\classes started by ndimsic in C:\Users\ndimsic\Desktop\promist-logistics\server)
2020-01-11 17:11:58,688 DEBUG org.springframework.boot.StartupInfoLogger [main] Running with Spring Boot v2.1.7.RELEASE, Spring v5.1.9.RELEASE
2020-01-11 17:11:58,688 INFO org.springframework.boot.SpringApplication [main] No active profile set, falling back to default profiles: default
2020-01-11 17:12:00,592 INFO org.springframework.data.repository.config.RepositoryConfigurationDelegate [main] Bootstrapping Spring Data repositories in DEFAULT mode.
2020-01-11 17:12:00,810 INFO org.springframework.data.repository.config.RepositoryConfigurationDelegate [main] Finished Spring Data repository scanning in 199ms. Found 11 repository interfaces.
2020-01-11 17:12:01,349 INFO org.springframework.context.support.PostProcessorRegistrationDelegate$BeanPostProcessorChecker [main] Bean 'org.springframework.transaction.annotation.ProxyTransactionManagementConfiguration' of type [org.springframework.transaction.annotation.ProxyTransactionManagementConfiguration$$EnhancerBySpringCGLIB$$e056b3da] is not eligible for getting processed by all BeanPostProcessors (for example: not eligible for auto-proxying)
2020-01-11 17:12:01,394 INFO org.springframework.context.support.PostProcessorRegistrationDelegate$BeanPostProcessorChecker [main] Bean 'org.springframework.security.config.annotation.configuration.ObjectPostProcessorConfiguration' of type [org.springframework.security.config.annotation.configuration.ObjectPostProcessorConfiguration$$EnhancerBySpringCGLIB$$79047c14] is not eligible for getting processed by all BeanPostProcessors (for example: not eligible for auto-proxying)
2020-01-11 17:12:01,400 INFO org.springframework.context.support.PostProcessorRegistrationDelegate$BeanPostProcessorChecker [main] Bean 'objectPostProcessor' of type [org.springframework.security.config.annotation.configuration.AutowireBeanFactoryObjectPostProcessor] is not eligible for getting processed by all BeanPostProcessors (for example: not eligible for auto-proxying)
2020-01-11 17:12:01,402 INFO org.springframework.context.support.PostProcessorRegistrationDelegate$BeanPostProcessorChecker [main] Bean 'org.springframework.security.access.expression.method.DefaultMethodSecurityExpressionHandler@2687f956' of type [org.springframework.security.access.expression.method.DefaultMethodSecurityExpressionHandler] is not eligible for getting processed by all BeanPostProcessors (for example: not eligible for auto-proxying)
2020-01-11 17:12:01,404 INFO org.springframework.context.support.PostProcessorRegistrationDelegate$BeanPostProcessorChecker [main] Bean 'org.springframework.security.config.annotation.method.configuration.GlobalMethodSecurityConfiguration' of type [org.springframework.security.config.annotation.method.configuration.GlobalMethodSecurityConfiguration$$EnhancerBySpringCGLIB$$9dd91ec6] is not eligible for getting processed by all BeanPostProcessors (for example: not eligible for auto-proxying)
2020-01-11 17:12:01,408 INFO org.springframework.context.support.PostProcessorRegistrationDelegate$BeanPostProcessorChecker [main] Bean 'methodSecurityMetadataSource' of type [org.springframework.security.access.method.DelegatingMethodSecurityMetadataSource] is not eligible for getting processed by all BeanPostProcessors (for example: not eligible for auto-proxying)
2020-01-11 17:12:02,551 INFO org.springframework.boot.web.embedded.tomcat.TomcatWebServer [main] Tomcat initialized with port(s): 8080 (http)
2020-01-11 17:12:02,600 INFO org.apache.juli.logging.DirectJDKLog [main] Initializing ProtocolHandler ["http-nio-8080"]
2020-01-11 17:12:02,629 INFO org.apache.juli.logging.DirectJDKLog [main] Starting service [Tomcat]
2020-01-11 17:12:02,629 INFO org.apache.juli.logging.DirectJDKLog [main] Starting Servlet engine: [Apache Tomcat/9.0.22]
2020-01-11 17:12:03,054 INFO org.apache.juli.logging.DirectJDKLog [main] Initializing Spring embedded WebApplicationContext
2020-01-11 17:12:03,054 INFO org.springframework.boot.web.servlet.context.ServletWebServerApplicationContext [main] Root WebApplicationContext: initialization completed in 4320 ms
2020-01-11 17:12:03,702 INFO com.zaxxer.hikari.HikariDataSource [main] HikariPool-1 - Starting...
2020-01-11 17:12:04,094 INFO com.zaxxer.hikari.HikariDataSource [main] HikariPool-1 - Start completed.
2020-01-11 17:12:04,260 INFO org.hibernate.jpa.internal.util.LogHelper [main] HHH000204: Processing PersistenceUnitInfo [
	name: default
	...]
2020-01-11 17:12:04,483 INFO org.hibernate.Version [main] HHH000412: Hibernate Core {5.3.10.Final}
2020-01-11 17:12:04,487 INFO org.hibernate.cfg.Environment [main] HHH000206: hibernate.properties not found
2020-01-11 17:12:04,923 INFO org.hibernate.annotations.common.reflection.java.JavaReflectionManager [main] HCANN000001: Hibernate Commons Annotations {5.0.4.Final}
2020-01-11 17:12:05,375 INFO org.hibernate.dialect.Dialect [main] HHH000400: Using dialect: org.hibernate.dialect.MySQL5Dialect
2020-01-11 17:12:16,238 INFO org.hibernate.tool.schema.internal.SchemaCreatorImpl [main] HHH000476: Executing import script 'org.hibernate.tool.schema.internal.exec.ScriptSourceInputNonExistentImpl@7de6549d'
2020-01-11 17:12:16,243 INFO org.springframework.orm.jpa.AbstractEntityManagerFactoryBean [main] Initialized JPA EntityManagerFactory for persistence unit 'default'
2020-01-11 17:12:17,304 DEBUG org.springframework.web.filter.GenericFilterBean [main] Filter 'authenticationJwtTokenFilter' configured for use
2020-01-11 17:12:18,659 WARN org.springframework.boot.autoconfigure.orm.jpa.JpaBaseConfiguration$JpaWebConfiguration$JpaWebMvcConfiguration [main] spring.jpa.open-in-view is enabled by default. Therefore, database queries may be performed during view rendering. Explicitly configure spring.jpa.open-in-view to disable this warning
2020-01-11 17:12:18,795 INFO org.springframework.boot.autoconfigure.web.servlet.WelcomePageHandlerMapping [main] Adding welcome page: class path resource [static/index.html]
2020-01-11 17:12:18,852 INFO org.springframework.security.web.DefaultSecurityFilterChain [main] Creating filter chain: any request, [org.springframework.security.web.context.request.async.WebAsyncManagerIntegrationFilter@69d58731, org.springframework.security.web.context.SecurityContextPersistenceFilter@4af7ac25, org.springframework.security.web.header.HeaderWriterFilter@5f5a33ed, org.springframework.web.filter.CorsFilter@3275a47f, org.springframework.security.web.authentication.logout.LogoutFilter@702cfbde, com.promist.logistics.security.JwtAuthTokenFilter@b34c7c9, org.springframework.security.web.savedrequest.RequestCacheAwareFilter@3cf06a01, org.springframework.security.web.servletapi.SecurityContextHolderAwareRequestFilter@252d8df6, org.springframework.security.web.authentication.AnonymousAuthenticationFilter@1b5af65b, org.springframework.security.web.session.SessionManagementFilter@4f2fdf3d, org.springframework.security.web.access.ExceptionTranslationFilter@56b751b1, org.springframework.security.web.access.intercept.FilterSecurityInterceptor@7c048b30]
2020-01-11 17:12:19,175 INFO org.springframework.scheduling.concurrent.ExecutorConfigurationSupport [main] Initializing ExecutorService 'applicationTaskExecutor'
2020-01-11 17:12:19,575 INFO org.apache.juli.logging.DirectJDKLog [main] Starting ProtocolHandler ["http-nio-8080"]
2020-01-11 17:12:19,647 INFO org.springframework.boot.web.embedded.tomcat.TomcatWebServer [main] Tomcat started on port(s): 8080 (http) with context path ''
2020-01-11 17:12:19,652 INFO org.springframework.boot.StartupInfoLogger [main] Started LogisticsApplication in 21.619 seconds (JVM running for 22.467)
2020-01-11 17:16:42,069 INFO org.apache.juli.logging.DirectJDKLog [http-nio-8080-exec-1] Initializing Spring DispatcherServlet 'dispatcherServlet'
2020-01-11 17:16:42,069 INFO org.springframework.web.servlet.FrameworkServlet [http-nio-8080-exec-1] Initializing Servlet 'dispatcherServlet'
2020-01-11 17:16:42,085 INFO org.springframework.web.servlet.FrameworkServlet [http-nio-8080-exec-1] Completed initialization in 13 ms
2020-01-11 17:16:43,296 INFO org.hibernate.hql.internal.QueryTranslatorFactoryInitiator [http-nio-8080-exec-2] HHH000397: Using ASTQueryTranslatorFactory
2020-01-11 17:16:43,735 WARN org.springframework.web.servlet.handler.AbstractHandlerExceptionResolver [http-nio-8080-exec-2] Resolved [org.springframework.http.converter.HttpMessageNotReadableException: Required request body is missing: public org.springframework.http.ResponseEntity<java.lang.Double> com.promist.logistics.controller.MarlepController.azurirajStanjeRepromaterijala(com.promist.logistics.dto.TrenutnoStanjeDTO)]
2020-01-11 17:18:29,117 INFO org.springframework.boot.StartupInfoLogger [main] Starting LogisticsApplication on MKIT_LENOVO41 with PID 10424 (C:\Users\ndimsic\Desktop\promist-logistics\server\target\classes started by ndimsic in C:\Users\ndimsic\Desktop\promist-logistics\server)
2020-01-11 17:18:29,122 DEBUG org.springframework.boot.StartupInfoLogger [main] Running with Spring Boot v2.1.7.RELEASE, Spring v5.1.9.RELEASE
2020-01-11 17:18:29,123 INFO org.springframework.boot.SpringApplication [main] No active profile set, falling back to default profiles: default
2020-01-11 17:18:30,731 INFO org.springframework.data.repository.config.RepositoryConfigurationDelegate [main] Bootstrapping Spring Data repositories in DEFAULT mode.
2020-01-11 17:18:31,038 INFO org.springframework.data.repository.config.RepositoryConfigurationDelegate [main] Finished Spring Data repository scanning in 287ms. Found 11 repository interfaces.
2020-01-11 17:18:31,880 INFO org.springframework.context.support.PostProcessorRegistrationDelegate$BeanPostProcessorChecker [main] Bean 'org.springframework.transaction.annotation.ProxyTransactionManagementConfiguration' of type [org.springframework.transaction.annotation.ProxyTransactionManagementConfiguration$$EnhancerBySpringCGLIB$$e79cb768] is not eligible for getting processed by all BeanPostProcessors (for example: not eligible for auto-proxying)
2020-01-11 17:18:31,975 INFO org.springframework.context.support.PostProcessorRegistrationDelegate$BeanPostProcessorChecker [main] Bean 'org.springframework.security.config.annotation.configuration.ObjectPostProcessorConfiguration' of type [org.springframework.security.config.annotation.configuration.ObjectPostProcessorConfiguration$$EnhancerBySpringCGLIB$$804a7fa2] is not eligible for getting processed by all BeanPostProcessors (for example: not eligible for auto-proxying)
2020-01-11 17:18:31,989 INFO org.springframework.context.support.PostProcessorRegistrationDelegate$BeanPostProcessorChecker [main] Bean 'objectPostProcessor' of type [org.springframework.security.config.annotation.configuration.AutowireBeanFactoryObjectPostProcessor] is not eligible for getting processed by all BeanPostProcessors (for example: not eligible for auto-proxying)
2020-01-11 17:18:31,996 INFO org.springframework.context.support.PostProcessorRegistrationDelegate$BeanPostProcessorChecker [main] Bean 'org.springframework.security.access.expression.method.DefaultMethodSecurityExpressionHandler@6ef81f31' of type [org.springframework.security.access.expression.method.DefaultMethodSecurityExpressionHandler] is not eligible for getting processed by all BeanPostProcessors (for example: not eligible for auto-proxying)
2020-01-11 17:18:32,002 INFO org.springframework.context.support.PostProcessorRegistrationDelegate$BeanPostProcessorChecker [main] Bean 'org.springframework.security.config.annotation.method.configuration.GlobalMethodSecurityConfiguration' of type [org.springframework.security.config.annotation.method.configuration.GlobalMethodSecurityConfiguration$$EnhancerBySpringCGLIB$$a51f2254] is not eligible for getting processed by all BeanPostProcessors (for example: not eligible for auto-proxying)
2020-01-11 17:18:32,010 INFO org.springframework.context.support.PostProcessorRegistrationDelegate$BeanPostProcessorChecker [main] Bean 'methodSecurityMetadataSource' of type [org.springframework.security.access.method.DelegatingMethodSecurityMetadataSource] is not eligible for getting processed by all BeanPostProcessors (for example: not eligible for auto-proxying)
2020-01-11 17:18:33,314 INFO org.springframework.boot.web.embedded.tomcat.TomcatWebServer [main] Tomcat initialized with port(s): 8080 (http)
2020-01-11 17:18:33,343 INFO org.apache.juli.logging.DirectJDKLog [main] Initializing ProtocolHandler ["http-nio-8080"]
2020-01-11 17:18:33,365 INFO org.apache.juli.logging.DirectJDKLog [main] Starting service [Tomcat]
2020-01-11 17:18:33,366 INFO org.apache.juli.logging.DirectJDKLog [main] Starting Servlet engine: [Apache Tomcat/9.0.22]
2020-01-11 17:18:33,656 INFO org.apache.juli.logging.DirectJDKLog [main] Initializing Spring embedded WebApplicationContext
2020-01-11 17:18:33,657 INFO org.springframework.boot.web.servlet.context.ServletWebServerApplicationContext [main] Root WebApplicationContext: initialization completed in 4420 ms
2020-01-11 17:18:34,257 INFO com.zaxxer.hikari.HikariDataSource [main] HikariPool-1 - Starting...
2020-01-11 17:18:34,629 INFO com.zaxxer.hikari.HikariDataSource [main] HikariPool-1 - Start completed.
2020-01-11 17:18:34,812 INFO org.hibernate.jpa.internal.util.LogHelper [main] HHH000204: Processing PersistenceUnitInfo [
	name: default
	...]
2020-01-11 17:18:34,955 INFO org.hibernate.Version [main] HHH000412: Hibernate Core {5.3.10.Final}
2020-01-11 17:18:34,970 INFO org.hibernate.cfg.Environment [main] HHH000206: hibernate.properties not found
2020-01-11 17:18:35,271 INFO org.hibernate.annotations.common.reflection.java.JavaReflectionManager [main] HCANN000001: Hibernate Commons Annotations {5.0.4.Final}
2020-01-11 17:18:35,670 INFO org.hibernate.dialect.Dialect [main] HHH000400: Using dialect: org.hibernate.dialect.MySQL5Dialect
2020-01-11 17:18:45,538 INFO org.hibernate.tool.schema.internal.SchemaCreatorImpl [main] HHH000476: Executing import script 'org.hibernate.tool.schema.internal.exec.ScriptSourceInputNonExistentImpl@22aee519'
2020-01-11 17:18:45,543 INFO org.springframework.orm.jpa.AbstractEntityManagerFactoryBean [main] Initialized JPA EntityManagerFactory for persistence unit 'default'
2020-01-11 17:18:46,024 DEBUG org.springframework.web.filter.GenericFilterBean [main] Filter 'authenticationJwtTokenFilter' configured for use
2020-01-11 17:18:46,708 WARN org.springframework.boot.autoconfigure.orm.jpa.JpaBaseConfiguration$JpaWebConfiguration$JpaWebMvcConfiguration [main] spring.jpa.open-in-view is enabled by default. Therefore, database queries may be performed during view rendering. Explicitly configure spring.jpa.open-in-view to disable this warning
2020-01-11 17:18:46,770 INFO org.springframework.boot.autoconfigure.web.servlet.WelcomePageHandlerMapping [main] Adding welcome page: class path resource [static/index.html]
2020-01-11 17:18:46,796 INFO org.springframework.security.web.DefaultSecurityFilterChain [main] Creating filter chain: any request, [org.springframework.security.web.context.request.async.WebAsyncManagerIntegrationFilter@6b4fd7d, org.springframework.security.web.context.SecurityContextPersistenceFilter@b76b7d8, org.springframework.security.web.header.HeaderWriterFilter@774013dc, org.springframework.web.filter.CorsFilter@7404aff2, org.springframework.security.web.authentication.logout.LogoutFilter@4c28f97e, com.promist.logistics.security.JwtAuthTokenFilter@58ebee9, org.springframework.security.web.savedrequest.RequestCacheAwareFilter@63c4d16, org.springframework.security.web.servletapi.SecurityContextHolderAwareRequestFilter@4627dfda, org.springframework.security.web.authentication.AnonymousAuthenticationFilter@12723c5d, org.springframework.security.web.session.SessionManagementFilter@7d3bcd3, org.springframework.security.web.access.ExceptionTranslationFilter@14d81f2c, org.springframework.security.web.access.intercept.FilterSecurityInterceptor@6802d023]
2020-01-11 17:18:46,967 INFO org.springframework.scheduling.concurrent.ExecutorConfigurationSupport [main] Initializing ExecutorService 'applicationTaskExecutor'
2020-01-11 17:18:47,211 INFO org.apache.juli.logging.DirectJDKLog [main] Starting ProtocolHandler ["http-nio-8080"]
2020-01-11 17:18:47,242 INFO org.springframework.boot.web.embedded.tomcat.TomcatWebServer [main] Tomcat started on port(s): 8080 (http) with context path ''
2020-01-11 17:18:47,248 INFO org.springframework.boot.StartupInfoLogger [main] Started LogisticsApplication in 19.107 seconds (JVM running for 19.752)
2020-01-11 17:19:18,546 INFO org.apache.juli.logging.DirectJDKLog [http-nio-8080-exec-1] Initializing Spring DispatcherServlet 'dispatcherServlet'
2020-01-11 17:19:18,547 INFO org.springframework.web.servlet.FrameworkServlet [http-nio-8080-exec-1] Initializing Servlet 'dispatcherServlet'
2020-01-11 17:19:18,566 INFO org.springframework.web.servlet.FrameworkServlet [http-nio-8080-exec-1] Completed initialization in 18 ms
2020-01-11 17:19:19,830 INFO org.hibernate.hql.internal.QueryTranslatorFactoryInitiator [http-nio-8080-exec-2] HHH000397: Using ASTQueryTranslatorFactory
2020-01-11 18:48:38,521 WARN com.zaxxer.hikari.pool.HikariPool$HouseKeeper [HikariPool-1 housekeeper] HikariPool-1 - Thread starvation or clock leap detected (housekeeper delta=1h14m3s537ms900µs100ns).
