2019-09-10 22:19:55,537 INFO org.springframework.boot.StartupInfoLogger [main] Starting LogisticsApplication on MKIT_LENOVO41 with PID 14176 (C:\Users\ndimsic\Desktop\promist-logistics\server\target\classes started by ndimsic in C:\Users\ndimsic\Desktop\promist-logistics\server)
2019-09-10 22:19:55,542 DEBUG org.springframework.boot.StartupInfoLogger [main] Running with Spring Boot v2.1.7.RELEASE, Spring v5.1.9.RELEASE
2019-09-10 22:19:55,544 INFO org.springframework.boot.SpringApplication [main] No active profile set, falling back to default profiles: default
2019-09-10 22:19:57,413 INFO org.springframework.data.repository.config.RepositoryConfigurationDelegate [main] Bootstrapping Spring Data repositories in DEFAULT mode.
2019-09-10 22:19:57,665 INFO org.springframework.data.repository.config.RepositoryConfigurationDelegate [main] Finished Spring Data repository scanning in 228ms. Found 7 repository interfaces.
2019-09-10 22:19:58,546 INFO org.springframework.context.support.PostProcessorRegistrationDelegate$BeanPostProcessorChecker [main] Bean 'org.springframework.transaction.annotation.ProxyTransactionManagementConfiguration' of type [org.springframework.transaction.annotation.ProxyTransactionManagementConfiguration$$EnhancerBySpringCGLIB$$7c7c15e8] is not eligible for getting processed by all BeanPostProcessors (for example: not eligible for auto-proxying)
2019-09-10 22:19:58,651 INFO org.springframework.context.support.PostProcessorRegistrationDelegate$BeanPostProcessorChecker [main] Bean 'org.springframework.security.config.annotation.configuration.ObjectPostProcessorConfiguration' of type [org.springframework.security.config.annotation.configuration.ObjectPostProcessorConfiguration$$EnhancerBySpringCGLIB$$1529de22] is not eligible for getting processed by all BeanPostProcessors (for example: not eligible for auto-proxying)
2019-09-10 22:19:58,665 INFO org.springframework.context.support.PostProcessorRegistrationDelegate$BeanPostProcessorChecker [main] Bean 'objectPostProcessor' of type [org.springframework.security.config.annotation.configuration.AutowireBeanFactoryObjectPostProcessor] is not eligible for getting processed by all BeanPostProcessors (for example: not eligible for auto-proxying)
2019-09-10 22:19:58,672 INFO org.springframework.context.support.PostProcessorRegistrationDelegate$BeanPostProcessorChecker [main] Bean 'org.springframework.security.access.expression.method.DefaultMethodSecurityExpressionHandler@59712875' of type [org.springframework.security.access.expression.method.DefaultMethodSecurityExpressionHandler] is not eligible for getting processed by all BeanPostProcessors (for example: not eligible for auto-proxying)
2019-09-10 22:19:58,675 INFO org.springframework.context.support.PostProcessorRegistrationDelegate$BeanPostProcessorChecker [main] Bean 'org.springframework.security.config.annotation.method.configuration.GlobalMethodSecurityConfiguration' of type [org.springframework.security.config.annotation.method.configuration.GlobalMethodSecurityConfiguration$$EnhancerBySpringCGLIB$$39fe80d4] is not eligible for getting processed by all BeanPostProcessors (for example: not eligible for auto-proxying)
2019-09-10 22:19:58,687 INFO org.springframework.context.support.PostProcessorRegistrationDelegate$BeanPostProcessorChecker [main] Bean 'methodSecurityMetadataSource' of type [org.springframework.security.access.method.DelegatingMethodSecurityMetadataSource] is not eligible for getting processed by all BeanPostProcessors (for example: not eligible for auto-proxying)
2019-09-10 22:19:59,822 INFO org.springframework.boot.web.embedded.tomcat.TomcatWebServer [main] Tomcat initialized with port(s): 8080 (http)
2019-09-10 22:19:59,861 INFO org.apache.juli.logging.DirectJDKLog [main] Initializing ProtocolHandler ["http-nio-8080"]
2019-09-10 22:19:59,882 INFO org.apache.juli.logging.DirectJDKLog [main] Starting service [Tomcat]
2019-09-10 22:19:59,883 INFO org.apache.juli.logging.DirectJDKLog [main] Starting Servlet engine: [Apache Tomcat/9.0.22]
2019-09-10 22:20:00,295 INFO org.apache.juli.logging.DirectJDKLog [main] Initializing Spring embedded WebApplicationContext
2019-09-10 22:20:00,297 INFO org.springframework.boot.web.servlet.context.ServletWebServerApplicationContext [main] Root WebApplicationContext: initialization completed in 4662 ms
2019-09-10 22:20:01,054 INFO com.zaxxer.hikari.HikariDataSource [main] HikariPool-1 - Starting...
2019-09-10 22:20:01,447 INFO com.zaxxer.hikari.HikariDataSource [main] HikariPool-1 - Start completed.
2019-09-10 22:20:01,581 INFO org.hibernate.jpa.internal.util.LogHelper [main] HHH000204: Processing PersistenceUnitInfo [
	name: default
	...]
2019-09-10 22:20:01,735 INFO org.hibernate.Version [main] HHH000412: Hibernate Core {5.3.10.Final}
2019-09-10 22:20:01,740 INFO org.hibernate.cfg.Environment [main] HHH000206: hibernate.properties not found
2019-09-10 22:20:02,091 INFO org.hibernate.annotations.common.reflection.java.JavaReflectionManager [main] HCANN000001: Hibernate Commons Annotations {5.0.4.Final}
2019-09-10 22:20:02,419 INFO org.hibernate.dialect.Dialect [main] HHH000400: Using dialect: org.hibernate.dialect.MySQL5Dialect
2019-09-10 22:20:09,548 INFO org.hibernate.tool.schema.internal.SchemaCreatorImpl [main] HHH000476: Executing import script 'org.hibernate.tool.schema.internal.exec.ScriptSourceInputNonExistentImpl@27d73d22'
2019-09-10 22:20:09,560 INFO org.springframework.orm.jpa.AbstractEntityManagerFactoryBean [main] Initialized JPA EntityManagerFactory for persistence unit 'default'
2019-09-10 22:20:10,374 DEBUG org.springframework.web.filter.GenericFilterBean [main] Filter 'authenticationJwtTokenFilter' configured for use
2019-09-10 22:20:11,873 WARN org.springframework.boot.autoconfigure.orm.jpa.JpaBaseConfiguration$JpaWebConfiguration$JpaWebMvcConfiguration [main] spring.jpa.open-in-view is enabled by default. Therefore, database queries may be performed during view rendering. Explicitly configure spring.jpa.open-in-view to disable this warning
2019-09-10 22:20:11,990 INFO org.springframework.boot.autoconfigure.web.servlet.WelcomePageHandlerMapping [main] Adding welcome page: class path resource [static/index.html]
2019-09-10 22:20:12,039 INFO org.springframework.security.web.DefaultSecurityFilterChain [main] Creating filter chain: any request, [org.springframework.security.web.context.request.async.WebAsyncManagerIntegrationFilter@16f4a3c0, org.springframework.security.web.context.SecurityContextPersistenceFilter@6cd66f6a, org.springframework.security.web.header.HeaderWriterFilter@4db46344, org.springframework.web.filter.CorsFilter@26495639, org.springframework.security.web.authentication.logout.LogoutFilter@4e5364a3, com.promist.logistics.security.JwtAuthTokenFilter@79d49790, org.springframework.security.web.savedrequest.RequestCacheAwareFilter@578b2dec, org.springframework.security.web.servletapi.SecurityContextHolderAwareRequestFilter@3a80c534, org.springframework.security.web.authentication.AnonymousAuthenticationFilter@45c408a4, org.springframework.security.web.session.SessionManagementFilter@1ef93e01, org.springframework.security.web.access.ExceptionTranslationFilter@c4551c6, org.springframework.security.web.access.intercept.FilterSecurityInterceptor@b2da3a5]
2019-09-10 22:20:12,318 INFO org.springframework.scheduling.concurrent.ExecutorConfigurationSupport [main] Initializing ExecutorService 'applicationTaskExecutor'
2019-09-10 22:20:12,744 INFO org.apache.juli.logging.DirectJDKLog [main] Starting ProtocolHandler ["http-nio-8080"]
2019-09-10 22:20:12,796 INFO org.springframework.boot.web.embedded.tomcat.TomcatWebServer [main] Tomcat started on port(s): 8080 (http) with context path ''
2019-09-10 22:20:12,799 INFO org.springframework.boot.StartupInfoLogger [main] Started LogisticsApplication in 18.348 seconds (JVM running for 19.063)
2019-09-10 22:21:09,917 INFO org.apache.juli.logging.DirectJDKLog [http-nio-8080-exec-2] Initializing Spring DispatcherServlet 'dispatcherServlet'
2019-09-10 22:21:09,917 INFO org.springframework.web.servlet.FrameworkServlet [http-nio-8080-exec-2] Initializing Servlet 'dispatcherServlet'
2019-09-10 22:21:09,940 INFO org.springframework.web.servlet.FrameworkServlet [http-nio-8080-exec-2] Completed initialization in 18 ms
2019-09-10 22:21:10,887 INFO org.hibernate.hql.internal.QueryTranslatorFactoryInitiator [http-nio-8080-exec-3] HHH000397: Using ASTQueryTranslatorFactory
2019-09-10 22:21:25,048 INFO com.promist.logistics.service.MarlepServiceImpl [http-nio-8080-exec-9] USPESNO->Datum:10-09-2019 Smer:ulaz kupac Kolicina232 Novo stanje:232 Magacin:Novi Sad, Privrednikova 6 Pakovanje:25/1 Roba:NPK 16:16:16 Lot:3-2019
2019-09-10 22:21:25,075 INFO com.promist.logistics.controller.MarlepController [http-nio-8080-exec-9] USPESNO->Datum:10-09-2019Smer:ulaz kupac Kolicina232 Novo stanje:232 Magacin:Novi Sad, Privrednikova 6 Pakovanje:25/1 Roba:NPK 16:16:16 Lot:3-2019
2019-09-10 22:21:25,104 INFO com.promist.logistics.service.MarlepServiceImpl [http-nio-8080-exec-9] USPESNO->Datum:10-09-2019 Smer:ulaz kupac Kolicina323 Novo stanje:323 Magacin:Novi Sad, Privrednikova 6 Pakovanje:600/1 Roba:NPK 16:16:16 Lot:3-2019
2019-09-10 22:21:25,112 INFO com.promist.logistics.controller.MarlepController [http-nio-8080-exec-9] USPESNO->Datum:10-09-2019Smer:ulaz kupac Kolicina323 Novo stanje:323 Magacin:Novi Sad, Privrednikova 6 Pakovanje:600/1 Roba:NPK 16:16:16 Lot:3-2019
2019-09-10 22:24:44,869 INFO org.springframework.boot.StartupInfoLogger [main] Starting LogisticsApplication on MKIT_LENOVO41 with PID 1548 (C:\Users\ndimsic\Desktop\promist-logistics\server\target\classes started by ndimsic in C:\Users\ndimsic\Desktop\promist-logistics\server)
2019-09-10 22:24:44,872 DEBUG org.springframework.boot.StartupInfoLogger [main] Running with Spring Boot v2.1.7.RELEASE, Spring v5.1.9.RELEASE
2019-09-10 22:24:44,872 INFO org.springframework.boot.SpringApplication [main] No active profile set, falling back to default profiles: default
2019-09-10 22:24:46,085 INFO org.springframework.data.repository.config.RepositoryConfigurationDelegate [main] Bootstrapping Spring Data repositories in DEFAULT mode.
2019-09-10 22:24:46,376 INFO org.springframework.data.repository.config.RepositoryConfigurationDelegate [main] Finished Spring Data repository scanning in 264ms. Found 7 repository interfaces.
2019-09-10 22:24:47,269 INFO org.springframework.context.support.PostProcessorRegistrationDelegate$BeanPostProcessorChecker [main] Bean 'org.springframework.transaction.annotation.ProxyTransactionManagementConfiguration' of type [org.springframework.transaction.annotation.ProxyTransactionManagementConfiguration$$EnhancerBySpringCGLIB$$447d062e] is not eligible for getting processed by all BeanPostProcessors (for example: not eligible for auto-proxying)
2019-09-10 22:24:47,364 INFO org.springframework.context.support.PostProcessorRegistrationDelegate$BeanPostProcessorChecker [main] Bean 'org.springframework.security.config.annotation.configuration.ObjectPostProcessorConfiguration' of type [org.springframework.security.config.annotation.configuration.ObjectPostProcessorConfiguration$$EnhancerBySpringCGLIB$$dd2ace68] is not eligible for getting processed by all BeanPostProcessors (for example: not eligible for auto-proxying)
2019-09-10 22:24:47,376 INFO org.springframework.context.support.PostProcessorRegistrationDelegate$BeanPostProcessorChecker [main] Bean 'objectPostProcessor' of type [org.springframework.security.config.annotation.configuration.AutowireBeanFactoryObjectPostProcessor] is not eligible for getting processed by all BeanPostProcessors (for example: not eligible for auto-proxying)
2019-09-10 22:24:47,381 INFO org.springframework.context.support.PostProcessorRegistrationDelegate$BeanPostProcessorChecker [main] Bean 'org.springframework.security.access.expression.method.DefaultMethodSecurityExpressionHandler@f9b5552' of type [org.springframework.security.access.expression.method.DefaultMethodSecurityExpressionHandler] is not eligible for getting processed by all BeanPostProcessors (for example: not eligible for auto-proxying)
2019-09-10 22:24:47,383 INFO org.springframework.context.support.PostProcessorRegistrationDelegate$BeanPostProcessorChecker [main] Bean 'org.springframework.security.config.annotation.method.configuration.GlobalMethodSecurityConfiguration' of type [org.springframework.security.config.annotation.method.configuration.GlobalMethodSecurityConfiguration$$EnhancerBySpringCGLIB$$1ff711a] is not eligible for getting processed by all BeanPostProcessors (for example: not eligible for auto-proxying)
2019-09-10 22:24:47,388 INFO org.springframework.context.support.PostProcessorRegistrationDelegate$BeanPostProcessorChecker [main] Bean 'methodSecurityMetadataSource' of type [org.springframework.security.access.method.DelegatingMethodSecurityMetadataSource] is not eligible for getting processed by all BeanPostProcessors (for example: not eligible for auto-proxying)
2019-09-10 22:24:48,405 INFO org.springframework.boot.web.embedded.tomcat.TomcatWebServer [main] Tomcat initialized with port(s): 8080 (http)
2019-09-10 22:24:48,448 INFO org.apache.juli.logging.DirectJDKLog [main] Initializing ProtocolHandler ["http-nio-8080"]
2019-09-10 22:24:48,480 INFO org.apache.juli.logging.DirectJDKLog [main] Starting service [Tomcat]
2019-09-10 22:24:48,482 INFO org.apache.juli.logging.DirectJDKLog [main] Starting Servlet engine: [Apache Tomcat/9.0.22]
2019-09-10 22:24:48,946 INFO org.apache.juli.logging.DirectJDKLog [main] Initializing Spring embedded WebApplicationContext
2019-09-10 22:24:48,947 INFO org.springframework.boot.web.servlet.context.ServletWebServerApplicationContext [main] Root WebApplicationContext: initialization completed in 4036 ms
2019-09-10 22:24:49,562 INFO com.zaxxer.hikari.HikariDataSource [main] HikariPool-1 - Starting...
2019-09-10 22:24:49,945 INFO com.zaxxer.hikari.HikariDataSource [main] HikariPool-1 - Start completed.
2019-09-10 22:24:50,191 INFO org.hibernate.jpa.internal.util.LogHelper [main] HHH000204: Processing PersistenceUnitInfo [
	name: default
	...]
2019-09-10 22:24:50,364 INFO org.hibernate.Version [main] HHH000412: Hibernate Core {5.3.10.Final}
2019-09-10 22:24:50,368 INFO org.hibernate.cfg.Environment [main] HHH000206: hibernate.properties not found
2019-09-10 22:24:50,691 INFO org.hibernate.annotations.common.reflection.java.JavaReflectionManager [main] HCANN000001: Hibernate Commons Annotations {5.0.4.Final}
2019-09-10 22:24:51,077 INFO org.hibernate.dialect.Dialect [main] HHH000400: Using dialect: org.hibernate.dialect.MySQL5Dialect
2019-09-10 22:24:57,567 INFO org.hibernate.tool.schema.internal.SchemaCreatorImpl [main] HHH000476: Executing import script 'org.hibernate.tool.schema.internal.exec.ScriptSourceInputNonExistentImpl@4a9b92c6'
2019-09-10 22:24:57,577 INFO org.springframework.orm.jpa.AbstractEntityManagerFactoryBean [main] Initialized JPA EntityManagerFactory for persistence unit 'default'
2019-09-10 22:24:58,416 DEBUG org.springframework.web.filter.GenericFilterBean [main] Filter 'authenticationJwtTokenFilter' configured for use
2019-09-10 22:24:59,997 WARN org.springframework.boot.autoconfigure.orm.jpa.JpaBaseConfiguration$JpaWebConfiguration$JpaWebMvcConfiguration [main] spring.jpa.open-in-view is enabled by default. Therefore, database queries may be performed during view rendering. Explicitly configure spring.jpa.open-in-view to disable this warning
2019-09-10 22:25:00,129 INFO org.springframework.boot.autoconfigure.web.servlet.WelcomePageHandlerMapping [main] Adding welcome page: class path resource [static/index.html]
2019-09-10 22:25:00,184 INFO org.springframework.security.web.DefaultSecurityFilterChain [main] Creating filter chain: any request, [org.springframework.security.web.context.request.async.WebAsyncManagerIntegrationFilter@543da15, org.springframework.security.web.context.SecurityContextPersistenceFilter@66863941, org.springframework.security.web.header.HeaderWriterFilter@2d73767e, org.springframework.web.filter.CorsFilter@69d7bc1a, org.springframework.security.web.authentication.logout.LogoutFilter@75d539b9, com.promist.logistics.security.JwtAuthTokenFilter@6c2883b1, org.springframework.security.web.savedrequest.RequestCacheAwareFilter@111fe921, org.springframework.security.web.servletapi.SecurityContextHolderAwareRequestFilter@218f2f51, org.springframework.security.web.authentication.AnonymousAuthenticationFilter@cb318ac, org.springframework.security.web.session.SessionManagementFilter@528f5b7f, org.springframework.security.web.access.ExceptionTranslationFilter@bb50de6, org.springframework.security.web.access.intercept.FilterSecurityInterceptor@acd3460]
2019-09-10 22:25:00,489 INFO org.springframework.scheduling.concurrent.ExecutorConfigurationSupport [main] Initializing ExecutorService 'applicationTaskExecutor'
2019-09-10 22:25:00,973 INFO org.apache.juli.logging.DirectJDKLog [main] Starting ProtocolHandler ["http-nio-8080"]
2019-09-10 22:25:01,021 INFO org.springframework.boot.web.embedded.tomcat.TomcatWebServer [main] Tomcat started on port(s): 8080 (http) with context path ''
2019-09-10 22:25:01,025 INFO org.springframework.boot.StartupInfoLogger [main] Started LogisticsApplication in 16.622 seconds (JVM running for 17.016)
2019-09-10 22:26:32,174 INFO org.apache.juli.logging.DirectJDKLog [http-nio-8080-exec-1] Initializing Spring DispatcherServlet 'dispatcherServlet'
2019-09-10 22:26:32,176 INFO org.springframework.web.servlet.FrameworkServlet [http-nio-8080-exec-1] Initializing Servlet 'dispatcherServlet'
2019-09-10 22:26:32,191 INFO org.springframework.web.servlet.FrameworkServlet [http-nio-8080-exec-1] Completed initialization in 14 ms
2019-09-10 22:26:32,977 INFO org.hibernate.hql.internal.QueryTranslatorFactoryInitiator [http-nio-8080-exec-3] HHH000397: Using ASTQueryTranslatorFactory
2019-09-10 22:26:42,194 INFO com.promist.logistics.controller.MarlepController [http-nio-8080-exec-1] USPESNO DODATO Novo Djubrivo sa Nazivom: ass
2019-09-10 22:27:19,112 INFO com.promist.logistics.service.MarlepServiceImpl [http-nio-8080-exec-7] USPESNO->Datum:10-09-2019 Smer:ulaz kupac Kolicina323 Novo stanje:323 Magacin:Novi Sad, Privrednikova 6 Pakovanje:50/1 Roba:NPK 16:16:16 Lot:17-2019
2019-09-10 22:27:19,124 INFO com.promist.logistics.controller.MarlepController [http-nio-8080-exec-7] USPESNO->Datum:10-09-2019Smer:ulaz kupac Kolicina323 Novo stanje:323 Magacin:Novi Sad, Privrednikova 6 Pakovanje:50/1 Roba:NPK 16:16:16 Lot:17-2019
