2019-10-27 08:20:51,187 INFO org.springframework.boot.StartupInfoLogger [main] Starting LogisticsApplication on MKIT_LENOVO41 with PID 22120 (C:\Users\ndimsic\Desktop\promist-logistics\server\target\classes started by ndimsic in C:\Users\ndimsic\Desktop\promist-logistics\server)
2019-10-27 08:20:51,194 DEBUG org.springframework.boot.StartupInfoLogger [main] Running with Spring Boot v2.1.7.RELEASE, Spring v5.1.9.RELEASE
2019-10-27 08:20:51,194 INFO org.springframework.boot.SpringApplication [main] No active profile set, falling back to default profiles: default
2019-10-27 08:20:52,740 INFO org.springframework.data.repository.config.RepositoryConfigurationDelegate [main] Bootstrapping Spring Data repositories in DEFAULT mode.
2019-10-27 08:20:52,933 INFO org.springframework.data.repository.config.RepositoryConfigurationDelegate [main] Finished Spring Data repository scanning in 177ms. Found 11 repository interfaces.
2019-10-27 08:20:53,390 INFO org.springframework.context.support.PostProcessorRegistrationDelegate$BeanPostProcessorChecker [main] Bean 'org.springframework.transaction.annotation.ProxyTransactionManagementConfiguration' of type [org.springframework.transaction.annotation.ProxyTransactionManagementConfiguration$$EnhancerBySpringCGLIB$$574c06fb] is not eligible for getting processed by all BeanPostProcessors (for example: not eligible for auto-proxying)
2019-10-27 08:20:53,431 INFO org.springframework.context.support.PostProcessorRegistrationDelegate$BeanPostProcessorChecker [main] Bean 'org.springframework.security.config.annotation.configuration.ObjectPostProcessorConfiguration' of type [org.springframework.security.config.annotation.configuration.ObjectPostProcessorConfiguration$$EnhancerBySpringCGLIB$$eff9cf35] is not eligible for getting processed by all BeanPostProcessors (for example: not eligible for auto-proxying)
2019-10-27 08:20:53,437 INFO org.springframework.context.support.PostProcessorRegistrationDelegate$BeanPostProcessorChecker [main] Bean 'objectPostProcessor' of type [org.springframework.security.config.annotation.configuration.AutowireBeanFactoryObjectPostProcessor] is not eligible for getting processed by all BeanPostProcessors (for example: not eligible for auto-proxying)
2019-10-27 08:20:53,440 INFO org.springframework.context.support.PostProcessorRegistrationDelegate$BeanPostProcessorChecker [main] Bean 'org.springframework.security.access.expression.method.DefaultMethodSecurityExpressionHandler@6ef81f31' of type [org.springframework.security.access.expression.method.DefaultMethodSecurityExpressionHandler] is not eligible for getting processed by all BeanPostProcessors (for example: not eligible for auto-proxying)
2019-10-27 08:20:53,443 INFO org.springframework.context.support.PostProcessorRegistrationDelegate$BeanPostProcessorChecker [main] Bean 'org.springframework.security.config.annotation.method.configuration.GlobalMethodSecurityConfiguration' of type [org.springframework.security.config.annotation.method.configuration.GlobalMethodSecurityConfiguration$$EnhancerBySpringCGLIB$$14ce71e7] is not eligible for getting processed by all BeanPostProcessors (for example: not eligible for auto-proxying)
2019-10-27 08:20:53,448 INFO org.springframework.context.support.PostProcessorRegistrationDelegate$BeanPostProcessorChecker [main] Bean 'methodSecurityMetadataSource' of type [org.springframework.security.access.method.DelegatingMethodSecurityMetadataSource] is not eligible for getting processed by all BeanPostProcessors (for example: not eligible for auto-proxying)
2019-10-27 08:20:54,077 INFO org.springframework.boot.web.embedded.tomcat.TomcatWebServer [main] Tomcat initialized with port(s): 8080 (http)
2019-10-27 08:20:54,103 INFO org.apache.juli.logging.DirectJDKLog [main] Initializing ProtocolHandler ["http-nio-8080"]
2019-10-27 08:20:54,118 INFO org.apache.juli.logging.DirectJDKLog [main] Starting service [Tomcat]
2019-10-27 08:20:54,118 INFO org.apache.juli.logging.DirectJDKLog [main] Starting Servlet engine: [Apache Tomcat/9.0.22]
2019-10-27 08:20:54,690 INFO org.apache.juli.logging.DirectJDKLog [main] Initializing Spring embedded WebApplicationContext
2019-10-27 08:20:54,690 INFO org.springframework.boot.web.servlet.context.ServletWebServerApplicationContext [main] Root WebApplicationContext: initialization completed in 3446 ms
2019-10-27 08:20:55,047 INFO com.zaxxer.hikari.HikariDataSource [main] HikariPool-1 - Starting...
2019-10-27 08:20:55,314 INFO com.zaxxer.hikari.HikariDataSource [main] HikariPool-1 - Start completed.
2019-10-27 08:20:55,398 INFO org.hibernate.jpa.internal.util.LogHelper [main] HHH000204: Processing PersistenceUnitInfo [
	name: default
	...]
2019-10-27 08:20:55,518 INFO org.hibernate.Version [main] HHH000412: Hibernate Core {5.3.10.Final}
2019-10-27 08:20:55,521 INFO org.hibernate.cfg.Environment [main] HHH000206: hibernate.properties not found
2019-10-27 08:20:55,781 INFO org.hibernate.annotations.common.reflection.java.JavaReflectionManager [main] HCANN000001: Hibernate Commons Annotations {5.0.4.Final}
2019-10-27 08:20:56,018 INFO org.hibernate.dialect.Dialect [main] HHH000400: Using dialect: org.hibernate.dialect.MySQL5Dialect
2019-10-27 08:21:01,206 INFO org.hibernate.tool.schema.internal.SchemaCreatorImpl [main] HHH000476: Executing import script 'org.hibernate.tool.schema.internal.exec.ScriptSourceInputNonExistentImpl@1c92a549'
2019-10-27 08:21:01,212 INFO org.springframework.orm.jpa.AbstractEntityManagerFactoryBean [main] Initialized JPA EntityManagerFactory for persistence unit 'default'
2019-10-27 08:21:01,778 DEBUG org.springframework.web.filter.GenericFilterBean [main] Filter 'authenticationJwtTokenFilter' configured for use
2019-10-27 08:21:02,785 WARN org.springframework.boot.autoconfigure.orm.jpa.JpaBaseConfiguration$JpaWebConfiguration$JpaWebMvcConfiguration [main] spring.jpa.open-in-view is enabled by default. Therefore, database queries may be performed during view rendering. Explicitly configure spring.jpa.open-in-view to disable this warning
2019-10-27 08:21:02,864 INFO org.springframework.boot.autoconfigure.web.servlet.WelcomePageHandlerMapping [main] Adding welcome page: class path resource [static/index.html]
2019-10-27 08:21:02,896 INFO org.springframework.security.web.DefaultSecurityFilterChain [main] Creating filter chain: any request, [org.springframework.security.web.context.request.async.WebAsyncManagerIntegrationFilter@7747cc1b, org.springframework.security.web.context.SecurityContextPersistenceFilter@5dd3727c, org.springframework.security.web.header.HeaderWriterFilter@71ee2fff, org.springframework.web.filter.CorsFilter@76cf91c9, org.springframework.security.web.authentication.logout.LogoutFilter@1f3361e9, com.promist.logistics.security.JwtAuthTokenFilter@304744a1, org.springframework.security.web.savedrequest.RequestCacheAwareFilter@229cb4d8, org.springframework.security.web.servletapi.SecurityContextHolderAwareRequestFilter@7d3bcd3, org.springframework.security.web.authentication.AnonymousAuthenticationFilter@74bfdd66, org.springframework.security.web.session.SessionManagementFilter@2f8f40cc, org.springframework.security.web.access.ExceptionTranslationFilter@d978ab9, org.springframework.security.web.access.intercept.FilterSecurityInterceptor@7404aff2]
2019-10-27 08:21:03,084 INFO org.springframework.scheduling.concurrent.ExecutorConfigurationSupport [main] Initializing ExecutorService 'applicationTaskExecutor'
2019-10-27 08:21:03,360 INFO org.apache.juli.logging.DirectJDKLog [main] Starting ProtocolHandler ["http-nio-8080"]
2019-10-27 08:21:03,407 INFO org.springframework.boot.web.embedded.tomcat.TomcatWebServer [main] Tomcat started on port(s): 8080 (http) with context path ''
2019-10-27 08:21:03,411 INFO org.springframework.boot.StartupInfoLogger [main] Started LogisticsApplication in 12.878 seconds (JVM running for 14.916)
2019-10-27 08:22:47,400 INFO org.apache.juli.logging.DirectJDKLog [http-nio-8080-exec-3] Initializing Spring DispatcherServlet 'dispatcherServlet'
2019-10-27 08:22:47,401 INFO org.springframework.web.servlet.FrameworkServlet [http-nio-8080-exec-3] Initializing Servlet 'dispatcherServlet'
2019-10-27 08:22:47,410 INFO org.springframework.web.servlet.FrameworkServlet [http-nio-8080-exec-3] Completed initialization in 9 ms
2019-10-27 08:22:47,746 INFO org.hibernate.hql.internal.QueryTranslatorFactoryInitiator [http-nio-8080-exec-2] HHH000397: Using ASTQueryTranslatorFactory
