2019-12-03 09:30:17,937 INFO org.springframework.boot.StartupInfoLogger [main] Starting LogisticsApplication on MKIT_LENOVO41 with PID 20376 (C:\Users\ndimsic\Desktop\promist-logistics\server\target\classes started by ndimsic in C:\Users\ndimsic\Desktop\promist-logistics\server)
2019-12-03 09:30:17,943 DEBUG org.springframework.boot.StartupInfoLogger [main] Running with Spring Boot v2.1.7.RELEASE, Spring v5.1.9.RELEASE
2019-12-03 09:30:17,944 INFO org.springframework.boot.SpringApplication [main] No active profile set, falling back to default profiles: default
2019-12-03 09:30:19,705 INFO org.springframework.data.repository.config.RepositoryConfigurationDelegate [main] Bootstrapping Spring Data repositories in DEFAULT mode.
2019-12-03 09:30:19,918 INFO org.springframework.data.repository.config.RepositoryConfigurationDelegate [main] Finished Spring Data repository scanning in 194ms. Found 11 repository interfaces.
2019-12-03 09:30:20,435 INFO org.springframework.context.support.PostProcessorRegistrationDelegate$BeanPostProcessorChecker [main] Bean 'org.springframework.transaction.annotation.ProxyTransactionManagementConfiguration' of type [org.springframework.transaction.annotation.ProxyTransactionManagementConfiguration$$EnhancerBySpringCGLIB$$76b41c0d] is not eligible for getting processed by all BeanPostProcessors (for example: not eligible for auto-proxying)
2019-12-03 09:30:20,495 INFO org.springframework.context.support.PostProcessorRegistrationDelegate$BeanPostProcessorChecker [main] Bean 'org.springframework.security.config.annotation.configuration.ObjectPostProcessorConfiguration' of type [org.springframework.security.config.annotation.configuration.ObjectPostProcessorConfiguration$$EnhancerBySpringCGLIB$$f61e447] is not eligible for getting processed by all BeanPostProcessors (for example: not eligible for auto-proxying)
2019-12-03 09:30:20,502 INFO org.springframework.context.support.PostProcessorRegistrationDelegate$BeanPostProcessorChecker [main] Bean 'objectPostProcessor' of type [org.springframework.security.config.annotation.configuration.AutowireBeanFactoryObjectPostProcessor] is not eligible for getting processed by all BeanPostProcessors (for example: not eligible for auto-proxying)
2019-12-03 09:30:20,505 INFO org.springframework.context.support.PostProcessorRegistrationDelegate$BeanPostProcessorChecker [main] Bean 'org.springframework.security.access.expression.method.DefaultMethodSecurityExpressionHandler@5ca1f591' of type [org.springframework.security.access.expression.method.DefaultMethodSecurityExpressionHandler] is not eligible for getting processed by all BeanPostProcessors (for example: not eligible for auto-proxying)
2019-12-03 09:30:20,508 INFO org.springframework.context.support.PostProcessorRegistrationDelegate$BeanPostProcessorChecker [main] Bean 'org.springframework.security.config.annotation.method.configuration.GlobalMethodSecurityConfiguration' of type [org.springframework.security.config.annotation.method.configuration.GlobalMethodSecurityConfiguration$$EnhancerBySpringCGLIB$$343686f9] is not eligible for getting processed by all BeanPostProcessors (for example: not eligible for auto-proxying)
2019-12-03 09:30:20,513 INFO org.springframework.context.support.PostProcessorRegistrationDelegate$BeanPostProcessorChecker [main] Bean 'methodSecurityMetadataSource' of type [org.springframework.security.access.method.DelegatingMethodSecurityMetadataSource] is not eligible for getting processed by all BeanPostProcessors (for example: not eligible for auto-proxying)
2019-12-03 09:30:21,344 INFO org.springframework.boot.web.embedded.tomcat.TomcatWebServer [main] Tomcat initialized with port(s): 8080 (http)
2019-12-03 09:30:21,367 INFO org.apache.juli.logging.DirectJDKLog [main] Initializing ProtocolHandler ["http-nio-8080"]
2019-12-03 09:30:21,385 INFO org.apache.juli.logging.DirectJDKLog [main] Starting service [Tomcat]
2019-12-03 09:30:21,386 INFO org.apache.juli.logging.DirectJDKLog [main] Starting Servlet engine: [Apache Tomcat/9.0.22]
2019-12-03 09:30:21,615 INFO org.apache.juli.logging.DirectJDKLog [main] Initializing Spring embedded WebApplicationContext
2019-12-03 09:30:21,616 INFO org.springframework.boot.web.servlet.context.ServletWebServerApplicationContext [main] Root WebApplicationContext: initialization completed in 3595 ms
2019-12-03 09:30:22,057 INFO com.zaxxer.hikari.HikariDataSource [main] HikariPool-1 - Starting...
2019-12-03 09:30:22,367 INFO com.zaxxer.hikari.HikariDataSource [main] HikariPool-1 - Start completed.
2019-12-03 09:30:22,464 INFO org.hibernate.jpa.internal.util.LogHelper [main] HHH000204: Processing PersistenceUnitInfo [
	name: default
	...]
2019-12-03 09:30:22,602 INFO org.hibernate.Version [main] HHH000412: Hibernate Core {5.3.10.Final}
2019-12-03 09:30:22,606 INFO org.hibernate.cfg.Environment [main] HHH000206: hibernate.properties not found
2019-12-03 09:30:22,875 INFO org.hibernate.annotations.common.reflection.java.JavaReflectionManager [main] HCANN000001: Hibernate Commons Annotations {5.0.4.Final}
2019-12-03 09:30:23,163 INFO org.hibernate.dialect.Dialect [main] HHH000400: Using dialect: org.hibernate.dialect.MySQL5Dialect
2019-12-03 09:30:28,354 INFO org.hibernate.tool.schema.internal.SchemaCreatorImpl [main] HHH000476: Executing import script 'org.hibernate.tool.schema.internal.exec.ScriptSourceInputNonExistentImpl@110620d'
2019-12-03 09:30:28,360 INFO org.springframework.orm.jpa.AbstractEntityManagerFactoryBean [main] Initialized JPA EntityManagerFactory for persistence unit 'default'
2019-12-03 09:30:28,981 DEBUG org.springframework.web.filter.GenericFilterBean [main] Filter 'authenticationJwtTokenFilter' configured for use
2019-12-03 09:30:29,904 WARN org.springframework.boot.autoconfigure.orm.jpa.JpaBaseConfiguration$JpaWebConfiguration$JpaWebMvcConfiguration [main] spring.jpa.open-in-view is enabled by default. Therefore, database queries may be performed during view rendering. Explicitly configure spring.jpa.open-in-view to disable this warning
2019-12-03 09:30:29,972 INFO org.springframework.boot.autoconfigure.web.servlet.WelcomePageHandlerMapping [main] Adding welcome page: class path resource [static/index.html]
2019-12-03 09:30:30,002 INFO org.springframework.security.web.DefaultSecurityFilterChain [main] Creating filter chain: any request, [org.springframework.security.web.context.request.async.WebAsyncManagerIntegrationFilter@5c5f12e, org.springframework.security.web.context.SecurityContextPersistenceFilter@20a946d9, org.springframework.security.web.header.HeaderWriterFilter@6e0d058a, org.springframework.web.filter.CorsFilter@23f8036d, org.springframework.security.web.authentication.logout.LogoutFilter@6c9151c1, com.promist.logistics.security.JwtAuthTokenFilter@6be50b35, org.springframework.security.web.savedrequest.RequestCacheAwareFilter@4cadd4d4, org.springframework.security.web.servletapi.SecurityContextHolderAwareRequestFilter@199806aa, org.springframework.security.web.authentication.AnonymousAuthenticationFilter@68f69ca3, org.springframework.security.web.session.SessionManagementFilter@21d8da75, org.springframework.security.web.access.ExceptionTranslationFilter@1214c98b, org.springframework.security.web.access.intercept.FilterSecurityInterceptor@417446d9]
2019-12-03 09:30:30,205 INFO org.springframework.scheduling.concurrent.ExecutorConfigurationSupport [main] Initializing ExecutorService 'applicationTaskExecutor'
2019-12-03 09:30:30,509 INFO org.apache.juli.logging.DirectJDKLog [main] Starting ProtocolHandler ["http-nio-8080"]
2019-12-03 09:30:30,560 INFO org.springframework.boot.web.embedded.tomcat.TomcatWebServer [main] Tomcat started on port(s): 8080 (http) with context path ''
2019-12-03 09:30:30,564 INFO org.springframework.boot.StartupInfoLogger [main] Started LogisticsApplication in 13.295 seconds (JVM running for 15.332)
2019-12-03 09:32:43,397 INFO org.apache.juli.logging.DirectJDKLog [http-nio-8080-exec-1] Initializing Spring DispatcherServlet 'dispatcherServlet'
2019-12-03 09:32:43,403 INFO org.springframework.web.servlet.FrameworkServlet [http-nio-8080-exec-1] Initializing Servlet 'dispatcherServlet'
2019-12-03 09:32:43,460 INFO org.springframework.web.servlet.FrameworkServlet [http-nio-8080-exec-1] Completed initialization in 57 ms
2019-12-03 09:32:44,074 INFO org.hibernate.hql.internal.QueryTranslatorFactoryInitiator [http-nio-8080-exec-2] HHH000397: Using ASTQueryTranslatorFactory
2019-12-03 09:33:42,986 INFO com.promist.logistics.service.MarlepServiceImpl [http-nio-8080-exec-4] USPESNO->Datum:2019-12-03 Smer:izlaz  Kolicina23.75 Novo stanje:6246.85 Magacin:Pančevo, Prvomajska 10 Pakovanje:25/1 Roba:UREA 46%N Lot:1-2019 Korisnik:1
2019-12-03 09:33:43,023 INFO com.promist.logistics.controller.MarlepController [http-nio-8080-exec-4] USPESNO->Datum:2019-12-02Smer:izlaz  Kolicina23.75 Novo stanje:6246.85 Magacin:Pančevo, Prvomajska 10 Pakovanje:25/1 Roba:UREA 46%N Lot:1-2019 Korisnik:1
