2020-03-11 19:12:59,135 INFO org.springframework.boot.StartupInfoLogger [main] Starting LogisticsApplication on MKIT_LENOVO41 with PID 11320 (C:\Users\ndimsic\Desktop\promist-logistics\server\target\classes started by ndimsic in C:\Users\ndimsic\Desktop\promist-logistics\server)
2020-03-11 19:12:59,141 DEBUG org.springframework.boot.StartupInfoLogger [main] Running with Spring Boot v2.1.7.RELEASE, Spring v5.1.9.RELEASE
2020-03-11 19:12:59,142 INFO org.springframework.boot.SpringApplication [main] No active profile set, falling back to default profiles: default
2020-03-11 19:13:00,677 INFO org.springframework.data.repository.config.RepositoryConfigurationDelegate [main] Bootstrapping Spring Data repositories in DEFAULT mode.
2020-03-11 19:13:00,878 INFO org.springframework.data.repository.config.RepositoryConfigurationDelegate [main] Finished Spring Data repository scanning in 182ms. Found 12 repository interfaces.
2020-03-11 19:13:01,555 INFO org.springframework.context.support.PostProcessorRegistrationDelegate$BeanPostProcessorChecker [main] Bean 'org.springframework.transaction.annotation.ProxyTransactionManagementConfiguration' of type [org.springframework.transaction.annotation.ProxyTransactionManagementConfiguration$$EnhancerBySpringCGLIB$$6c0df99f] is not eligible for getting processed by all BeanPostProcessors (for example: not eligible for auto-proxying)
2020-03-11 19:13:01,607 INFO org.springframework.context.support.PostProcessorRegistrationDelegate$BeanPostProcessorChecker [main] Bean 'org.springframework.security.config.annotation.configuration.ObjectPostProcessorConfiguration' of type [org.springframework.security.config.annotation.configuration.ObjectPostProcessorConfiguration$$EnhancerBySpringCGLIB$$4bbc1d9] is not eligible for getting processed by all BeanPostProcessors (for example: not eligible for auto-proxying)
2020-03-11 19:13:01,614 INFO org.springframework.context.support.PostProcessorRegistrationDelegate$BeanPostProcessorChecker [main] Bean 'objectPostProcessor' of type [org.springframework.security.config.annotation.configuration.AutowireBeanFactoryObjectPostProcessor] is not eligible for getting processed by all BeanPostProcessors (for example: not eligible for auto-proxying)
2020-03-11 19:13:01,616 INFO org.springframework.context.support.PostProcessorRegistrationDelegate$BeanPostProcessorChecker [main] Bean 'org.springframework.security.access.expression.method.DefaultMethodSecurityExpressionHandler@40ab8a8' of type [org.springframework.security.access.expression.method.DefaultMethodSecurityExpressionHandler] is not eligible for getting processed by all BeanPostProcessors (for example: not eligible for auto-proxying)
2020-03-11 19:13:01,618 INFO org.springframework.context.support.PostProcessorRegistrationDelegate$BeanPostProcessorChecker [main] Bean 'org.springframework.security.config.annotation.method.configuration.GlobalMethodSecurityConfiguration' of type [org.springframework.security.config.annotation.method.configuration.GlobalMethodSecurityConfiguration$$EnhancerBySpringCGLIB$$2990648b] is not eligible for getting processed by all BeanPostProcessors (for example: not eligible for auto-proxying)
2020-03-11 19:13:01,624 INFO org.springframework.context.support.PostProcessorRegistrationDelegate$BeanPostProcessorChecker [main] Bean 'methodSecurityMetadataSource' of type [org.springframework.security.access.method.DelegatingMethodSecurityMetadataSource] is not eligible for getting processed by all BeanPostProcessors (for example: not eligible for auto-proxying)
2020-03-11 19:13:02,704 INFO org.springframework.boot.web.embedded.tomcat.TomcatWebServer [main] Tomcat initialized with port(s): 8080 (http)
2020-03-11 19:13:02,744 INFO org.apache.juli.logging.DirectJDKLog [main] Initializing ProtocolHandler ["http-nio-8080"]
2020-03-11 19:13:02,769 INFO org.apache.juli.logging.DirectJDKLog [main] Starting service [Tomcat]
2020-03-11 19:13:02,769 INFO org.apache.juli.logging.DirectJDKLog [main] Starting Servlet engine: [Apache Tomcat/9.0.22]
2020-03-11 19:13:03,109 INFO org.apache.juli.logging.DirectJDKLog [main] Initializing Spring embedded WebApplicationContext
2020-03-11 19:13:03,110 INFO org.springframework.boot.web.servlet.context.ServletWebServerApplicationContext [main] Root WebApplicationContext: initialization completed in 3909 ms
2020-03-11 19:13:03,877 INFO com.zaxxer.hikari.HikariDataSource [main] HikariPool-1 - Starting...
2020-03-11 19:13:04,421 INFO com.zaxxer.hikari.HikariDataSource [main] HikariPool-1 - Start completed.
2020-03-11 19:13:04,694 INFO org.hibernate.jpa.internal.util.LogHelper [main] HHH000204: Processing PersistenceUnitInfo [
	name: default
	...]
2020-03-11 19:13:04,899 INFO org.hibernate.Version [main] HHH000412: Hibernate Core {5.3.10.Final}
2020-03-11 19:13:04,905 INFO org.hibernate.cfg.Environment [main] HHH000206: hibernate.properties not found
2020-03-11 19:13:05,296 INFO org.hibernate.annotations.common.reflection.java.JavaReflectionManager [main] HCANN000001: Hibernate Commons Annotations {5.0.4.Final}
2020-03-11 19:13:05,744 INFO org.hibernate.dialect.Dialect [main] HHH000400: Using dialect: org.hibernate.dialect.MySQL5Dialect
2020-03-11 19:13:15,246 INFO org.springframework.orm.jpa.AbstractEntityManagerFactoryBean [main] Initialized JPA EntityManagerFactory for persistence unit 'default'
2020-03-11 19:13:16,107 DEBUG org.springframework.web.filter.GenericFilterBean [main] Filter 'authenticationJwtTokenFilter' configured for use
2020-03-11 19:13:17,353 WARN org.springframework.boot.autoconfigure.orm.jpa.JpaBaseConfiguration$JpaWebConfiguration$JpaWebMvcConfiguration [main] spring.jpa.open-in-view is enabled by default. Therefore, database queries may be performed during view rendering. Explicitly configure spring.jpa.open-in-view to disable this warning
2020-03-11 19:13:17,492 INFO org.springframework.boot.autoconfigure.web.servlet.WelcomePageHandlerMapping [main] Adding welcome page: class path resource [static/index.html]
2020-03-11 19:13:17,535 INFO org.springframework.security.web.DefaultSecurityFilterChain [main] Creating filter chain: any request, [org.springframework.security.web.context.request.async.WebAsyncManagerIntegrationFilter@517bdce0, org.springframework.security.web.context.SecurityContextPersistenceFilter@1ab9c735, org.springframework.security.web.header.HeaderWriterFilter@683fe7b5, org.springframework.web.filter.CorsFilter@7c0b0bd9, org.springframework.security.web.authentication.logout.LogoutFilter@37e491e2, com.promist.logistics.security.JwtAuthTokenFilter@11adab6d, org.springframework.security.web.savedrequest.RequestCacheAwareFilter@464a3430, org.springframework.security.web.servletapi.SecurityContextHolderAwareRequestFilter@11e24688, org.springframework.security.web.authentication.AnonymousAuthenticationFilter@6150afc6, org.springframework.security.web.session.SessionManagementFilter@31433df9, org.springframework.security.web.access.ExceptionTranslationFilter@7ef4aceb, org.springframework.security.web.access.intercept.FilterSecurityInterceptor@451af781]
2020-03-11 19:13:17,724 INFO org.springframework.scheduling.concurrent.ExecutorConfigurationSupport [main] Initializing ExecutorService 'applicationTaskExecutor'
2020-03-11 19:13:18,103 INFO org.apache.juli.logging.DirectJDKLog [main] Starting ProtocolHandler ["http-nio-8080"]
2020-03-11 19:13:18,158 INFO org.springframework.boot.web.embedded.tomcat.TomcatWebServer [main] Tomcat started on port(s): 8080 (http) with context path ''
2020-03-11 19:13:18,162 INFO org.springframework.boot.StartupInfoLogger [main] Started LogisticsApplication in 19.68 seconds (JVM running for 20.212)
2020-03-11 19:13:52,830 INFO org.apache.juli.logging.DirectJDKLog [http-nio-8080-exec-1] Initializing Spring DispatcherServlet 'dispatcherServlet'
2020-03-11 19:13:52,831 INFO org.springframework.web.servlet.FrameworkServlet [http-nio-8080-exec-1] Initializing Servlet 'dispatcherServlet'
2020-03-11 19:13:52,850 INFO org.springframework.web.servlet.FrameworkServlet [http-nio-8080-exec-1] Completed initialization in 18 ms
2020-03-11 19:13:54,138 INFO org.hibernate.hql.internal.QueryTranslatorFactoryInitiator [http-nio-8080-exec-2] HHH000397: Using ASTQueryTranslatorFactory
2020-03-11 19:13:54,720 WARN org.springframework.web.servlet.handler.AbstractHandlerExceptionResolver [http-nio-8080-exec-2] Resolved [org.springframework.http.converter.HttpMessageNotReadableException: JSON parse error: Cannot deserialize value of type `long` from String "undefined": not a valid Long value; nested exception is com.fasterxml.jackson.databind.exc.InvalidFormatException: Cannot deserialize value of type `long` from String "undefined": not a valid Long value
 at [Source: (PushbackInputStream); line: 1, column: 14] (through reference chain: com.promist.logistics.dto.MerilDTO["magacinId"])]
2020-03-11 19:17:11,840 INFO org.springframework.boot.StartupInfoLogger [main] Starting LogisticsApplication on MKIT_LENOVO41 with PID 18280 (C:\Users\ndimsic\Desktop\promist-logistics\server\target\classes started by ndimsic in C:\Users\ndimsic\Desktop\promist-logistics\server)
2020-03-11 19:17:11,881 DEBUG org.springframework.boot.StartupInfoLogger [main] Running with Spring Boot v2.1.7.RELEASE, Spring v5.1.9.RELEASE
2020-03-11 19:17:11,887 INFO org.springframework.boot.SpringApplication [main] No active profile set, falling back to default profiles: default
2020-03-11 19:17:15,249 INFO org.springframework.data.repository.config.RepositoryConfigurationDelegate [main] Bootstrapping Spring Data repositories in DEFAULT mode.
2020-03-11 19:17:15,601 INFO org.springframework.data.repository.config.RepositoryConfigurationDelegate [main] Finished Spring Data repository scanning in 324ms. Found 12 repository interfaces.
2020-03-11 19:17:16,962 INFO org.springframework.context.support.PostProcessorRegistrationDelegate$BeanPostProcessorChecker [main] Bean 'org.springframework.transaction.annotation.ProxyTransactionManagementConfiguration' of type [org.springframework.transaction.annotation.ProxyTransactionManagementConfiguration$$EnhancerBySpringCGLIB$$b5e60170] is not eligible for getting processed by all BeanPostProcessors (for example: not eligible for auto-proxying)
2020-03-11 19:17:17,093 INFO org.springframework.context.support.PostProcessorRegistrationDelegate$BeanPostProcessorChecker [main] Bean 'org.springframework.security.config.annotation.configuration.ObjectPostProcessorConfiguration' of type [org.springframework.security.config.annotation.configuration.ObjectPostProcessorConfiguration$$EnhancerBySpringCGLIB$$4e93c9aa] is not eligible for getting processed by all BeanPostProcessors (for example: not eligible for auto-proxying)
2020-03-11 19:17:17,118 INFO org.springframework.context.support.PostProcessorRegistrationDelegate$BeanPostProcessorChecker [main] Bean 'objectPostProcessor' of type [org.springframework.security.config.annotation.configuration.AutowireBeanFactoryObjectPostProcessor] is not eligible for getting processed by all BeanPostProcessors (for example: not eligible for auto-proxying)
2020-03-11 19:17:17,123 INFO org.springframework.context.support.PostProcessorRegistrationDelegate$BeanPostProcessorChecker [main] Bean 'org.springframework.security.access.expression.method.DefaultMethodSecurityExpressionHandler@697a34af' of type [org.springframework.security.access.expression.method.DefaultMethodSecurityExpressionHandler] is not eligible for getting processed by all BeanPostProcessors (for example: not eligible for auto-proxying)
2020-03-11 19:17:17,130 INFO org.springframework.context.support.PostProcessorRegistrationDelegate$BeanPostProcessorChecker [main] Bean 'org.springframework.security.config.annotation.method.configuration.GlobalMethodSecurityConfiguration' of type [org.springframework.security.config.annotation.method.configuration.GlobalMethodSecurityConfiguration$$EnhancerBySpringCGLIB$$73686c5c] is not eligible for getting processed by all BeanPostProcessors (for example: not eligible for auto-proxying)
2020-03-11 19:17:17,149 INFO org.springframework.context.support.PostProcessorRegistrationDelegate$BeanPostProcessorChecker [main] Bean 'methodSecurityMetadataSource' of type [org.springframework.security.access.method.DelegatingMethodSecurityMetadataSource] is not eligible for getting processed by all BeanPostProcessors (for example: not eligible for auto-proxying)
2020-03-11 19:17:19,381 INFO org.springframework.boot.web.embedded.tomcat.TomcatWebServer [main] Tomcat initialized with port(s): 8080 (http)
2020-03-11 19:17:19,444 INFO org.apache.juli.logging.DirectJDKLog [main] Initializing ProtocolHandler ["http-nio-8080"]
2020-03-11 19:17:19,482 INFO org.apache.juli.logging.DirectJDKLog [main] Starting service [Tomcat]
2020-03-11 19:17:19,483 INFO org.apache.juli.logging.DirectJDKLog [main] Starting Servlet engine: [Apache Tomcat/9.0.22]
2020-03-11 19:17:19,846 INFO org.apache.juli.logging.DirectJDKLog [main] Initializing Spring embedded WebApplicationContext
2020-03-11 19:17:19,847 INFO org.springframework.boot.web.servlet.context.ServletWebServerApplicationContext [main] Root WebApplicationContext: initialization completed in 7718 ms
2020-03-11 19:17:20,641 INFO com.zaxxer.hikari.HikariDataSource [main] HikariPool-1 - Starting...
2020-03-11 19:17:21,171 INFO com.zaxxer.hikari.HikariDataSource [main] HikariPool-1 - Start completed.
2020-03-11 19:17:21,377 INFO org.hibernate.jpa.internal.util.LogHelper [main] HHH000204: Processing PersistenceUnitInfo [
	name: default
	...]
2020-03-11 19:17:21,677 INFO org.hibernate.Version [main] HHH000412: Hibernate Core {5.3.10.Final}
2020-03-11 19:17:21,684 INFO org.hibernate.cfg.Environment [main] HHH000206: hibernate.properties not found
2020-03-11 19:17:22,169 INFO org.hibernate.annotations.common.reflection.java.JavaReflectionManager [main] HCANN000001: Hibernate Commons Annotations {5.0.4.Final}
2020-03-11 19:17:22,768 INFO org.hibernate.dialect.Dialect [main] HHH000400: Using dialect: org.hibernate.dialect.MySQL5Dialect
2020-03-11 19:17:34,900 INFO org.springframework.orm.jpa.AbstractEntityManagerFactoryBean [main] Initialized JPA EntityManagerFactory for persistence unit 'default'
2020-03-11 19:17:36,526 DEBUG org.springframework.web.filter.GenericFilterBean [main] Filter 'authenticationJwtTokenFilter' configured for use
2020-03-11 19:17:38,016 WARN org.springframework.boot.autoconfigure.orm.jpa.JpaBaseConfiguration$JpaWebConfiguration$JpaWebMvcConfiguration [main] spring.jpa.open-in-view is enabled by default. Therefore, database queries may be performed during view rendering. Explicitly configure spring.jpa.open-in-view to disable this warning
2020-03-11 19:17:38,197 INFO org.springframework.boot.autoconfigure.web.servlet.WelcomePageHandlerMapping [main] Adding welcome page: class path resource [static/index.html]
2020-03-11 19:17:38,258 INFO org.springframework.security.web.DefaultSecurityFilterChain [main] Creating filter chain: any request, [org.springframework.security.web.context.request.async.WebAsyncManagerIntegrationFilter@57edfa89, org.springframework.security.web.context.SecurityContextPersistenceFilter@df34b01, org.springframework.security.web.header.HeaderWriterFilter@47800bd7, org.springframework.web.filter.CorsFilter@6c0bf8f4, org.springframework.security.web.authentication.logout.LogoutFilter@3fc2e100, com.promist.logistics.security.JwtAuthTokenFilter@519e67e, org.springframework.security.web.savedrequest.RequestCacheAwareFilter@f31b991, org.springframework.security.web.servletapi.SecurityContextHolderAwareRequestFilter@65871cfd, org.springframework.security.web.authentication.AnonymousAuthenticationFilter@73476e2d, org.springframework.security.web.session.SessionManagementFilter@cce672c, org.springframework.security.web.access.ExceptionTranslationFilter@2dbc66f0, org.springframework.security.web.access.intercept.FilterSecurityInterceptor@319ea996]
2020-03-11 19:17:38,633 INFO org.springframework.scheduling.concurrent.ExecutorConfigurationSupport [main] Initializing ExecutorService 'applicationTaskExecutor'
2020-03-11 19:17:39,173 INFO org.apache.juli.logging.DirectJDKLog [main] Starting ProtocolHandler ["http-nio-8080"]
2020-03-11 19:17:39,252 INFO org.springframework.boot.web.embedded.tomcat.TomcatWebServer [main] Tomcat started on port(s): 8080 (http) with context path ''
2020-03-11 19:17:39,258 INFO org.springframework.boot.StartupInfoLogger [main] Started LogisticsApplication in 29.454 seconds (JVM running for 31.438)
2020-03-11 19:18:22,055 INFO org.apache.juli.logging.DirectJDKLog [http-nio-8080-exec-1] Initializing Spring DispatcherServlet 'dispatcherServlet'
2020-03-11 19:18:22,057 INFO org.springframework.web.servlet.FrameworkServlet [http-nio-8080-exec-1] Initializing Servlet 'dispatcherServlet'
2020-03-11 19:18:22,092 INFO org.springframework.web.servlet.FrameworkServlet [http-nio-8080-exec-1] Completed initialization in 34 ms
2020-03-11 19:18:23,350 INFO org.hibernate.hql.internal.QueryTranslatorFactoryInitiator [http-nio-8080-exec-1] HHH000397: Using ASTQueryTranslatorFactory
2020-03-11 19:18:24,104 WARN org.springframework.web.servlet.handler.AbstractHandlerExceptionResolver [http-nio-8080-exec-1] Resolved [org.springframework.http.converter.HttpMessageNotReadableException: JSON parse error: Cannot deserialize value of type `long` from String "undefined": not a valid Long value; nested exception is com.fasterxml.jackson.databind.exc.InvalidFormatException: Cannot deserialize value of type `long` from String "undefined": not a valid Long value
 at [Source: (PushbackInputStream); line: 1, column: 14] (through reference chain: com.promist.logistics.dto.MerilDTO["magacinId"])]
2020-03-11 19:18:48,440 WARN org.springframework.web.servlet.handler.AbstractHandlerExceptionResolver [http-nio-8080-exec-3] Resolved [org.springframework.http.converter.HttpMessageNotReadableException: JSON parse error: Cannot deserialize value of type `long` from String "undefined": not a valid Long value; nested exception is com.fasterxml.jackson.databind.exc.InvalidFormatException: Cannot deserialize value of type `long` from String "undefined": not a valid Long value
 at [Source: (PushbackInputStream); line: 1, column: 14] (through reference chain: com.promist.logistics.dto.MerilDTO["magacinId"])]
2020-03-11 19:20:51,737 WARN org.springframework.web.servlet.handler.AbstractHandlerExceptionResolver [http-nio-8080-exec-2] Resolved [org.springframework.http.converter.HttpMessageNotReadableException: JSON parse error: Cannot deserialize value of type `long` from String "undefined": not a valid Long value; nested exception is com.fasterxml.jackson.databind.exc.InvalidFormatException: Cannot deserialize value of type `long` from String "undefined": not a valid Long value
 at [Source: (PushbackInputStream); line: 1, column: 14] (through reference chain: com.promist.logistics.dto.MerilDTO["magacinId"])]
2020-03-11 19:33:25,626 WARN org.springframework.web.servlet.handler.AbstractHandlerExceptionResolver [http-nio-8080-exec-5] Resolved [org.springframework.http.converter.HttpMessageNotReadableException: JSON parse error: Cannot deserialize value of type `long` from String "undefined": not a valid Long value; nested exception is com.fasterxml.jackson.databind.exc.InvalidFormatException: Cannot deserialize value of type `long` from String "undefined": not a valid Long value
 at [Source: (PushbackInputStream); line: 1, column: 14] (through reference chain: com.promist.logistics.dto.MerilDTO["magacinId"])]
2020-03-11 19:34:00,889 INFO org.springframework.boot.StartupInfoLogger [main] Starting LogisticsApplication on MKIT_LENOVO41 with PID 17572 (C:\Users\ndimsic\Desktop\promist-logistics\server\target\classes started by ndimsic in C:\Users\ndimsic\Desktop\promist-logistics\server)
2020-03-11 19:34:00,893 DEBUG org.springframework.boot.StartupInfoLogger [main] Running with Spring Boot v2.1.7.RELEASE, Spring v5.1.9.RELEASE
2020-03-11 19:34:00,894 INFO org.springframework.boot.SpringApplication [main] No active profile set, falling back to default profiles: default
2020-03-11 19:34:02,196 INFO org.springframework.data.repository.config.RepositoryConfigurationDelegate [main] Bootstrapping Spring Data repositories in DEFAULT mode.
2020-03-11 19:34:02,407 INFO org.springframework.data.repository.config.RepositoryConfigurationDelegate [main] Finished Spring Data repository scanning in 195ms. Found 12 repository interfaces.
2020-03-11 19:34:02,982 INFO org.springframework.context.support.PostProcessorRegistrationDelegate$BeanPostProcessorChecker [main] Bean 'org.springframework.transaction.annotation.ProxyTransactionManagementConfiguration' of type [org.springframework.transaction.annotation.ProxyTransactionManagementConfiguration$$EnhancerBySpringCGLIB$$6eab30b4] is not eligible for getting processed by all BeanPostProcessors (for example: not eligible for auto-proxying)
2020-03-11 19:34:03,037 INFO org.springframework.context.support.PostProcessorRegistrationDelegate$BeanPostProcessorChecker [main] Bean 'org.springframework.security.config.annotation.configuration.ObjectPostProcessorConfiguration' of type [org.springframework.security.config.annotation.configuration.ObjectPostProcessorConfiguration$$EnhancerBySpringCGLIB$$758f8ee] is not eligible for getting processed by all BeanPostProcessors (for example: not eligible for auto-proxying)
2020-03-11 19:34:03,045 INFO org.springframework.context.support.PostProcessorRegistrationDelegate$BeanPostProcessorChecker [main] Bean 'objectPostProcessor' of type [org.springframework.security.config.annotation.configuration.AutowireBeanFactoryObjectPostProcessor] is not eligible for getting processed by all BeanPostProcessors (for example: not eligible for auto-proxying)
2020-03-11 19:34:03,048 INFO org.springframework.context.support.PostProcessorRegistrationDelegate$BeanPostProcessorChecker [main] Bean 'org.springframework.security.access.expression.method.DefaultMethodSecurityExpressionHandler@b558294' of type [org.springframework.security.access.expression.method.DefaultMethodSecurityExpressionHandler] is not eligible for getting processed by all BeanPostProcessors (for example: not eligible for auto-proxying)
2020-03-11 19:34:03,051 INFO org.springframework.context.support.PostProcessorRegistrationDelegate$BeanPostProcessorChecker [main] Bean 'org.springframework.security.config.annotation.method.configuration.GlobalMethodSecurityConfiguration' of type [org.springframework.security.config.annotation.method.configuration.GlobalMethodSecurityConfiguration$$EnhancerBySpringCGLIB$$2c2d9ba0] is not eligible for getting processed by all BeanPostProcessors (for example: not eligible for auto-proxying)
2020-03-11 19:34:03,056 INFO org.springframework.context.support.PostProcessorRegistrationDelegate$BeanPostProcessorChecker [main] Bean 'methodSecurityMetadataSource' of type [org.springframework.security.access.method.DelegatingMethodSecurityMetadataSource] is not eligible for getting processed by all BeanPostProcessors (for example: not eligible for auto-proxying)
2020-03-11 19:34:04,248 INFO org.springframework.boot.web.embedded.tomcat.TomcatWebServer [main] Tomcat initialized with port(s): 8080 (http)
2020-03-11 19:34:04,295 INFO org.apache.juli.logging.DirectJDKLog [main] Initializing ProtocolHandler ["http-nio-8080"]
2020-03-11 19:34:04,317 INFO org.apache.juli.logging.DirectJDKLog [main] Starting service [Tomcat]
2020-03-11 19:34:04,317 INFO org.apache.juli.logging.DirectJDKLog [main] Starting Servlet engine: [Apache Tomcat/9.0.22]
2020-03-11 19:34:04,789 INFO org.apache.juli.logging.DirectJDKLog [main] Initializing Spring embedded WebApplicationContext
2020-03-11 19:34:04,791 INFO org.springframework.boot.web.servlet.context.ServletWebServerApplicationContext [main] Root WebApplicationContext: initialization completed in 3846 ms
2020-03-11 19:34:05,458 INFO com.zaxxer.hikari.HikariDataSource [main] HikariPool-1 - Starting...
2020-03-11 19:34:05,903 INFO com.zaxxer.hikari.HikariDataSource [main] HikariPool-1 - Start completed.
2020-03-11 19:34:06,080 INFO org.hibernate.jpa.internal.util.LogHelper [main] HHH000204: Processing PersistenceUnitInfo [
	name: default
	...]
2020-03-11 19:34:06,300 INFO org.hibernate.Version [main] HHH000412: Hibernate Core {5.3.10.Final}
2020-03-11 19:34:06,307 INFO org.hibernate.cfg.Environment [main] HHH000206: hibernate.properties not found
2020-03-11 19:34:06,763 INFO org.hibernate.annotations.common.reflection.java.JavaReflectionManager [main] HCANN000001: Hibernate Commons Annotations {5.0.4.Final}
2020-03-11 19:34:07,257 INFO org.hibernate.dialect.Dialect [main] HHH000400: Using dialect: org.hibernate.dialect.MySQL5Dialect
2020-03-11 19:34:16,598 INFO org.springframework.orm.jpa.AbstractEntityManagerFactoryBean [main] Initialized JPA EntityManagerFactory for persistence unit 'default'
2020-03-11 19:34:17,589 DEBUG org.springframework.web.filter.GenericFilterBean [main] Filter 'authenticationJwtTokenFilter' configured for use
2020-03-11 19:34:19,036 WARN org.springframework.boot.autoconfigure.orm.jpa.JpaBaseConfiguration$JpaWebConfiguration$JpaWebMvcConfiguration [main] spring.jpa.open-in-view is enabled by default. Therefore, database queries may be performed during view rendering. Explicitly configure spring.jpa.open-in-view to disable this warning
2020-03-11 19:34:19,186 INFO org.springframework.boot.autoconfigure.web.servlet.WelcomePageHandlerMapping [main] Adding welcome page: class path resource [static/index.html]
2020-03-11 19:34:19,237 INFO org.springframework.security.web.DefaultSecurityFilterChain [main] Creating filter chain: any request, [org.springframework.security.web.context.request.async.WebAsyncManagerIntegrationFilter@2a259f6f, org.springframework.security.web.context.SecurityContextPersistenceFilter@3aca2579, org.springframework.security.web.header.HeaderWriterFilter@58b5f7d2, org.springframework.web.filter.CorsFilter@7ccf6114, org.springframework.security.web.authentication.logout.LogoutFilter@31433df9, com.promist.logistics.security.JwtAuthTokenFilter@7c8df667, org.springframework.security.web.savedrequest.RequestCacheAwareFilter@651cedfb, org.springframework.security.web.servletapi.SecurityContextHolderAwareRequestFilter@1818390b, org.springframework.security.web.authentication.AnonymousAuthenticationFilter@3df3410a, org.springframework.security.web.session.SessionManagementFilter@3ad2883a, org.springframework.security.web.access.ExceptionTranslationFilter@50fa5938, org.springframework.security.web.access.intercept.FilterSecurityInterceptor@5e80d5]
2020-03-11 19:34:19,544 INFO org.springframework.scheduling.concurrent.ExecutorConfigurationSupport [main] Initializing ExecutorService 'applicationTaskExecutor'
2020-03-11 19:34:19,992 INFO org.apache.juli.logging.DirectJDKLog [main] Starting ProtocolHandler ["http-nio-8080"]
2020-03-11 19:34:20,037 INFO org.springframework.boot.web.embedded.tomcat.TomcatWebServer [main] Tomcat started on port(s): 8080 (http) with context path ''
2020-03-11 19:34:20,041 INFO org.springframework.boot.StartupInfoLogger [main] Started LogisticsApplication in 19.785 seconds (JVM running for 22.28)
2020-03-11 20:18:35,162 INFO org.apache.juli.logging.DirectJDKLog [http-nio-8080-exec-1] Initializing Spring DispatcherServlet 'dispatcherServlet'
2020-03-11 20:18:35,162 INFO org.springframework.web.servlet.FrameworkServlet [http-nio-8080-exec-1] Initializing Servlet 'dispatcherServlet'
2020-03-11 20:18:35,189 INFO org.springframework.web.servlet.FrameworkServlet [http-nio-8080-exec-1] Completed initialization in 27 ms
2020-03-11 20:18:36,656 INFO org.hibernate.hql.internal.QueryTranslatorFactoryInitiator [http-nio-8080-exec-4] HHH000397: Using ASTQueryTranslatorFactory
